Config for player A : ./starter-bots/python3
./starter-bots/python3/
Successfully to resolved command: python3
Config for player B : ./starter-bots/java
./starter-bots/java/target
=======================================
Starting game
=======================================

=======================================
Starting round: 1 
=======================================

Error: Unable to access jarfile java-sample-bot-jar-with-dependencies.jar
My Player:H=350 S=116 W=1 X,Y=24,4
Player 2 :H=350 S=116

██████████████████████░░▓▓▓▓░░▓▓▓▓▓▓░░▓▓▓▓░░██████████████████████
████████████████▓▓▓▓░░░░░░▓▓▓▓▓▓▓▓▓▓▓▓▓▓░░░░░░▓▓▓▓████████████████
██████████████▓▓▓▓▓▓▓▓░░▓▓▓▓▓▓▓▓░░▓▓▓▓▓▓▓▓░░▓▓▓▓▓▓▓▓██████████████
████████████▓▓░░░░░░▓▓░░▓▓▓▓░░░░░░░░░░▓▓▓▓░░▓▓░░░░░░▓▓████████████
████████▓▓▓▓▓▓░░22░░▓▓░░░░▓▓░░░░▓▓░░░░▓▓░░░░▓▓░░11░░▓▓▓▓▓▓████████
████████░░░░▓▓░░░░░░▓▓░░░░▓▓░░▓▓▓▓▓▓░░▓▓░░░░▓▓░░░░░░▓▓░░░░████████
██████░░░░▓▓▓▓▓▓▓▓▓▓▓▓░░░░░░▓▓▓▓▓▓▓▓▓▓░░░░░░▓▓▓▓▓▓▓▓▓▓▓▓░░░░██████
████░░░░▓▓▓▓▓▓▓▓░░▓▓▓▓░░░░░░▓▓▓▓░░▓▓▓▓░░░░░░▓▓▓▓░░▓▓▓▓▓▓▓▓░░░░████
██▓▓░░▓▓▓▓▓▓▓▓░░░░▓▓▓▓▓▓░░░░▓▓▓▓░░▓▓▓▓░░░░▓▓▓▓▓▓░░░░▓▓▓▓▓▓▓▓░░▓▓██
██▓▓░░░░▓▓░░▓▓▓▓▓▓░░▓▓▓▓▓▓░░░░░░░░░░░░░░▓▓▓▓▓▓░░▓▓▓▓▓▓░░▓▓░░░░▓▓██
██░░░░▓▓▓▓░░░░▓▓░░░░▓▓▓▓▓▓░░░░░░░░░░░░░░▓▓▓▓▓▓░░░░▓▓░░░░▓▓▓▓░░░░██
░░░░▓▓▓▓▓▓▓▓░░░░░░░░▓▓▓▓▓▓░░░░░░▓▓░░░░░░▓▓▓▓▓▓░░░░░░░░▓▓▓▓▓▓▓▓░░░░
░░░░░░▓▓▓▓▓▓░░░░░░▓▓▓▓▓▓▓▓░░░░░░▓▓░░░░░░▓▓▓▓▓▓▓▓░░░░░░▓▓▓▓▓▓░░░░░░
▓▓▓▓▓▓▓▓▓▓▓▓░░░░░░░░▓▓▓▓░░▓▓▓▓▓▓▓▓▓▓▓▓▓▓░░▓▓▓▓░░░░░░░░▓▓▓▓▓▓▓▓▓▓▓▓
▓▓▓▓▓▓▓▓▓▓▓▓▓▓▓▓▓▓░░▓▓▓▓▓▓▓▓░░░░░░░░░░▓▓▓▓▓▓▓▓░░▓▓▓▓▓▓▓▓▓▓▓▓▓▓▓▓▓▓
░░░░░░▓▓░░▓▓▓▓▓▓▓▓▓▓▓▓▓▓▓▓▓▓╠╣░░░░░░░░▓▓▓▓▓▓▓▓▓▓▓▓▓▓▓▓▓▓░░▓▓░░░░░░
░░13░░▓▓▓▓▓▓▓▓░░▓▓▓▓▓▓▓▓▓▓▓▓▓▓░░░░░░▓▓▓▓▓▓▓▓▓▓▓▓▓▓░░▓▓▓▓▓▓▓▓░░23░░
░░░░░░▓▓▓▓▓▓░░░░░░▓▓▓▓▓▓░░░░░░░░░░░░╠╣░░░░▓▓▓▓▓▓░░░░░░▓▓▓▓▓▓░░░░░░
▓▓▓▓▓▓▓▓░░░░░░░░░░▓▓▓▓▓▓░░░░░░▓▓▓▓▓▓░░░░░░▓▓▓▓▓▓░░░░░░░░░░▓▓▓▓▓▓▓▓
▓▓▓▓▓▓░░░░░░░░▓▓▓▓░░▓▓▓▓▓▓▓▓░░░░▓▓░░░░▓▓▓▓▓▓▓▓░░▓▓▓▓░░░░░░░░▓▓▓▓▓▓
▓▓▓▓▓▓▓▓░░░░▓▓▓▓░░░░▓▓▓▓▓▓▓▓░░░░░░░░░░▓▓▓▓▓▓▓▓░░░░▓▓▓▓░░░░▓▓▓▓▓▓▓▓
░░░░▓▓▓▓░░░░▓▓▓▓░░░░▓▓▓▓▓▓▓▓▓▓▓▓░░▓▓▓▓▓▓▓▓▓▓▓▓░░░░▓▓▓▓░░░░▓▓▓▓░░░░
██▓▓▓▓▓▓░░▓▓▓▓▓▓░░░░▓▓░░░░▓▓▓▓▓▓░░▓▓▓▓▓▓░░░░▓▓░░░░▓▓▓▓▓▓░░▓▓▓▓▓▓██
██▓▓▓▓░░░░░░▓▓░░░░░░░░░░░░▓▓▓▓▓▓▓▓▓▓▓▓▓▓░░░░░░░░░░░░▓▓░░░░░░▓▓▓▓██
██░░░░░░░░░░▓▓░░░░░░░░░░▓▓▓▓░░░░▓▓░░░░▓▓▓▓░░░░░░░░░░▓▓░░░░░░░░░░██
████░░░░▓▓▓▓▓▓▓▓▓▓▓▓░░▓▓▓▓░░░░░░░░░░░░░░▓▓▓▓░░▓▓▓▓▓▓▓▓▓▓▓▓░░░░████
██████░░▓▓▓▓▓▓▓▓▓▓▓▓▓▓░░░░░░▓▓▓▓▓▓▓▓▓▓░░░░░░▓▓▓▓▓▓▓▓▓▓▓▓▓▓░░██████
████████▓▓▓▓▓▓░░░░░░▓▓░░░░░░▓▓▓▓▓▓▓▓▓▓░░░░░░▓▓░░░░░░▓▓▓▓▓▓████████
████████▓▓░░▓▓░░21░░▓▓▓▓░░▓▓▓▓░░░░░░▓▓▓▓░░▓▓▓▓░░12░░▓▓░░▓▓████████
████████████▓▓░░░░░░▓▓░░░░▓▓▓▓░░░░░░▓▓▓▓░░░░▓▓░░░░░░▓▓████████████
██████████████▓▓▓▓▓▓▓▓░░░░░░▓▓▓▓░░▓▓▓▓░░░░░░▓▓▓▓▓▓▓▓██████████████
████████████████▓▓▓▓▓▓▓▓▓▓▓▓▓▓▓▓░░▓▓▓▓▓▓▓▓▓▓▓▓▓▓▓▓████████████████
██████████████████████▓▓▓▓░░▓▓▓▓░░▓▓▓▓░░▓▓▓▓██████████████████████
Bot process failed
org.apache.commons.exec.ExecuteException: Process exited with an error: 1 (Exit value: 1)
	at org.apache.commons.exec.DefaultExecutor.executeInternal(DefaultExecutor.java:404) ~[game-runner-jar-with-dependencies.jar:?]
	at org.apache.commons.exec.DefaultExecutor.access$200(DefaultExecutor.java:48) ~[game-runner-jar-with-dependencies.jar:?]
	at org.apache.commons.exec.DefaultExecutor$1.run(DefaultExecutor.java:200) [game-runner-jar-with-dependencies.jar:?]
	at java.lang.Thread.run(Thread.java:748) [?:1.8.0_282]
Traceback (most recent call last):
  File "PythonStarterBot.py", line 9, in <module>
    from scipy.spatial import distance
ModuleNotFoundError: No module named 'scipy'
No command provided by bot. Falling back to default no command
Bot process failed
org.apache.commons.exec.ExecuteException: Process exited with an error: 1 (Exit value: 1)
	at org.apache.commons.exec.DefaultExecutor.executeInternal(DefaultExecutor.java:404) ~[game-runner-jar-with-dependencies.jar:?]
	at org.apache.commons.exec.DefaultExecutor.access$200(DefaultExecutor.java:48) ~[game-runner-jar-with-dependencies.jar:?]
	at org.apache.commons.exec.DefaultExecutor$1.run(DefaultExecutor.java:200) [game-runner-jar-with-dependencies.jar:?]
	at java.lang.Thread.run(Thread.java:748) [?:1.8.0_282]
No command provided by bot. Falling back to default no command
GameError - Player 1, worm 1, round 1: Unknown command: No Command
GameError - Player 2, worm 1, round 1: Unknown command: No Command
=======================================
Completed round: 1 
=======================================

=======================================
Starting round: 2 
=======================================

My Player:H=350 S=112 W=2 X,Y=24,28
Player 2 :H=350 S=112

██████████████████████░░▓▓▓▓░░▓▓▓▓▓▓░░▓▓▓▓░░██████████████████████
████████████████▓▓▓▓░░░░░░▓▓▓▓▓▓▓▓▓▓▓▓▓▓░░░░░░▓▓▓▓████████████████
██████████████▓▓▓▓▓▓▓▓░░▓▓▓▓▓▓▓▓░░▓▓▓▓▓▓▓▓░░▓▓▓▓▓▓▓▓██████████████
████████████▓▓░░░░░░▓▓░░▓▓▓▓░░░░░░░░░░▓▓▓▓░░▓▓░░░░░░▓▓████████████
████████▓▓▓▓▓▓░░22░░▓▓░░░░▓▓░░░░▓▓░░░░▓▓░░░░▓▓░░11░░▓▓▓▓▓▓████████
████████░░░░▓▓░░░░░░▓▓░░░░▓▓░░▓▓▓▓▓▓░░▓▓░░░░▓▓░░░░░░▓▓░░░░████████
██████░░░░▓▓▓▓▓▓▓▓▓▓▓▓░░░░░░▓▓▓▓▓▓▓▓▓▓░░░░░░▓▓▓▓▓▓▓▓▓▓▓▓░░░░██████
████░░░░▓▓▓▓▓▓▓▓░░▓▓▓▓░░░░░░▓▓▓▓░░▓▓▓▓░░░░░░▓▓▓▓░░▓▓▓▓▓▓▓▓░░░░████
██▓▓░░▓▓▓▓▓▓▓▓░░░░▓▓▓▓▓▓░░░░▓▓▓▓░░▓▓▓▓░░░░▓▓▓▓▓▓░░░░▓▓▓▓▓▓▓▓░░▓▓██
██▓▓░░░░▓▓░░▓▓▓▓▓▓░░▓▓▓▓▓▓░░░░░░░░░░░░░░▓▓▓▓▓▓░░▓▓▓▓▓▓░░▓▓░░░░▓▓██
██░░░░▓▓▓▓░░░░▓▓░░░░▓▓▓▓▓▓░░░░░░░░░░░░░░▓▓▓▓▓▓░░░░▓▓░░░░▓▓▓▓░░░░██
░░░░▓▓▓▓▓▓▓▓░░░░░░░░▓▓▓▓▓▓░░░░░░▓▓░░░░░░▓▓▓▓▓▓░░░░░░░░▓▓▓▓▓▓▓▓░░░░
░░░░░░▓▓▓▓▓▓░░░░░░▓▓▓▓▓▓▓▓░░░░░░▓▓░░░░░░▓▓▓▓▓▓▓▓░░░░░░▓▓▓▓▓▓░░░░░░
▓▓▓▓▓▓▓▓▓▓▓▓░░░░░░░░▓▓▓▓░░▓▓▓▓▓▓▓▓▓▓▓▓▓▓░░▓▓▓▓░░░░░░░░▓▓▓▓▓▓▓▓▓▓▓▓
▓▓▓▓▓▓▓▓▓▓▓▓▓▓▓▓▓▓░░▓▓▓▓▓▓▓▓░░░░░░░░░░▓▓▓▓▓▓▓▓░░▓▓▓▓▓▓▓▓▓▓▓▓▓▓▓▓▓▓
░░░░░░▓▓░░▓▓▓▓▓▓▓▓▓▓▓▓▓▓▓▓▓▓╠╣░░░░░░░░▓▓▓▓▓▓▓▓▓▓▓▓▓▓▓▓▓▓░░▓▓░░░░░░
░░13░░▓▓▓▓▓▓▓▓░░▓▓▓▓▓▓▓▓▓▓▓▓▓▓░░░░░░▓▓▓▓▓▓▓▓▓▓▓▓▓▓░░▓▓▓▓▓▓▓▓░░23░░
░░░░░░▓▓▓▓▓▓░░░░░░▓▓▓▓▓▓░░░░░░░░░░░░╠╣░░░░▓▓▓▓▓▓░░░░░░▓▓▓▓▓▓░░░░░░
▓▓▓▓▓▓▓▓░░░░░░░░░░▓▓▓▓▓▓░░░░░░▓▓▓▓▓▓░░░░░░▓▓▓▓▓▓░░░░░░░░░░▓▓▓▓▓▓▓▓
▓▓▓▓▓▓░░░░░░░░▓▓▓▓░░▓▓▓▓▓▓▓▓░░░░▓▓░░░░▓▓▓▓▓▓▓▓░░▓▓▓▓░░░░░░░░▓▓▓▓▓▓
▓▓▓▓▓▓▓▓░░░░▓▓▓▓░░░░▓▓▓▓▓▓▓▓░░░░░░░░░░▓▓▓▓▓▓▓▓░░░░▓▓▓▓░░░░▓▓▓▓▓▓▓▓
░░░░▓▓▓▓░░░░▓▓▓▓░░░░▓▓▓▓▓▓▓▓▓▓▓▓░░▓▓▓▓▓▓▓▓▓▓▓▓░░░░▓▓▓▓░░░░▓▓▓▓░░░░
██▓▓▓▓▓▓░░▓▓▓▓▓▓░░░░▓▓░░░░▓▓▓▓▓▓░░▓▓▓▓▓▓░░░░▓▓░░░░▓▓▓▓▓▓░░▓▓▓▓▓▓██
██▓▓▓▓░░░░░░▓▓░░░░░░░░░░░░▓▓▓▓▓▓▓▓▓▓▓▓▓▓░░░░░░░░░░░░▓▓░░░░░░▓▓▓▓██
██░░░░░░░░░░▓▓░░░░░░░░░░▓▓▓▓░░░░▓▓░░░░▓▓▓▓░░░░░░░░░░▓▓░░░░░░░░░░██
████░░░░▓▓▓▓▓▓▓▓▓▓▓▓░░▓▓▓▓░░░░░░░░░░░░░░▓▓▓▓░░▓▓▓▓▓▓▓▓▓▓▓▓░░░░████
██████░░▓▓▓▓▓▓▓▓▓▓▓▓▓▓░░░░░░▓▓▓▓▓▓▓▓▓▓░░░░░░▓▓▓▓▓▓▓▓▓▓▓▓▓▓░░██████
████████▓▓▓▓▓▓░░░░░░▓▓░░░░░░▓▓▓▓▓▓▓▓▓▓░░░░░░▓▓░░░░░░▓▓▓▓▓▓████████
████████▓▓░░▓▓░░21░░▓▓▓▓░░▓▓▓▓░░░░░░▓▓▓▓░░▓▓▓▓░░12░░▓▓░░▓▓████████
████████████▓▓░░░░░░▓▓░░░░▓▓▓▓░░░░░░▓▓▓▓░░░░▓▓░░░░░░▓▓████████████
██████████████▓▓▓▓▓▓▓▓░░░░░░▓▓▓▓░░▓▓▓▓░░░░░░▓▓▓▓▓▓▓▓██████████████
████████████████▓▓▓▓▓▓▓▓▓▓▓▓▓▓▓▓░░▓▓▓▓▓▓▓▓▓▓▓▓▓▓▓▓████████████████
██████████████████████▓▓▓▓░░▓▓▓▓░░▓▓▓▓░░▓▓▓▓██████████████████████
No command provided by bot. Falling back to default no command
No command provided by bot. Falling back to default no command
GameError - Player 1, worm 2, round 2: Unknown command: No Command
GameError - Player 2, worm 2, round 2: Unknown command: No Command
=======================================
Completed round: 2 
=======================================

=======================================
Starting round: 3 
=======================================

My Player:H=350 S=108 W=3 X,Y=1,16
Player 2 :H=350 S=108

██████████████████████░░▓▓▓▓░░▓▓▓▓▓▓░░▓▓▓▓░░██████████████████████
████████████████▓▓▓▓░░░░░░▓▓▓▓▓▓▓▓▓▓▓▓▓▓░░░░░░▓▓▓▓████████████████
██████████████▓▓▓▓▓▓▓▓░░▓▓▓▓▓▓▓▓░░▓▓▓▓▓▓▓▓░░▓▓▓▓▓▓▓▓██████████████
████████████▓▓░░░░░░▓▓░░▓▓▓▓░░░░░░░░░░▓▓▓▓░░▓▓░░░░░░▓▓████████████
████████▓▓▓▓▓▓░░22░░▓▓░░░░▓▓░░░░▓▓░░░░▓▓░░░░▓▓░░11░░▓▓▓▓▓▓████████
████████░░░░▓▓░░░░░░▓▓░░░░▓▓░░▓▓▓▓▓▓░░▓▓░░░░▓▓░░░░░░▓▓░░░░████████
██████░░░░▓▓▓▓▓▓▓▓▓▓▓▓░░░░░░▓▓▓▓▓▓▓▓▓▓░░░░░░▓▓▓▓▓▓▓▓▓▓▓▓░░░░██████
████░░░░▓▓▓▓▓▓▓▓░░▓▓▓▓░░░░░░▓▓▓▓░░▓▓▓▓░░░░░░▓▓▓▓░░▓▓▓▓▓▓▓▓░░░░████
██▓▓░░▓▓▓▓▓▓▓▓░░░░▓▓▓▓▓▓░░░░▓▓▓▓░░▓▓▓▓░░░░▓▓▓▓▓▓░░░░▓▓▓▓▓▓▓▓░░▓▓██
██▓▓░░░░▓▓░░▓▓▓▓▓▓░░▓▓▓▓▓▓░░░░░░░░░░░░░░▓▓▓▓▓▓░░▓▓▓▓▓▓░░▓▓░░░░▓▓██
██░░░░▓▓▓▓░░░░▓▓░░░░▓▓▓▓▓▓░░░░░░░░░░░░░░▓▓▓▓▓▓░░░░▓▓░░░░▓▓▓▓░░░░██
░░░░▓▓▓▓▓▓▓▓░░░░░░░░▓▓▓▓▓▓░░░░░░▓▓░░░░░░▓▓▓▓▓▓░░░░░░░░▓▓▓▓▓▓▓▓░░░░
░░░░░░▓▓▓▓▓▓░░░░░░▓▓▓▓▓▓▓▓░░░░░░▓▓░░░░░░▓▓▓▓▓▓▓▓░░░░░░▓▓▓▓▓▓░░░░░░
▓▓▓▓▓▓▓▓▓▓▓▓░░░░░░░░▓▓▓▓░░▓▓▓▓▓▓▓▓▓▓▓▓▓▓░░▓▓▓▓░░░░░░░░▓▓▓▓▓▓▓▓▓▓▓▓
▓▓▓▓▓▓▓▓▓▓▓▓▓▓▓▓▓▓░░▓▓▓▓▓▓▓▓░░░░░░░░░░▓▓▓▓▓▓▓▓░░▓▓▓▓▓▓▓▓▓▓▓▓▓▓▓▓▓▓
░░░░░░▓▓░░▓▓▓▓▓▓▓▓▓▓▓▓▓▓▓▓▓▓╠╣░░░░░░░░▓▓▓▓▓▓▓▓▓▓▓▓▓▓▓▓▓▓░░▓▓░░░░░░
░░13░░▓▓▓▓▓▓▓▓░░▓▓▓▓▓▓▓▓▓▓▓▓▓▓░░░░░░▓▓▓▓▓▓▓▓▓▓▓▓▓▓░░▓▓▓▓▓▓▓▓░░23░░
░░░░░░▓▓▓▓▓▓░░░░░░▓▓▓▓▓▓░░░░░░░░░░░░╠╣░░░░▓▓▓▓▓▓░░░░░░▓▓▓▓▓▓░░░░░░
▓▓▓▓▓▓▓▓░░░░░░░░░░▓▓▓▓▓▓░░░░░░▓▓▓▓▓▓░░░░░░▓▓▓▓▓▓░░░░░░░░░░▓▓▓▓▓▓▓▓
▓▓▓▓▓▓░░░░░░░░▓▓▓▓░░▓▓▓▓▓▓▓▓░░░░▓▓░░░░▓▓▓▓▓▓▓▓░░▓▓▓▓░░░░░░░░▓▓▓▓▓▓
▓▓▓▓▓▓▓▓░░░░▓▓▓▓░░░░▓▓▓▓▓▓▓▓░░░░░░░░░░▓▓▓▓▓▓▓▓░░░░▓▓▓▓░░░░▓▓▓▓▓▓▓▓
░░░░▓▓▓▓░░░░▓▓▓▓░░░░▓▓▓▓▓▓▓▓▓▓▓▓░░▓▓▓▓▓▓▓▓▓▓▓▓░░░░▓▓▓▓░░░░▓▓▓▓░░░░
██▓▓▓▓▓▓░░▓▓▓▓▓▓░░░░▓▓░░░░▓▓▓▓▓▓░░▓▓▓▓▓▓░░░░▓▓░░░░▓▓▓▓▓▓░░▓▓▓▓▓▓██
██▓▓▓▓░░░░░░▓▓░░░░░░░░░░░░▓▓▓▓▓▓▓▓▓▓▓▓▓▓░░░░░░░░░░░░▓▓░░░░░░▓▓▓▓██
██░░░░░░░░░░▓▓░░░░░░░░░░▓▓▓▓░░░░▓▓░░░░▓▓▓▓░░░░░░░░░░▓▓░░░░░░░░░░██
████░░░░▓▓▓▓▓▓▓▓▓▓▓▓░░▓▓▓▓░░░░░░░░░░░░░░▓▓▓▓░░▓▓▓▓▓▓▓▓▓▓▓▓░░░░████
██████░░▓▓▓▓▓▓▓▓▓▓▓▓▓▓░░░░░░▓▓▓▓▓▓▓▓▓▓░░░░░░▓▓▓▓▓▓▓▓▓▓▓▓▓▓░░██████
████████▓▓▓▓▓▓░░░░░░▓▓░░░░░░▓▓▓▓▓▓▓▓▓▓░░░░░░▓▓░░░░░░▓▓▓▓▓▓████████
████████▓▓░░▓▓░░21░░▓▓▓▓░░▓▓▓▓░░░░░░▓▓▓▓░░▓▓▓▓░░12░░▓▓░░▓▓████████
████████████▓▓░░░░░░▓▓░░░░▓▓▓▓░░░░░░▓▓▓▓░░░░▓▓░░░░░░▓▓████████████
██████████████▓▓▓▓▓▓▓▓░░░░░░▓▓▓▓░░▓▓▓▓░░░░░░▓▓▓▓▓▓▓▓██████████████
████████████████▓▓▓▓▓▓▓▓▓▓▓▓▓▓▓▓░░▓▓▓▓▓▓▓▓▓▓▓▓▓▓▓▓████████████████
██████████████████████▓▓▓▓░░▓▓▓▓░░▓▓▓▓░░▓▓▓▓██████████████████████
No command provided by bot. Falling back to default no command
No command provided by bot. Falling back to default no command
GameError - Player 1, worm 3, round 3: Unknown command: No Command
GameError - Player 2, worm 3, round 3: Unknown command: No Command
=======================================
Completed round: 3 
=======================================

=======================================
Starting round: 4 
=======================================

My Player:H=350 S=104 W=1 X,Y=24,4
Player 2 :H=350 S=104

██████████████████████░░▓▓▓▓░░▓▓▓▓▓▓░░▓▓▓▓░░██████████████████████
████████████████▓▓▓▓░░░░░░▓▓▓▓▓▓▓▓▓▓▓▓▓▓░░░░░░▓▓▓▓████████████████
██████████████▓▓▓▓▓▓▓▓░░▓▓▓▓▓▓▓▓░░▓▓▓▓▓▓▓▓░░▓▓▓▓▓▓▓▓██████████████
████████████▓▓░░░░░░▓▓░░▓▓▓▓░░░░░░░░░░▓▓▓▓░░▓▓░░░░░░▓▓████████████
████████▓▓▓▓▓▓░░22░░▓▓░░░░▓▓░░░░▓▓░░░░▓▓░░░░▓▓░░11░░▓▓▓▓▓▓████████
████████░░░░▓▓░░░░░░▓▓░░░░▓▓░░▓▓▓▓▓▓░░▓▓░░░░▓▓░░░░░░▓▓░░░░████████
██████░░░░▓▓▓▓▓▓▓▓▓▓▓▓░░░░░░▓▓▓▓▓▓▓▓▓▓░░░░░░▓▓▓▓▓▓▓▓▓▓▓▓░░░░██████
████░░░░▓▓▓▓▓▓▓▓░░▓▓▓▓░░░░░░▓▓▓▓░░▓▓▓▓░░░░░░▓▓▓▓░░▓▓▓▓▓▓▓▓░░░░████
██▓▓░░▓▓▓▓▓▓▓▓░░░░▓▓▓▓▓▓░░░░▓▓▓▓░░▓▓▓▓░░░░▓▓▓▓▓▓░░░░▓▓▓▓▓▓▓▓░░▓▓██
██▓▓░░░░▓▓░░▓▓▓▓▓▓░░▓▓▓▓▓▓░░░░░░░░░░░░░░▓▓▓▓▓▓░░▓▓▓▓▓▓░░▓▓░░░░▓▓██
██░░░░▓▓▓▓░░░░▓▓░░░░▓▓▓▓▓▓░░░░░░░░░░░░░░▓▓▓▓▓▓░░░░▓▓░░░░▓▓▓▓░░░░██
░░░░▓▓▓▓▓▓▓▓░░░░░░░░▓▓▓▓▓▓░░░░░░▓▓░░░░░░▓▓▓▓▓▓░░░░░░░░▓▓▓▓▓▓▓▓░░░░
░░░░░░▓▓▓▓▓▓░░░░░░▓▓▓▓▓▓▓▓░░░░░░▓▓░░░░░░▓▓▓▓▓▓▓▓░░░░░░▓▓▓▓▓▓░░░░░░
▓▓▓▓▓▓▓▓▓▓▓▓░░░░░░░░▓▓▓▓░░▓▓▓▓▓▓▓▓▓▓▓▓▓▓░░▓▓▓▓░░░░░░░░▓▓▓▓▓▓▓▓▓▓▓▓
▓▓▓▓▓▓▓▓▓▓▓▓▓▓▓▓▓▓░░▓▓▓▓▓▓▓▓░░░░░░░░░░▓▓▓▓▓▓▓▓░░▓▓▓▓▓▓▓▓▓▓▓▓▓▓▓▓▓▓
░░░░░░▓▓░░▓▓▓▓▓▓▓▓▓▓▓▓▓▓▓▓▓▓╠╣░░░░░░░░▓▓▓▓▓▓▓▓▓▓▓▓▓▓▓▓▓▓░░▓▓░░░░░░
░░13░░▓▓▓▓▓▓▓▓░░▓▓▓▓▓▓▓▓▓▓▓▓▓▓░░░░░░▓▓▓▓▓▓▓▓▓▓▓▓▓▓░░▓▓▓▓▓▓▓▓░░23░░
░░░░░░▓▓▓▓▓▓░░░░░░▓▓▓▓▓▓░░░░░░░░░░░░╠╣░░░░▓▓▓▓▓▓░░░░░░▓▓▓▓▓▓░░░░░░
▓▓▓▓▓▓▓▓░░░░░░░░░░▓▓▓▓▓▓░░░░░░▓▓▓▓▓▓░░░░░░▓▓▓▓▓▓░░░░░░░░░░▓▓▓▓▓▓▓▓
▓▓▓▓▓▓░░░░░░░░▓▓▓▓░░▓▓▓▓▓▓▓▓░░░░▓▓░░░░▓▓▓▓▓▓▓▓░░▓▓▓▓░░░░░░░░▓▓▓▓▓▓
▓▓▓▓▓▓▓▓░░░░▓▓▓▓░░░░▓▓▓▓▓▓▓▓░░░░░░░░░░▓▓▓▓▓▓▓▓░░░░▓▓▓▓░░░░▓▓▓▓▓▓▓▓
░░░░▓▓▓▓░░░░▓▓▓▓░░░░▓▓▓▓▓▓▓▓▓▓▓▓░░▓▓▓▓▓▓▓▓▓▓▓▓░░░░▓▓▓▓░░░░▓▓▓▓░░░░
██▓▓▓▓▓▓░░▓▓▓▓▓▓░░░░▓▓░░░░▓▓▓▓▓▓░░▓▓▓▓▓▓░░░░▓▓░░░░▓▓▓▓▓▓░░▓▓▓▓▓▓██
██▓▓▓▓░░░░░░▓▓░░░░░░░░░░░░▓▓▓▓▓▓▓▓▓▓▓▓▓▓░░░░░░░░░░░░▓▓░░░░░░▓▓▓▓██
██░░░░░░░░░░▓▓░░░░░░░░░░▓▓▓▓░░░░▓▓░░░░▓▓▓▓░░░░░░░░░░▓▓░░░░░░░░░░██
████░░░░▓▓▓▓▓▓▓▓▓▓▓▓░░▓▓▓▓░░░░░░░░░░░░░░▓▓▓▓░░▓▓▓▓▓▓▓▓▓▓▓▓░░░░████
██████░░▓▓▓▓▓▓▓▓▓▓▓▓▓▓░░░░░░▓▓▓▓▓▓▓▓▓▓░░░░░░▓▓▓▓▓▓▓▓▓▓▓▓▓▓░░██████
████████▓▓▓▓▓▓░░░░░░▓▓░░░░░░▓▓▓▓▓▓▓▓▓▓░░░░░░▓▓░░░░░░▓▓▓▓▓▓████████
████████▓▓░░▓▓░░21░░▓▓▓▓░░▓▓▓▓░░░░░░▓▓▓▓░░▓▓▓▓░░12░░▓▓░░▓▓████████
████████████▓▓░░░░░░▓▓░░░░▓▓▓▓░░░░░░▓▓▓▓░░░░▓▓░░░░░░▓▓████████████
██████████████▓▓▓▓▓▓▓▓░░░░░░▓▓▓▓░░▓▓▓▓░░░░░░▓▓▓▓▓▓▓▓██████████████
████████████████▓▓▓▓▓▓▓▓▓▓▓▓▓▓▓▓░░▓▓▓▓▓▓▓▓▓▓▓▓▓▓▓▓████████████████
██████████████████████▓▓▓▓░░▓▓▓▓░░▓▓▓▓░░▓▓▓▓██████████████████████
No command provided by bot. Falling back to default no command
No command provided by bot. Falling back to default no command
GameError - Player 1, worm 1, round 4: Unknown command: No Command
GameError - Player 2, worm 1, round 4: Unknown command: No Command
=======================================
Completed round: 4 
=======================================

=======================================
Starting round: 5 
=======================================

My Player:H=350 S=100 W=2 X,Y=24,28
Player 2 :H=350 S=100

██████████████████████░░▓▓▓▓░░▓▓▓▓▓▓░░▓▓▓▓░░██████████████████████
████████████████▓▓▓▓░░░░░░▓▓▓▓▓▓▓▓▓▓▓▓▓▓░░░░░░▓▓▓▓████████████████
██████████████▓▓▓▓▓▓▓▓░░▓▓▓▓▓▓▓▓░░▓▓▓▓▓▓▓▓░░▓▓▓▓▓▓▓▓██████████████
████████████▓▓░░░░░░▓▓░░▓▓▓▓░░░░░░░░░░▓▓▓▓░░▓▓░░░░░░▓▓████████████
████████▓▓▓▓▓▓░░22░░▓▓░░░░▓▓░░░░▓▓░░░░▓▓░░░░▓▓░░11░░▓▓▓▓▓▓████████
████████░░░░▓▓░░░░░░▓▓░░░░▓▓░░▓▓▓▓▓▓░░▓▓░░░░▓▓░░░░░░▓▓░░░░████████
██████░░░░▓▓▓▓▓▓▓▓▓▓▓▓░░░░░░▓▓▓▓▓▓▓▓▓▓░░░░░░▓▓▓▓▓▓▓▓▓▓▓▓░░░░██████
████░░░░▓▓▓▓▓▓▓▓░░▓▓▓▓░░░░░░▓▓▓▓░░▓▓▓▓░░░░░░▓▓▓▓░░▓▓▓▓▓▓▓▓░░░░████
██▓▓░░▓▓▓▓▓▓▓▓░░░░▓▓▓▓▓▓░░░░▓▓▓▓░░▓▓▓▓░░░░▓▓▓▓▓▓░░░░▓▓▓▓▓▓▓▓░░▓▓██
██▓▓░░░░▓▓░░▓▓▓▓▓▓░░▓▓▓▓▓▓░░░░░░░░░░░░░░▓▓▓▓▓▓░░▓▓▓▓▓▓░░▓▓░░░░▓▓██
██░░░░▓▓▓▓░░░░▓▓░░░░▓▓▓▓▓▓░░░░░░░░░░░░░░▓▓▓▓▓▓░░░░▓▓░░░░▓▓▓▓░░░░██
░░░░▓▓▓▓▓▓▓▓░░░░░░░░▓▓▓▓▓▓░░░░░░▓▓░░░░░░▓▓▓▓▓▓░░░░░░░░▓▓▓▓▓▓▓▓░░░░
░░░░░░▓▓▓▓▓▓░░░░░░▓▓▓▓▓▓▓▓░░░░░░▓▓░░░░░░▓▓▓▓▓▓▓▓░░░░░░▓▓▓▓▓▓░░░░░░
▓▓▓▓▓▓▓▓▓▓▓▓░░░░░░░░▓▓▓▓░░▓▓▓▓▓▓▓▓▓▓▓▓▓▓░░▓▓▓▓░░░░░░░░▓▓▓▓▓▓▓▓▓▓▓▓
▓▓▓▓▓▓▓▓▓▓▓▓▓▓▓▓▓▓░░▓▓▓▓▓▓▓▓░░░░░░░░░░▓▓▓▓▓▓▓▓░░▓▓▓▓▓▓▓▓▓▓▓▓▓▓▓▓▓▓
░░░░░░▓▓░░▓▓▓▓▓▓▓▓▓▓▓▓▓▓▓▓▓▓╠╣░░░░░░░░▓▓▓▓▓▓▓▓▓▓▓▓▓▓▓▓▓▓░░▓▓░░░░░░
░░13░░▓▓▓▓▓▓▓▓░░▓▓▓▓▓▓▓▓▓▓▓▓▓▓░░░░░░▓▓▓▓▓▓▓▓▓▓▓▓▓▓░░▓▓▓▓▓▓▓▓░░23░░
░░░░░░▓▓▓▓▓▓░░░░░░▓▓▓▓▓▓░░░░░░░░░░░░╠╣░░░░▓▓▓▓▓▓░░░░░░▓▓▓▓▓▓░░░░░░
▓▓▓▓▓▓▓▓░░░░░░░░░░▓▓▓▓▓▓░░░░░░▓▓▓▓▓▓░░░░░░▓▓▓▓▓▓░░░░░░░░░░▓▓▓▓▓▓▓▓
▓▓▓▓▓▓░░░░░░░░▓▓▓▓░░▓▓▓▓▓▓▓▓░░░░▓▓░░░░▓▓▓▓▓▓▓▓░░▓▓▓▓░░░░░░░░▓▓▓▓▓▓
▓▓▓▓▓▓▓▓░░░░▓▓▓▓░░░░▓▓▓▓▓▓▓▓░░░░░░░░░░▓▓▓▓▓▓▓▓░░░░▓▓▓▓░░░░▓▓▓▓▓▓▓▓
░░░░▓▓▓▓░░░░▓▓▓▓░░░░▓▓▓▓▓▓▓▓▓▓▓▓░░▓▓▓▓▓▓▓▓▓▓▓▓░░░░▓▓▓▓░░░░▓▓▓▓░░░░
██▓▓▓▓▓▓░░▓▓▓▓▓▓░░░░▓▓░░░░▓▓▓▓▓▓░░▓▓▓▓▓▓░░░░▓▓░░░░▓▓▓▓▓▓░░▓▓▓▓▓▓██
██▓▓▓▓░░░░░░▓▓░░░░░░░░░░░░▓▓▓▓▓▓▓▓▓▓▓▓▓▓░░░░░░░░░░░░▓▓░░░░░░▓▓▓▓██
██░░░░░░░░░░▓▓░░░░░░░░░░▓▓▓▓░░░░▓▓░░░░▓▓▓▓░░░░░░░░░░▓▓░░░░░░░░░░██
████░░░░▓▓▓▓▓▓▓▓▓▓▓▓░░▓▓▓▓░░░░░░░░░░░░░░▓▓▓▓░░▓▓▓▓▓▓▓▓▓▓▓▓░░░░████
██████░░▓▓▓▓▓▓▓▓▓▓▓▓▓▓░░░░░░▓▓▓▓▓▓▓▓▓▓░░░░░░▓▓▓▓▓▓▓▓▓▓▓▓▓▓░░██████
████████▓▓▓▓▓▓░░░░░░▓▓░░░░░░▓▓▓▓▓▓▓▓▓▓░░░░░░▓▓░░░░░░▓▓▓▓▓▓████████
████████▓▓░░▓▓░░21░░▓▓▓▓░░▓▓▓▓░░░░░░▓▓▓▓░░▓▓▓▓░░12░░▓▓░░▓▓████████
████████████▓▓░░░░░░▓▓░░░░▓▓▓▓░░░░░░▓▓▓▓░░░░▓▓░░░░░░▓▓████████████
██████████████▓▓▓▓▓▓▓▓░░░░░░▓▓▓▓░░▓▓▓▓░░░░░░▓▓▓▓▓▓▓▓██████████████
████████████████▓▓▓▓▓▓▓▓▓▓▓▓▓▓▓▓░░▓▓▓▓▓▓▓▓▓▓▓▓▓▓▓▓████████████████
██████████████████████▓▓▓▓░░▓▓▓▓░░▓▓▓▓░░▓▓▓▓██████████████████████
No command provided by bot. Falling back to default no command
No command provided by bot. Falling back to default no command
GameError - Player 1, worm 2, round 5: Unknown command: No Command
GameError - Player 2, worm 2, round 5: Unknown command: No Command
=======================================
Completed round: 5 
=======================================

=======================================
Starting round: 6 
=======================================

My Player:H=350 S=96 W=3 X,Y=1,16
Player 2 :H=350 S=96

██████████████████████░░▓▓▓▓░░▓▓▓▓▓▓░░▓▓▓▓░░██████████████████████
████████████████▓▓▓▓░░░░░░▓▓▓▓▓▓▓▓▓▓▓▓▓▓░░░░░░▓▓▓▓████████████████
██████████████▓▓▓▓▓▓▓▓░░▓▓▓▓▓▓▓▓░░▓▓▓▓▓▓▓▓░░▓▓▓▓▓▓▓▓██████████████
████████████▓▓░░░░░░▓▓░░▓▓▓▓░░░░░░░░░░▓▓▓▓░░▓▓░░░░░░▓▓████████████
████████▓▓▓▓▓▓░░22░░▓▓░░░░▓▓░░░░▓▓░░░░▓▓░░░░▓▓░░11░░▓▓▓▓▓▓████████
████████░░░░▓▓░░░░░░▓▓░░░░▓▓░░▓▓▓▓▓▓░░▓▓░░░░▓▓░░░░░░▓▓░░░░████████
██████░░░░▓▓▓▓▓▓▓▓▓▓▓▓░░░░░░▓▓▓▓▓▓▓▓▓▓░░░░░░▓▓▓▓▓▓▓▓▓▓▓▓░░░░██████
████░░░░▓▓▓▓▓▓▓▓░░▓▓▓▓░░░░░░▓▓▓▓░░▓▓▓▓░░░░░░▓▓▓▓░░▓▓▓▓▓▓▓▓░░░░████
██▓▓░░▓▓▓▓▓▓▓▓░░░░▓▓▓▓▓▓░░░░▓▓▓▓░░▓▓▓▓░░░░▓▓▓▓▓▓░░░░▓▓▓▓▓▓▓▓░░▓▓██
██▓▓░░░░▓▓░░▓▓▓▓▓▓░░▓▓▓▓▓▓░░░░░░░░░░░░░░▓▓▓▓▓▓░░▓▓▓▓▓▓░░▓▓░░░░▓▓██
██░░░░▓▓▓▓░░░░▓▓░░░░▓▓▓▓▓▓░░░░░░░░░░░░░░▓▓▓▓▓▓░░░░▓▓░░░░▓▓▓▓░░░░██
░░░░▓▓▓▓▓▓▓▓░░░░░░░░▓▓▓▓▓▓░░░░░░▓▓░░░░░░▓▓▓▓▓▓░░░░░░░░▓▓▓▓▓▓▓▓░░░░
░░░░░░▓▓▓▓▓▓░░░░░░▓▓▓▓▓▓▓▓░░░░░░▓▓░░░░░░▓▓▓▓▓▓▓▓░░░░░░▓▓▓▓▓▓░░░░░░
▓▓▓▓▓▓▓▓▓▓▓▓░░░░░░░░▓▓▓▓░░▓▓▓▓▓▓▓▓▓▓▓▓▓▓░░▓▓▓▓░░░░░░░░▓▓▓▓▓▓▓▓▓▓▓▓
▓▓▓▓▓▓▓▓▓▓▓▓▓▓▓▓▓▓░░▓▓▓▓▓▓▓▓░░░░░░░░░░▓▓▓▓▓▓▓▓░░▓▓▓▓▓▓▓▓▓▓▓▓▓▓▓▓▓▓
░░░░░░▓▓░░▓▓▓▓▓▓▓▓▓▓▓▓▓▓▓▓▓▓╠╣░░░░░░░░▓▓▓▓▓▓▓▓▓▓▓▓▓▓▓▓▓▓░░▓▓░░░░░░
░░13░░▓▓▓▓▓▓▓▓░░▓▓▓▓▓▓▓▓▓▓▓▓▓▓░░░░░░▓▓▓▓▓▓▓▓▓▓▓▓▓▓░░▓▓▓▓▓▓▓▓░░23░░
░░░░░░▓▓▓▓▓▓░░░░░░▓▓▓▓▓▓░░░░░░░░░░░░╠╣░░░░▓▓▓▓▓▓░░░░░░▓▓▓▓▓▓░░░░░░
▓▓▓▓▓▓▓▓░░░░░░░░░░▓▓▓▓▓▓░░░░░░▓▓▓▓▓▓░░░░░░▓▓▓▓▓▓░░░░░░░░░░▓▓▓▓▓▓▓▓
▓▓▓▓▓▓░░░░░░░░▓▓▓▓░░▓▓▓▓▓▓▓▓░░░░▓▓░░░░▓▓▓▓▓▓▓▓░░▓▓▓▓░░░░░░░░▓▓▓▓▓▓
▓▓▓▓▓▓▓▓░░░░▓▓▓▓░░░░▓▓▓▓▓▓▓▓░░░░░░░░░░▓▓▓▓▓▓▓▓░░░░▓▓▓▓░░░░▓▓▓▓▓▓▓▓
░░░░▓▓▓▓░░░░▓▓▓▓░░░░▓▓▓▓▓▓▓▓▓▓▓▓░░▓▓▓▓▓▓▓▓▓▓▓▓░░░░▓▓▓▓░░░░▓▓▓▓░░░░
██▓▓▓▓▓▓░░▓▓▓▓▓▓░░░░▓▓░░░░▓▓▓▓▓▓░░▓▓▓▓▓▓░░░░▓▓░░░░▓▓▓▓▓▓░░▓▓▓▓▓▓██
██▓▓▓▓░░░░░░▓▓░░░░░░░░░░░░▓▓▓▓▓▓▓▓▓▓▓▓▓▓░░░░░░░░░░░░▓▓░░░░░░▓▓▓▓██
██░░░░░░░░░░▓▓░░░░░░░░░░▓▓▓▓░░░░▓▓░░░░▓▓▓▓░░░░░░░░░░▓▓░░░░░░░░░░██
████░░░░▓▓▓▓▓▓▓▓▓▓▓▓░░▓▓▓▓░░░░░░░░░░░░░░▓▓▓▓░░▓▓▓▓▓▓▓▓▓▓▓▓░░░░████
██████░░▓▓▓▓▓▓▓▓▓▓▓▓▓▓░░░░░░▓▓▓▓▓▓▓▓▓▓░░░░░░▓▓▓▓▓▓▓▓▓▓▓▓▓▓░░██████
████████▓▓▓▓▓▓░░░░░░▓▓░░░░░░▓▓▓▓▓▓▓▓▓▓░░░░░░▓▓░░░░░░▓▓▓▓▓▓████████
████████▓▓░░▓▓░░21░░▓▓▓▓░░▓▓▓▓░░░░░░▓▓▓▓░░▓▓▓▓░░12░░▓▓░░▓▓████████
████████████▓▓░░░░░░▓▓░░░░▓▓▓▓░░░░░░▓▓▓▓░░░░▓▓░░░░░░▓▓████████████
██████████████▓▓▓▓▓▓▓▓░░░░░░▓▓▓▓░░▓▓▓▓░░░░░░▓▓▓▓▓▓▓▓██████████████
████████████████▓▓▓▓▓▓▓▓▓▓▓▓▓▓▓▓░░▓▓▓▓▓▓▓▓▓▓▓▓▓▓▓▓████████████████
██████████████████████▓▓▓▓░░▓▓▓▓░░▓▓▓▓░░▓▓▓▓██████████████████████
No command provided by bot. Falling back to default no command
No command provided by bot. Falling back to default no command
GameError - Player 1, worm 3, round 6: Unknown command: No Command
GameError - Player 2, worm 3, round 6: Unknown command: No Command
=======================================
Completed round: 6 
=======================================

=======================================
Starting round: 7 
=======================================

My Player:H=350 S=92 W=1 X,Y=24,4
Player 2 :H=350 S=92

██████████████████████░░▓▓▓▓░░▓▓▓▓▓▓░░▓▓▓▓░░██████████████████████
████████████████▓▓▓▓░░░░░░▓▓▓▓▓▓▓▓▓▓▓▓▓▓░░░░░░▓▓▓▓████████████████
██████████████▓▓▓▓▓▓▓▓░░▓▓▓▓▓▓▓▓░░▓▓▓▓▓▓▓▓░░▓▓▓▓▓▓▓▓██████████████
████████████▓▓░░░░░░▓▓░░▓▓▓▓░░░░░░░░░░▓▓▓▓░░▓▓░░░░░░▓▓████████████
████████▓▓▓▓▓▓░░22░░▓▓░░░░▓▓░░░░▓▓░░░░▓▓░░░░▓▓░░11░░▓▓▓▓▓▓████████
████████░░░░▓▓░░░░░░▓▓░░░░▓▓░░▓▓▓▓▓▓░░▓▓░░░░▓▓░░░░░░▓▓░░░░████████
██████░░░░▓▓▓▓▓▓▓▓▓▓▓▓░░░░░░▓▓▓▓▓▓▓▓▓▓░░░░░░▓▓▓▓▓▓▓▓▓▓▓▓░░░░██████
████░░░░▓▓▓▓▓▓▓▓░░▓▓▓▓░░░░░░▓▓▓▓░░▓▓▓▓░░░░░░▓▓▓▓░░▓▓▓▓▓▓▓▓░░░░████
██▓▓░░▓▓▓▓▓▓▓▓░░░░▓▓▓▓▓▓░░░░▓▓▓▓░░▓▓▓▓░░░░▓▓▓▓▓▓░░░░▓▓▓▓▓▓▓▓░░▓▓██
██▓▓░░░░▓▓░░▓▓▓▓▓▓░░▓▓▓▓▓▓░░░░░░░░░░░░░░▓▓▓▓▓▓░░▓▓▓▓▓▓░░▓▓░░░░▓▓██
██░░░░▓▓▓▓░░░░▓▓░░░░▓▓▓▓▓▓░░░░░░░░░░░░░░▓▓▓▓▓▓░░░░▓▓░░░░▓▓▓▓░░░░██
░░░░▓▓▓▓▓▓▓▓░░░░░░░░▓▓▓▓▓▓░░░░░░▓▓░░░░░░▓▓▓▓▓▓░░░░░░░░▓▓▓▓▓▓▓▓░░░░
░░░░░░▓▓▓▓▓▓░░░░░░▓▓▓▓▓▓▓▓░░░░░░▓▓░░░░░░▓▓▓▓▓▓▓▓░░░░░░▓▓▓▓▓▓░░░░░░
▓▓▓▓▓▓▓▓▓▓▓▓░░░░░░░░▓▓▓▓░░▓▓▓▓▓▓▓▓▓▓▓▓▓▓░░▓▓▓▓░░░░░░░░▓▓▓▓▓▓▓▓▓▓▓▓
▓▓▓▓▓▓▓▓▓▓▓▓▓▓▓▓▓▓░░▓▓▓▓▓▓▓▓░░░░░░░░░░▓▓▓▓▓▓▓▓░░▓▓▓▓▓▓▓▓▓▓▓▓▓▓▓▓▓▓
░░░░░░▓▓░░▓▓▓▓▓▓▓▓▓▓▓▓▓▓▓▓▓▓╠╣░░░░░░░░▓▓▓▓▓▓▓▓▓▓▓▓▓▓▓▓▓▓░░▓▓░░░░░░
░░13░░▓▓▓▓▓▓▓▓░░▓▓▓▓▓▓▓▓▓▓▓▓▓▓░░░░░░▓▓▓▓▓▓▓▓▓▓▓▓▓▓░░▓▓▓▓▓▓▓▓░░23░░
░░░░░░▓▓▓▓▓▓░░░░░░▓▓▓▓▓▓░░░░░░░░░░░░╠╣░░░░▓▓▓▓▓▓░░░░░░▓▓▓▓▓▓░░░░░░
▓▓▓▓▓▓▓▓░░░░░░░░░░▓▓▓▓▓▓░░░░░░▓▓▓▓▓▓░░░░░░▓▓▓▓▓▓░░░░░░░░░░▓▓▓▓▓▓▓▓
▓▓▓▓▓▓░░░░░░░░▓▓▓▓░░▓▓▓▓▓▓▓▓░░░░▓▓░░░░▓▓▓▓▓▓▓▓░░▓▓▓▓░░░░░░░░▓▓▓▓▓▓
▓▓▓▓▓▓▓▓░░░░▓▓▓▓░░░░▓▓▓▓▓▓▓▓░░░░░░░░░░▓▓▓▓▓▓▓▓░░░░▓▓▓▓░░░░▓▓▓▓▓▓▓▓
░░░░▓▓▓▓░░░░▓▓▓▓░░░░▓▓▓▓▓▓▓▓▓▓▓▓░░▓▓▓▓▓▓▓▓▓▓▓▓░░░░▓▓▓▓░░░░▓▓▓▓░░░░
██▓▓▓▓▓▓░░▓▓▓▓▓▓░░░░▓▓░░░░▓▓▓▓▓▓░░▓▓▓▓▓▓░░░░▓▓░░░░▓▓▓▓▓▓░░▓▓▓▓▓▓██
██▓▓▓▓░░░░░░▓▓░░░░░░░░░░░░▓▓▓▓▓▓▓▓▓▓▓▓▓▓░░░░░░░░░░░░▓▓░░░░░░▓▓▓▓██
██░░░░░░░░░░▓▓░░░░░░░░░░▓▓▓▓░░░░▓▓░░░░▓▓▓▓░░░░░░░░░░▓▓░░░░░░░░░░██
████░░░░▓▓▓▓▓▓▓▓▓▓▓▓░░▓▓▓▓░░░░░░░░░░░░░░▓▓▓▓░░▓▓▓▓▓▓▓▓▓▓▓▓░░░░████
██████░░▓▓▓▓▓▓▓▓▓▓▓▓▓▓░░░░░░▓▓▓▓▓▓▓▓▓▓░░░░░░▓▓▓▓▓▓▓▓▓▓▓▓▓▓░░██████
████████▓▓▓▓▓▓░░░░░░▓▓░░░░░░▓▓▓▓▓▓▓▓▓▓░░░░░░▓▓░░░░░░▓▓▓▓▓▓████████
████████▓▓░░▓▓░░21░░▓▓▓▓░░▓▓▓▓░░░░░░▓▓▓▓░░▓▓▓▓░░12░░▓▓░░▓▓████████
████████████▓▓░░░░░░▓▓░░░░▓▓▓▓░░░░░░▓▓▓▓░░░░▓▓░░░░░░▓▓████████████
██████████████▓▓▓▓▓▓▓▓░░░░░░▓▓▓▓░░▓▓▓▓░░░░░░▓▓▓▓▓▓▓▓██████████████
████████████████▓▓▓▓▓▓▓▓▓▓▓▓▓▓▓▓░░▓▓▓▓▓▓▓▓▓▓▓▓▓▓▓▓████████████████
██████████████████████▓▓▓▓░░▓▓▓▓░░▓▓▓▓░░▓▓▓▓██████████████████████
No command provided by bot. Falling back to default no command
No command provided by bot. Falling back to default no command
GameError - Player 1, worm 1, round 7: Unknown command: No Command
GameError - Player 2, worm 1, round 7: Unknown command: No Command
=======================================
Completed round: 7 
=======================================

=======================================
Starting round: 8 
=======================================

My Player:H=350 S=88 W=2 X,Y=24,28
Player 2 :H=350 S=88

██████████████████████░░▓▓▓▓░░▓▓▓▓▓▓░░▓▓▓▓░░██████████████████████
████████████████▓▓▓▓░░░░░░▓▓▓▓▓▓▓▓▓▓▓▓▓▓░░░░░░▓▓▓▓████████████████
██████████████▓▓▓▓▓▓▓▓░░▓▓▓▓▓▓▓▓░░▓▓▓▓▓▓▓▓░░▓▓▓▓▓▓▓▓██████████████
████████████▓▓░░░░░░▓▓░░▓▓▓▓░░░░░░░░░░▓▓▓▓░░▓▓░░░░░░▓▓████████████
████████▓▓▓▓▓▓░░22░░▓▓░░░░▓▓░░░░▓▓░░░░▓▓░░░░▓▓░░11░░▓▓▓▓▓▓████████
████████░░░░▓▓░░░░░░▓▓░░░░▓▓░░▓▓▓▓▓▓░░▓▓░░░░▓▓░░░░░░▓▓░░░░████████
██████░░░░▓▓▓▓▓▓▓▓▓▓▓▓░░░░░░▓▓▓▓▓▓▓▓▓▓░░░░░░▓▓▓▓▓▓▓▓▓▓▓▓░░░░██████
████░░░░▓▓▓▓▓▓▓▓░░▓▓▓▓░░░░░░▓▓▓▓░░▓▓▓▓░░░░░░▓▓▓▓░░▓▓▓▓▓▓▓▓░░░░████
██▓▓░░▓▓▓▓▓▓▓▓░░░░▓▓▓▓▓▓░░░░▓▓▓▓░░▓▓▓▓░░░░▓▓▓▓▓▓░░░░▓▓▓▓▓▓▓▓░░▓▓██
██▓▓░░░░▓▓░░▓▓▓▓▓▓░░▓▓▓▓▓▓░░░░░░░░░░░░░░▓▓▓▓▓▓░░▓▓▓▓▓▓░░▓▓░░░░▓▓██
██░░░░▓▓▓▓░░░░▓▓░░░░▓▓▓▓▓▓░░░░░░░░░░░░░░▓▓▓▓▓▓░░░░▓▓░░░░▓▓▓▓░░░░██
░░░░▓▓▓▓▓▓▓▓░░░░░░░░▓▓▓▓▓▓░░░░░░▓▓░░░░░░▓▓▓▓▓▓░░░░░░░░▓▓▓▓▓▓▓▓░░░░
░░░░░░▓▓▓▓▓▓░░░░░░▓▓▓▓▓▓▓▓░░░░░░▓▓░░░░░░▓▓▓▓▓▓▓▓░░░░░░▓▓▓▓▓▓░░░░░░
▓▓▓▓▓▓▓▓▓▓▓▓░░░░░░░░▓▓▓▓░░▓▓▓▓▓▓▓▓▓▓▓▓▓▓░░▓▓▓▓░░░░░░░░▓▓▓▓▓▓▓▓▓▓▓▓
▓▓▓▓▓▓▓▓▓▓▓▓▓▓▓▓▓▓░░▓▓▓▓▓▓▓▓░░░░░░░░░░▓▓▓▓▓▓▓▓░░▓▓▓▓▓▓▓▓▓▓▓▓▓▓▓▓▓▓
░░░░░░▓▓░░▓▓▓▓▓▓▓▓▓▓▓▓▓▓▓▓▓▓╠╣░░░░░░░░▓▓▓▓▓▓▓▓▓▓▓▓▓▓▓▓▓▓░░▓▓░░░░░░
░░13░░▓▓▓▓▓▓▓▓░░▓▓▓▓▓▓▓▓▓▓▓▓▓▓░░░░░░▓▓▓▓▓▓▓▓▓▓▓▓▓▓░░▓▓▓▓▓▓▓▓░░23░░
░░░░░░▓▓▓▓▓▓░░░░░░▓▓▓▓▓▓░░░░░░░░░░░░╠╣░░░░▓▓▓▓▓▓░░░░░░▓▓▓▓▓▓░░░░░░
▓▓▓▓▓▓▓▓░░░░░░░░░░▓▓▓▓▓▓░░░░░░▓▓▓▓▓▓░░░░░░▓▓▓▓▓▓░░░░░░░░░░▓▓▓▓▓▓▓▓
▓▓▓▓▓▓░░░░░░░░▓▓▓▓░░▓▓▓▓▓▓▓▓░░░░▓▓░░░░▓▓▓▓▓▓▓▓░░▓▓▓▓░░░░░░░░▓▓▓▓▓▓
▓▓▓▓▓▓▓▓░░░░▓▓▓▓░░░░▓▓▓▓▓▓▓▓░░░░░░░░░░▓▓▓▓▓▓▓▓░░░░▓▓▓▓░░░░▓▓▓▓▓▓▓▓
░░░░▓▓▓▓░░░░▓▓▓▓░░░░▓▓▓▓▓▓▓▓▓▓▓▓░░▓▓▓▓▓▓▓▓▓▓▓▓░░░░▓▓▓▓░░░░▓▓▓▓░░░░
██▓▓▓▓▓▓░░▓▓▓▓▓▓░░░░▓▓░░░░▓▓▓▓▓▓░░▓▓▓▓▓▓░░░░▓▓░░░░▓▓▓▓▓▓░░▓▓▓▓▓▓██
██▓▓▓▓░░░░░░▓▓░░░░░░░░░░░░▓▓▓▓▓▓▓▓▓▓▓▓▓▓░░░░░░░░░░░░▓▓░░░░░░▓▓▓▓██
██░░░░░░░░░░▓▓░░░░░░░░░░▓▓▓▓░░░░▓▓░░░░▓▓▓▓░░░░░░░░░░▓▓░░░░░░░░░░██
████░░░░▓▓▓▓▓▓▓▓▓▓▓▓░░▓▓▓▓░░░░░░░░░░░░░░▓▓▓▓░░▓▓▓▓▓▓▓▓▓▓▓▓░░░░████
██████░░▓▓▓▓▓▓▓▓▓▓▓▓▓▓░░░░░░▓▓▓▓▓▓▓▓▓▓░░░░░░▓▓▓▓▓▓▓▓▓▓▓▓▓▓░░██████
████████▓▓▓▓▓▓░░░░░░▓▓░░░░░░▓▓▓▓▓▓▓▓▓▓░░░░░░▓▓░░░░░░▓▓▓▓▓▓████████
████████▓▓░░▓▓░░21░░▓▓▓▓░░▓▓▓▓░░░░░░▓▓▓▓░░▓▓▓▓░░12░░▓▓░░▓▓████████
████████████▓▓░░░░░░▓▓░░░░▓▓▓▓░░░░░░▓▓▓▓░░░░▓▓░░░░░░▓▓████████████
██████████████▓▓▓▓▓▓▓▓░░░░░░▓▓▓▓░░▓▓▓▓░░░░░░▓▓▓▓▓▓▓▓██████████████
████████████████▓▓▓▓▓▓▓▓▓▓▓▓▓▓▓▓░░▓▓▓▓▓▓▓▓▓▓▓▓▓▓▓▓████████████████
██████████████████████▓▓▓▓░░▓▓▓▓░░▓▓▓▓░░▓▓▓▓██████████████████████
No command provided by bot. Falling back to default no command
No command provided by bot. Falling back to default no command
GameError - Player 1, worm 2, round 8: Unknown command: No Command
GameError - Player 2, worm 2, round 8: Unknown command: No Command
=======================================
Completed round: 8 
=======================================

=======================================
Starting round: 9 
=======================================

My Player:H=350 S=84 W=3 X,Y=1,16
Player 2 :H=350 S=84

██████████████████████░░▓▓▓▓░░▓▓▓▓▓▓░░▓▓▓▓░░██████████████████████
████████████████▓▓▓▓░░░░░░▓▓▓▓▓▓▓▓▓▓▓▓▓▓░░░░░░▓▓▓▓████████████████
██████████████▓▓▓▓▓▓▓▓░░▓▓▓▓▓▓▓▓░░▓▓▓▓▓▓▓▓░░▓▓▓▓▓▓▓▓██████████████
████████████▓▓░░░░░░▓▓░░▓▓▓▓░░░░░░░░░░▓▓▓▓░░▓▓░░░░░░▓▓████████████
████████▓▓▓▓▓▓░░22░░▓▓░░░░▓▓░░░░▓▓░░░░▓▓░░░░▓▓░░11░░▓▓▓▓▓▓████████
████████░░░░▓▓░░░░░░▓▓░░░░▓▓░░▓▓▓▓▓▓░░▓▓░░░░▓▓░░░░░░▓▓░░░░████████
██████░░░░▓▓▓▓▓▓▓▓▓▓▓▓░░░░░░▓▓▓▓▓▓▓▓▓▓░░░░░░▓▓▓▓▓▓▓▓▓▓▓▓░░░░██████
████░░░░▓▓▓▓▓▓▓▓░░▓▓▓▓░░░░░░▓▓▓▓░░▓▓▓▓░░░░░░▓▓▓▓░░▓▓▓▓▓▓▓▓░░░░████
██▓▓░░▓▓▓▓▓▓▓▓░░░░▓▓▓▓▓▓░░░░▓▓▓▓░░▓▓▓▓░░░░▓▓▓▓▓▓░░░░▓▓▓▓▓▓▓▓░░▓▓██
██▓▓░░░░▓▓░░▓▓▓▓▓▓░░▓▓▓▓▓▓░░░░░░░░░░░░░░▓▓▓▓▓▓░░▓▓▓▓▓▓░░▓▓░░░░▓▓██
██░░░░▓▓▓▓░░░░▓▓░░░░▓▓▓▓▓▓░░░░░░░░░░░░░░▓▓▓▓▓▓░░░░▓▓░░░░▓▓▓▓░░░░██
░░░░▓▓▓▓▓▓▓▓░░░░░░░░▓▓▓▓▓▓░░░░░░▓▓░░░░░░▓▓▓▓▓▓░░░░░░░░▓▓▓▓▓▓▓▓░░░░
░░░░░░▓▓▓▓▓▓░░░░░░▓▓▓▓▓▓▓▓░░░░░░▓▓░░░░░░▓▓▓▓▓▓▓▓░░░░░░▓▓▓▓▓▓░░░░░░
▓▓▓▓▓▓▓▓▓▓▓▓░░░░░░░░▓▓▓▓░░▓▓▓▓▓▓▓▓▓▓▓▓▓▓░░▓▓▓▓░░░░░░░░▓▓▓▓▓▓▓▓▓▓▓▓
▓▓▓▓▓▓▓▓▓▓▓▓▓▓▓▓▓▓░░▓▓▓▓▓▓▓▓░░░░░░░░░░▓▓▓▓▓▓▓▓░░▓▓▓▓▓▓▓▓▓▓▓▓▓▓▓▓▓▓
░░░░░░▓▓░░▓▓▓▓▓▓▓▓▓▓▓▓▓▓▓▓▓▓╠╣░░░░░░░░▓▓▓▓▓▓▓▓▓▓▓▓▓▓▓▓▓▓░░▓▓░░░░░░
░░13░░▓▓▓▓▓▓▓▓░░▓▓▓▓▓▓▓▓▓▓▓▓▓▓░░░░░░▓▓▓▓▓▓▓▓▓▓▓▓▓▓░░▓▓▓▓▓▓▓▓░░23░░
░░░░░░▓▓▓▓▓▓░░░░░░▓▓▓▓▓▓░░░░░░░░░░░░╠╣░░░░▓▓▓▓▓▓░░░░░░▓▓▓▓▓▓░░░░░░
▓▓▓▓▓▓▓▓░░░░░░░░░░▓▓▓▓▓▓░░░░░░▓▓▓▓▓▓░░░░░░▓▓▓▓▓▓░░░░░░░░░░▓▓▓▓▓▓▓▓
▓▓▓▓▓▓░░░░░░░░▓▓▓▓░░▓▓▓▓▓▓▓▓░░░░▓▓░░░░▓▓▓▓▓▓▓▓░░▓▓▓▓░░░░░░░░▓▓▓▓▓▓
▓▓▓▓▓▓▓▓░░░░▓▓▓▓░░░░▓▓▓▓▓▓▓▓░░░░░░░░░░▓▓▓▓▓▓▓▓░░░░▓▓▓▓░░░░▓▓▓▓▓▓▓▓
░░░░▓▓▓▓░░░░▓▓▓▓░░░░▓▓▓▓▓▓▓▓▓▓▓▓░░▓▓▓▓▓▓▓▓▓▓▓▓░░░░▓▓▓▓░░░░▓▓▓▓░░░░
██▓▓▓▓▓▓░░▓▓▓▓▓▓░░░░▓▓░░░░▓▓▓▓▓▓░░▓▓▓▓▓▓░░░░▓▓░░░░▓▓▓▓▓▓░░▓▓▓▓▓▓██
██▓▓▓▓░░░░░░▓▓░░░░░░░░░░░░▓▓▓▓▓▓▓▓▓▓▓▓▓▓░░░░░░░░░░░░▓▓░░░░░░▓▓▓▓██
██░░░░░░░░░░▓▓░░░░░░░░░░▓▓▓▓░░░░▓▓░░░░▓▓▓▓░░░░░░░░░░▓▓░░░░░░░░░░██
████░░░░▓▓▓▓▓▓▓▓▓▓▓▓░░▓▓▓▓░░░░░░░░░░░░░░▓▓▓▓░░▓▓▓▓▓▓▓▓▓▓▓▓░░░░████
██████░░▓▓▓▓▓▓▓▓▓▓▓▓▓▓░░░░░░▓▓▓▓▓▓▓▓▓▓░░░░░░▓▓▓▓▓▓▓▓▓▓▓▓▓▓░░██████
████████▓▓▓▓▓▓░░░░░░▓▓░░░░░░▓▓▓▓▓▓▓▓▓▓░░░░░░▓▓░░░░░░▓▓▓▓▓▓████████
████████▓▓░░▓▓░░21░░▓▓▓▓░░▓▓▓▓░░░░░░▓▓▓▓░░▓▓▓▓░░12░░▓▓░░▓▓████████
████████████▓▓░░░░░░▓▓░░░░▓▓▓▓░░░░░░▓▓▓▓░░░░▓▓░░░░░░▓▓████████████
██████████████▓▓▓▓▓▓▓▓░░░░░░▓▓▓▓░░▓▓▓▓░░░░░░▓▓▓▓▓▓▓▓██████████████
████████████████▓▓▓▓▓▓▓▓▓▓▓▓▓▓▓▓░░▓▓▓▓▓▓▓▓▓▓▓▓▓▓▓▓████████████████
██████████████████████▓▓▓▓░░▓▓▓▓░░▓▓▓▓░░▓▓▓▓██████████████████████
No command provided by bot. Falling back to default no command
No command provided by bot. Falling back to default no command
GameError - Player 1, worm 3, round 9: Unknown command: No Command
GameError - Player 2, worm 3, round 9: Unknown command: No Command
=======================================
Completed round: 9 
=======================================

=======================================
Starting round: 10 
=======================================

My Player:H=350 S=80 W=1 X,Y=24,4
Player 2 :H=350 S=80

██████████████████████░░▓▓▓▓░░▓▓▓▓▓▓░░▓▓▓▓░░██████████████████████
████████████████▓▓▓▓░░░░░░▓▓▓▓▓▓▓▓▓▓▓▓▓▓░░░░░░▓▓▓▓████████████████
██████████████▓▓▓▓▓▓▓▓░░▓▓▓▓▓▓▓▓░░▓▓▓▓▓▓▓▓░░▓▓▓▓▓▓▓▓██████████████
████████████▓▓░░░░░░▓▓░░▓▓▓▓░░░░░░░░░░▓▓▓▓░░▓▓░░░░░░▓▓████████████
████████▓▓▓▓▓▓░░22░░▓▓░░░░▓▓░░░░▓▓░░░░▓▓░░░░▓▓░░11░░▓▓▓▓▓▓████████
████████░░░░▓▓░░░░░░▓▓░░░░▓▓░░▓▓▓▓▓▓░░▓▓░░░░▓▓░░░░░░▓▓░░░░████████
██████░░░░▓▓▓▓▓▓▓▓▓▓▓▓░░░░░░▓▓▓▓▓▓▓▓▓▓░░░░░░▓▓▓▓▓▓▓▓▓▓▓▓░░░░██████
████░░░░▓▓▓▓▓▓▓▓░░▓▓▓▓░░░░░░▓▓▓▓░░▓▓▓▓░░░░░░▓▓▓▓░░▓▓▓▓▓▓▓▓░░░░████
██▓▓░░▓▓▓▓▓▓▓▓░░░░▓▓▓▓▓▓░░░░▓▓▓▓░░▓▓▓▓░░░░▓▓▓▓▓▓░░░░▓▓▓▓▓▓▓▓░░▓▓██
██▓▓░░░░▓▓░░▓▓▓▓▓▓░░▓▓▓▓▓▓░░░░░░░░░░░░░░▓▓▓▓▓▓░░▓▓▓▓▓▓░░▓▓░░░░▓▓██
██░░░░▓▓▓▓░░░░▓▓░░░░▓▓▓▓▓▓░░░░░░░░░░░░░░▓▓▓▓▓▓░░░░▓▓░░░░▓▓▓▓░░░░██
░░░░▓▓▓▓▓▓▓▓░░░░░░░░▓▓▓▓▓▓░░░░░░▓▓░░░░░░▓▓▓▓▓▓░░░░░░░░▓▓▓▓▓▓▓▓░░░░
░░░░░░▓▓▓▓▓▓░░░░░░▓▓▓▓▓▓▓▓░░░░░░▓▓░░░░░░▓▓▓▓▓▓▓▓░░░░░░▓▓▓▓▓▓░░░░░░
▓▓▓▓▓▓▓▓▓▓▓▓░░░░░░░░▓▓▓▓░░▓▓▓▓▓▓▓▓▓▓▓▓▓▓░░▓▓▓▓░░░░░░░░▓▓▓▓▓▓▓▓▓▓▓▓
▓▓▓▓▓▓▓▓▓▓▓▓▓▓▓▓▓▓░░▓▓▓▓▓▓▓▓░░░░░░░░░░▓▓▓▓▓▓▓▓░░▓▓▓▓▓▓▓▓▓▓▓▓▓▓▓▓▓▓
░░░░░░▓▓░░▓▓▓▓▓▓▓▓▓▓▓▓▓▓▓▓▓▓╠╣░░░░░░░░▓▓▓▓▓▓▓▓▓▓▓▓▓▓▓▓▓▓░░▓▓░░░░░░
░░13░░▓▓▓▓▓▓▓▓░░▓▓▓▓▓▓▓▓▓▓▓▓▓▓░░░░░░▓▓▓▓▓▓▓▓▓▓▓▓▓▓░░▓▓▓▓▓▓▓▓░░23░░
░░░░░░▓▓▓▓▓▓░░░░░░▓▓▓▓▓▓░░░░░░░░░░░░╠╣░░░░▓▓▓▓▓▓░░░░░░▓▓▓▓▓▓░░░░░░
▓▓▓▓▓▓▓▓░░░░░░░░░░▓▓▓▓▓▓░░░░░░▓▓▓▓▓▓░░░░░░▓▓▓▓▓▓░░░░░░░░░░▓▓▓▓▓▓▓▓
▓▓▓▓▓▓░░░░░░░░▓▓▓▓░░▓▓▓▓▓▓▓▓░░░░▓▓░░░░▓▓▓▓▓▓▓▓░░▓▓▓▓░░░░░░░░▓▓▓▓▓▓
▓▓▓▓▓▓▓▓░░░░▓▓▓▓░░░░▓▓▓▓▓▓▓▓░░░░░░░░░░▓▓▓▓▓▓▓▓░░░░▓▓▓▓░░░░▓▓▓▓▓▓▓▓
░░░░▓▓▓▓░░░░▓▓▓▓░░░░▓▓▓▓▓▓▓▓▓▓▓▓░░▓▓▓▓▓▓▓▓▓▓▓▓░░░░▓▓▓▓░░░░▓▓▓▓░░░░
██▓▓▓▓▓▓░░▓▓▓▓▓▓░░░░▓▓░░░░▓▓▓▓▓▓░░▓▓▓▓▓▓░░░░▓▓░░░░▓▓▓▓▓▓░░▓▓▓▓▓▓██
██▓▓▓▓░░░░░░▓▓░░░░░░░░░░░░▓▓▓▓▓▓▓▓▓▓▓▓▓▓░░░░░░░░░░░░▓▓░░░░░░▓▓▓▓██
██░░░░░░░░░░▓▓░░░░░░░░░░▓▓▓▓░░░░▓▓░░░░▓▓▓▓░░░░░░░░░░▓▓░░░░░░░░░░██
████░░░░▓▓▓▓▓▓▓▓▓▓▓▓░░▓▓▓▓░░░░░░░░░░░░░░▓▓▓▓░░▓▓▓▓▓▓▓▓▓▓▓▓░░░░████
██████░░▓▓▓▓▓▓▓▓▓▓▓▓▓▓░░░░░░▓▓▓▓▓▓▓▓▓▓░░░░░░▓▓▓▓▓▓▓▓▓▓▓▓▓▓░░██████
████████▓▓▓▓▓▓░░░░░░▓▓░░░░░░▓▓▓▓▓▓▓▓▓▓░░░░░░▓▓░░░░░░▓▓▓▓▓▓████████
████████▓▓░░▓▓░░21░░▓▓▓▓░░▓▓▓▓░░░░░░▓▓▓▓░░▓▓▓▓░░12░░▓▓░░▓▓████████
████████████▓▓░░░░░░▓▓░░░░▓▓▓▓░░░░░░▓▓▓▓░░░░▓▓░░░░░░▓▓████████████
██████████████▓▓▓▓▓▓▓▓░░░░░░▓▓▓▓░░▓▓▓▓░░░░░░▓▓▓▓▓▓▓▓██████████████
████████████████▓▓▓▓▓▓▓▓▓▓▓▓▓▓▓▓░░▓▓▓▓▓▓▓▓▓▓▓▓▓▓▓▓████████████████
██████████████████████▓▓▓▓░░▓▓▓▓░░▓▓▓▓░░▓▓▓▓██████████████████████
No command provided by bot. Falling back to default no command
No command provided by bot. Falling back to default no command
GameError - Player 1, worm 1, round 10: Unknown command: No Command
GameError - Player 2, worm 1, round 10: Unknown command: No Command
=======================================
Completed round: 10 
=======================================

=======================================
Starting round: 11 
=======================================

My Player:H=350 S=76 W=2 X,Y=24,28
Player 2 :H=350 S=76

██████████████████████░░▓▓▓▓░░▓▓▓▓▓▓░░▓▓▓▓░░██████████████████████
████████████████▓▓▓▓░░░░░░▓▓▓▓▓▓▓▓▓▓▓▓▓▓░░░░░░▓▓▓▓████████████████
██████████████▓▓▓▓▓▓▓▓░░▓▓▓▓▓▓▓▓░░▓▓▓▓▓▓▓▓░░▓▓▓▓▓▓▓▓██████████████
████████████▓▓░░░░░░▓▓░░▓▓▓▓░░░░░░░░░░▓▓▓▓░░▓▓░░░░░░▓▓████████████
████████▓▓▓▓▓▓░░22░░▓▓░░░░▓▓░░░░▓▓░░░░▓▓░░░░▓▓░░11░░▓▓▓▓▓▓████████
████████░░░░▓▓░░░░░░▓▓░░░░▓▓░░▓▓▓▓▓▓░░▓▓░░░░▓▓░░░░░░▓▓░░░░████████
██████░░░░▓▓▓▓▓▓▓▓▓▓▓▓░░░░░░▓▓▓▓▓▓▓▓▓▓░░░░░░▓▓▓▓▓▓▓▓▓▓▓▓░░░░██████
████░░░░▓▓▓▓▓▓▓▓░░▓▓▓▓░░░░░░▓▓▓▓░░▓▓▓▓░░░░░░▓▓▓▓░░▓▓▓▓▓▓▓▓░░░░████
██▓▓░░▓▓▓▓▓▓▓▓░░░░▓▓▓▓▓▓░░░░▓▓▓▓░░▓▓▓▓░░░░▓▓▓▓▓▓░░░░▓▓▓▓▓▓▓▓░░▓▓██
██▓▓░░░░▓▓░░▓▓▓▓▓▓░░▓▓▓▓▓▓░░░░░░░░░░░░░░▓▓▓▓▓▓░░▓▓▓▓▓▓░░▓▓░░░░▓▓██
██░░░░▓▓▓▓░░░░▓▓░░░░▓▓▓▓▓▓░░░░░░░░░░░░░░▓▓▓▓▓▓░░░░▓▓░░░░▓▓▓▓░░░░██
░░░░▓▓▓▓▓▓▓▓░░░░░░░░▓▓▓▓▓▓░░░░░░▓▓░░░░░░▓▓▓▓▓▓░░░░░░░░▓▓▓▓▓▓▓▓░░░░
░░░░░░▓▓▓▓▓▓░░░░░░▓▓▓▓▓▓▓▓░░░░░░▓▓░░░░░░▓▓▓▓▓▓▓▓░░░░░░▓▓▓▓▓▓░░░░░░
▓▓▓▓▓▓▓▓▓▓▓▓░░░░░░░░▓▓▓▓░░▓▓▓▓▓▓▓▓▓▓▓▓▓▓░░▓▓▓▓░░░░░░░░▓▓▓▓▓▓▓▓▓▓▓▓
▓▓▓▓▓▓▓▓▓▓▓▓▓▓▓▓▓▓░░▓▓▓▓▓▓▓▓░░░░░░░░░░▓▓▓▓▓▓▓▓░░▓▓▓▓▓▓▓▓▓▓▓▓▓▓▓▓▓▓
░░░░░░▓▓░░▓▓▓▓▓▓▓▓▓▓▓▓▓▓▓▓▓▓╠╣░░░░░░░░▓▓▓▓▓▓▓▓▓▓▓▓▓▓▓▓▓▓░░▓▓░░░░░░
░░13░░▓▓▓▓▓▓▓▓░░▓▓▓▓▓▓▓▓▓▓▓▓▓▓░░░░░░▓▓▓▓▓▓▓▓▓▓▓▓▓▓░░▓▓▓▓▓▓▓▓░░23░░
░░░░░░▓▓▓▓▓▓░░░░░░▓▓▓▓▓▓░░░░░░░░░░░░╠╣░░░░▓▓▓▓▓▓░░░░░░▓▓▓▓▓▓░░░░░░
▓▓▓▓▓▓▓▓░░░░░░░░░░▓▓▓▓▓▓░░░░░░▓▓▓▓▓▓░░░░░░▓▓▓▓▓▓░░░░░░░░░░▓▓▓▓▓▓▓▓
▓▓▓▓▓▓░░░░░░░░▓▓▓▓░░▓▓▓▓▓▓▓▓░░░░▓▓░░░░▓▓▓▓▓▓▓▓░░▓▓▓▓░░░░░░░░▓▓▓▓▓▓
▓▓▓▓▓▓▓▓░░░░▓▓▓▓░░░░▓▓▓▓▓▓▓▓░░░░░░░░░░▓▓▓▓▓▓▓▓░░░░▓▓▓▓░░░░▓▓▓▓▓▓▓▓
░░░░▓▓▓▓░░░░▓▓▓▓░░░░▓▓▓▓▓▓▓▓▓▓▓▓░░▓▓▓▓▓▓▓▓▓▓▓▓░░░░▓▓▓▓░░░░▓▓▓▓░░░░
██▓▓▓▓▓▓░░▓▓▓▓▓▓░░░░▓▓░░░░▓▓▓▓▓▓░░▓▓▓▓▓▓░░░░▓▓░░░░▓▓▓▓▓▓░░▓▓▓▓▓▓██
██▓▓▓▓░░░░░░▓▓░░░░░░░░░░░░▓▓▓▓▓▓▓▓▓▓▓▓▓▓░░░░░░░░░░░░▓▓░░░░░░▓▓▓▓██
██░░░░░░░░░░▓▓░░░░░░░░░░▓▓▓▓░░░░▓▓░░░░▓▓▓▓░░░░░░░░░░▓▓░░░░░░░░░░██
████░░░░▓▓▓▓▓▓▓▓▓▓▓▓░░▓▓▓▓░░░░░░░░░░░░░░▓▓▓▓░░▓▓▓▓▓▓▓▓▓▓▓▓░░░░████
██████░░▓▓▓▓▓▓▓▓▓▓▓▓▓▓░░░░░░▓▓▓▓▓▓▓▓▓▓░░░░░░▓▓▓▓▓▓▓▓▓▓▓▓▓▓░░██████
████████▓▓▓▓▓▓░░░░░░▓▓░░░░░░▓▓▓▓▓▓▓▓▓▓░░░░░░▓▓░░░░░░▓▓▓▓▓▓████████
████████▓▓░░▓▓░░21░░▓▓▓▓░░▓▓▓▓░░░░░░▓▓▓▓░░▓▓▓▓░░12░░▓▓░░▓▓████████
████████████▓▓░░░░░░▓▓░░░░▓▓▓▓░░░░░░▓▓▓▓░░░░▓▓░░░░░░▓▓████████████
██████████████▓▓▓▓▓▓▓▓░░░░░░▓▓▓▓░░▓▓▓▓░░░░░░▓▓▓▓▓▓▓▓██████████████
████████████████▓▓▓▓▓▓▓▓▓▓▓▓▓▓▓▓░░▓▓▓▓▓▓▓▓▓▓▓▓▓▓▓▓████████████████
██████████████████████▓▓▓▓░░▓▓▓▓░░▓▓▓▓░░▓▓▓▓██████████████████████
No command provided by bot. Falling back to default no command
No command provided by bot. Falling back to default no command
GameError - Player 1, worm 2, round 11: Unknown command: No Command
GameError - Player 2, worm 2, round 11: Unknown command: No Command
=======================================
Completed round: 11 
=======================================

=======================================
Starting round: 12 
=======================================

My Player:H=350 S=72 W=3 X,Y=1,16
Player 2 :H=350 S=72

██████████████████████░░▓▓▓▓░░▓▓▓▓▓▓░░▓▓▓▓░░██████████████████████
████████████████▓▓▓▓░░░░░░▓▓▓▓▓▓▓▓▓▓▓▓▓▓░░░░░░▓▓▓▓████████████████
██████████████▓▓▓▓▓▓▓▓░░▓▓▓▓▓▓▓▓░░▓▓▓▓▓▓▓▓░░▓▓▓▓▓▓▓▓██████████████
████████████▓▓░░░░░░▓▓░░▓▓▓▓░░░░░░░░░░▓▓▓▓░░▓▓░░░░░░▓▓████████████
████████▓▓▓▓▓▓░░22░░▓▓░░░░▓▓░░░░▓▓░░░░▓▓░░░░▓▓░░11░░▓▓▓▓▓▓████████
████████░░░░▓▓░░░░░░▓▓░░░░▓▓░░▓▓▓▓▓▓░░▓▓░░░░▓▓░░░░░░▓▓░░░░████████
██████░░░░▓▓▓▓▓▓▓▓▓▓▓▓░░░░░░▓▓▓▓▓▓▓▓▓▓░░░░░░▓▓▓▓▓▓▓▓▓▓▓▓░░░░██████
████░░░░▓▓▓▓▓▓▓▓░░▓▓▓▓░░░░░░▓▓▓▓░░▓▓▓▓░░░░░░▓▓▓▓░░▓▓▓▓▓▓▓▓░░░░████
██▓▓░░▓▓▓▓▓▓▓▓░░░░▓▓▓▓▓▓░░░░▓▓▓▓░░▓▓▓▓░░░░▓▓▓▓▓▓░░░░▓▓▓▓▓▓▓▓░░▓▓██
██▓▓░░░░▓▓░░▓▓▓▓▓▓░░▓▓▓▓▓▓░░░░░░░░░░░░░░▓▓▓▓▓▓░░▓▓▓▓▓▓░░▓▓░░░░▓▓██
██░░░░▓▓▓▓░░░░▓▓░░░░▓▓▓▓▓▓░░░░░░░░░░░░░░▓▓▓▓▓▓░░░░▓▓░░░░▓▓▓▓░░░░██
░░░░▓▓▓▓▓▓▓▓░░░░░░░░▓▓▓▓▓▓░░░░░░▓▓░░░░░░▓▓▓▓▓▓░░░░░░░░▓▓▓▓▓▓▓▓░░░░
░░░░░░▓▓▓▓▓▓░░░░░░▓▓▓▓▓▓▓▓░░░░░░▓▓░░░░░░▓▓▓▓▓▓▓▓░░░░░░▓▓▓▓▓▓░░░░░░
▓▓▓▓▓▓▓▓▓▓▓▓░░░░░░░░▓▓▓▓░░▓▓▓▓▓▓▓▓▓▓▓▓▓▓░░▓▓▓▓░░░░░░░░▓▓▓▓▓▓▓▓▓▓▓▓
▓▓▓▓▓▓▓▓▓▓▓▓▓▓▓▓▓▓░░▓▓▓▓▓▓▓▓░░░░░░░░░░▓▓▓▓▓▓▓▓░░▓▓▓▓▓▓▓▓▓▓▓▓▓▓▓▓▓▓
░░░░░░▓▓░░▓▓▓▓▓▓▓▓▓▓▓▓▓▓▓▓▓▓╠╣░░░░░░░░▓▓▓▓▓▓▓▓▓▓▓▓▓▓▓▓▓▓░░▓▓░░░░░░
░░13░░▓▓▓▓▓▓▓▓░░▓▓▓▓▓▓▓▓▓▓▓▓▓▓░░░░░░▓▓▓▓▓▓▓▓▓▓▓▓▓▓░░▓▓▓▓▓▓▓▓░░23░░
░░░░░░▓▓▓▓▓▓░░░░░░▓▓▓▓▓▓░░░░░░░░░░░░╠╣░░░░▓▓▓▓▓▓░░░░░░▓▓▓▓▓▓░░░░░░
▓▓▓▓▓▓▓▓░░░░░░░░░░▓▓▓▓▓▓░░░░░░▓▓▓▓▓▓░░░░░░▓▓▓▓▓▓░░░░░░░░░░▓▓▓▓▓▓▓▓
▓▓▓▓▓▓░░░░░░░░▓▓▓▓░░▓▓▓▓▓▓▓▓░░░░▓▓░░░░▓▓▓▓▓▓▓▓░░▓▓▓▓░░░░░░░░▓▓▓▓▓▓
▓▓▓▓▓▓▓▓░░░░▓▓▓▓░░░░▓▓▓▓▓▓▓▓░░░░░░░░░░▓▓▓▓▓▓▓▓░░░░▓▓▓▓░░░░▓▓▓▓▓▓▓▓
░░░░▓▓▓▓░░░░▓▓▓▓░░░░▓▓▓▓▓▓▓▓▓▓▓▓░░▓▓▓▓▓▓▓▓▓▓▓▓░░░░▓▓▓▓░░░░▓▓▓▓░░░░
██▓▓▓▓▓▓░░▓▓▓▓▓▓░░░░▓▓░░░░▓▓▓▓▓▓░░▓▓▓▓▓▓░░░░▓▓░░░░▓▓▓▓▓▓░░▓▓▓▓▓▓██
██▓▓▓▓░░░░░░▓▓░░░░░░░░░░░░▓▓▓▓▓▓▓▓▓▓▓▓▓▓░░░░░░░░░░░░▓▓░░░░░░▓▓▓▓██
██░░░░░░░░░░▓▓░░░░░░░░░░▓▓▓▓░░░░▓▓░░░░▓▓▓▓░░░░░░░░░░▓▓░░░░░░░░░░██
████░░░░▓▓▓▓▓▓▓▓▓▓▓▓░░▓▓▓▓░░░░░░░░░░░░░░▓▓▓▓░░▓▓▓▓▓▓▓▓▓▓▓▓░░░░████
██████░░▓▓▓▓▓▓▓▓▓▓▓▓▓▓░░░░░░▓▓▓▓▓▓▓▓▓▓░░░░░░▓▓▓▓▓▓▓▓▓▓▓▓▓▓░░██████
████████▓▓▓▓▓▓░░░░░░▓▓░░░░░░▓▓▓▓▓▓▓▓▓▓░░░░░░▓▓░░░░░░▓▓▓▓▓▓████████
████████▓▓░░▓▓░░21░░▓▓▓▓░░▓▓▓▓░░░░░░▓▓▓▓░░▓▓▓▓░░12░░▓▓░░▓▓████████
████████████▓▓░░░░░░▓▓░░░░▓▓▓▓░░░░░░▓▓▓▓░░░░▓▓░░░░░░▓▓████████████
██████████████▓▓▓▓▓▓▓▓░░░░░░▓▓▓▓░░▓▓▓▓░░░░░░▓▓▓▓▓▓▓▓██████████████
████████████████▓▓▓▓▓▓▓▓▓▓▓▓▓▓▓▓░░▓▓▓▓▓▓▓▓▓▓▓▓▓▓▓▓████████████████
██████████████████████▓▓▓▓░░▓▓▓▓░░▓▓▓▓░░▓▓▓▓██████████████████████
No command provided by bot. Falling back to default no command
No command provided by bot. Falling back to default no command
GameError - Player 1, worm 3, round 12: Unknown command: No Command
GameError - Player 2, worm 3, round 12: Unknown command: No Command
=======================================
Completed round: 12 
=======================================

=======================================
Starting round: 13 
=======================================

My Player:H=350 S=68 W=1 X,Y=24,4
Player 2 :H=350 S=68

██████████████████████░░▓▓▓▓░░▓▓▓▓▓▓░░▓▓▓▓░░██████████████████████
████████████████▓▓▓▓░░░░░░▓▓▓▓▓▓▓▓▓▓▓▓▓▓░░░░░░▓▓▓▓████████████████
██████████████▓▓▓▓▓▓▓▓░░▓▓▓▓▓▓▓▓░░▓▓▓▓▓▓▓▓░░▓▓▓▓▓▓▓▓██████████████
████████████▓▓░░░░░░▓▓░░▓▓▓▓░░░░░░░░░░▓▓▓▓░░▓▓░░░░░░▓▓████████████
████████▓▓▓▓▓▓░░22░░▓▓░░░░▓▓░░░░▓▓░░░░▓▓░░░░▓▓░░11░░▓▓▓▓▓▓████████
████████░░░░▓▓░░░░░░▓▓░░░░▓▓░░▓▓▓▓▓▓░░▓▓░░░░▓▓░░░░░░▓▓░░░░████████
██████░░░░▓▓▓▓▓▓▓▓▓▓▓▓░░░░░░▓▓▓▓▓▓▓▓▓▓░░░░░░▓▓▓▓▓▓▓▓▓▓▓▓░░░░██████
████░░░░▓▓▓▓▓▓▓▓░░▓▓▓▓░░░░░░▓▓▓▓░░▓▓▓▓░░░░░░▓▓▓▓░░▓▓▓▓▓▓▓▓░░░░████
██▓▓░░▓▓▓▓▓▓▓▓░░░░▓▓▓▓▓▓░░░░▓▓▓▓░░▓▓▓▓░░░░▓▓▓▓▓▓░░░░▓▓▓▓▓▓▓▓░░▓▓██
██▓▓░░░░▓▓░░▓▓▓▓▓▓░░▓▓▓▓▓▓░░░░░░░░░░░░░░▓▓▓▓▓▓░░▓▓▓▓▓▓░░▓▓░░░░▓▓██
██░░░░▓▓▓▓░░░░▓▓░░░░▓▓▓▓▓▓░░░░░░░░░░░░░░▓▓▓▓▓▓░░░░▓▓░░░░▓▓▓▓░░░░██
░░░░▓▓▓▓▓▓▓▓░░░░░░░░▓▓▓▓▓▓░░░░░░▓▓░░░░░░▓▓▓▓▓▓░░░░░░░░▓▓▓▓▓▓▓▓░░░░
░░░░░░▓▓▓▓▓▓░░░░░░▓▓▓▓▓▓▓▓░░░░░░▓▓░░░░░░▓▓▓▓▓▓▓▓░░░░░░▓▓▓▓▓▓░░░░░░
▓▓▓▓▓▓▓▓▓▓▓▓░░░░░░░░▓▓▓▓░░▓▓▓▓▓▓▓▓▓▓▓▓▓▓░░▓▓▓▓░░░░░░░░▓▓▓▓▓▓▓▓▓▓▓▓
▓▓▓▓▓▓▓▓▓▓▓▓▓▓▓▓▓▓░░▓▓▓▓▓▓▓▓░░░░░░░░░░▓▓▓▓▓▓▓▓░░▓▓▓▓▓▓▓▓▓▓▓▓▓▓▓▓▓▓
░░░░░░▓▓░░▓▓▓▓▓▓▓▓▓▓▓▓▓▓▓▓▓▓╠╣░░░░░░░░▓▓▓▓▓▓▓▓▓▓▓▓▓▓▓▓▓▓░░▓▓░░░░░░
░░13░░▓▓▓▓▓▓▓▓░░▓▓▓▓▓▓▓▓▓▓▓▓▓▓░░░░░░▓▓▓▓▓▓▓▓▓▓▓▓▓▓░░▓▓▓▓▓▓▓▓░░23░░
░░░░░░▓▓▓▓▓▓░░░░░░▓▓▓▓▓▓░░░░░░░░░░░░╠╣░░░░▓▓▓▓▓▓░░░░░░▓▓▓▓▓▓░░░░░░
▓▓▓▓▓▓▓▓░░░░░░░░░░▓▓▓▓▓▓░░░░░░▓▓▓▓▓▓░░░░░░▓▓▓▓▓▓░░░░░░░░░░▓▓▓▓▓▓▓▓
▓▓▓▓▓▓░░░░░░░░▓▓▓▓░░▓▓▓▓▓▓▓▓░░░░▓▓░░░░▓▓▓▓▓▓▓▓░░▓▓▓▓░░░░░░░░▓▓▓▓▓▓
▓▓▓▓▓▓▓▓░░░░▓▓▓▓░░░░▓▓▓▓▓▓▓▓░░░░░░░░░░▓▓▓▓▓▓▓▓░░░░▓▓▓▓░░░░▓▓▓▓▓▓▓▓
░░░░▓▓▓▓░░░░▓▓▓▓░░░░▓▓▓▓▓▓▓▓▓▓▓▓░░▓▓▓▓▓▓▓▓▓▓▓▓░░░░▓▓▓▓░░░░▓▓▓▓░░░░
██▓▓▓▓▓▓░░▓▓▓▓▓▓░░░░▓▓░░░░▓▓▓▓▓▓░░▓▓▓▓▓▓░░░░▓▓░░░░▓▓▓▓▓▓░░▓▓▓▓▓▓██
██▓▓▓▓░░░░░░▓▓░░░░░░░░░░░░▓▓▓▓▓▓▓▓▓▓▓▓▓▓░░░░░░░░░░░░▓▓░░░░░░▓▓▓▓██
██░░░░░░░░░░▓▓░░░░░░░░░░▓▓▓▓░░░░▓▓░░░░▓▓▓▓░░░░░░░░░░▓▓░░░░░░░░░░██
████░░░░▓▓▓▓▓▓▓▓▓▓▓▓░░▓▓▓▓░░░░░░░░░░░░░░▓▓▓▓░░▓▓▓▓▓▓▓▓▓▓▓▓░░░░████
██████░░▓▓▓▓▓▓▓▓▓▓▓▓▓▓░░░░░░▓▓▓▓▓▓▓▓▓▓░░░░░░▓▓▓▓▓▓▓▓▓▓▓▓▓▓░░██████
████████▓▓▓▓▓▓░░░░░░▓▓░░░░░░▓▓▓▓▓▓▓▓▓▓░░░░░░▓▓░░░░░░▓▓▓▓▓▓████████
████████▓▓░░▓▓░░21░░▓▓▓▓░░▓▓▓▓░░░░░░▓▓▓▓░░▓▓▓▓░░12░░▓▓░░▓▓████████
████████████▓▓░░░░░░▓▓░░░░▓▓▓▓░░░░░░▓▓▓▓░░░░▓▓░░░░░░▓▓████████████
██████████████▓▓▓▓▓▓▓▓░░░░░░▓▓▓▓░░▓▓▓▓░░░░░░▓▓▓▓▓▓▓▓██████████████
████████████████▓▓▓▓▓▓▓▓▓▓▓▓▓▓▓▓░░▓▓▓▓▓▓▓▓▓▓▓▓▓▓▓▓████████████████
██████████████████████▓▓▓▓░░▓▓▓▓░░▓▓▓▓░░▓▓▓▓██████████████████████
No command provided by bot. Falling back to default no command
No command provided by bot. Falling back to default no command
GameError - Player 1, worm 1, round 13: Unknown command: No Command
GameError - Player 2, worm 1, round 13: Unknown command: No Command
=======================================
Completed round: 13 
=======================================

Check if match is valid
=======================================
The game ended in a tie
=======================================
