Config for player A : ./starter-bots/java
./starter-bots/java/target
Config for player B : ./reference-bot/javascript
./reference-bot/javascript/
=======================================
Starting game
=======================================

=======================================
Starting round: 1 
=======================================

Error: Unable to access jarfile java-sample-bot-jar-with-dependencies.jar
My Player:H=350 S=116 W=1 X,Y=24,4
Player 2 :H=350 S=116

██████████████████████▓▓░░░░▓▓▓▓░░▓▓▓▓░░░░▓▓██████████████████████
████████████████░░░░▓▓▓▓░░░░▓▓▓▓░░▓▓▓▓░░░░▓▓▓▓░░░░████████████████
██████████████▓▓▓▓▓▓▓▓▓▓░░░░░░░░░░░░░░░░░░▓▓▓▓▓▓▓▓▓▓██████████████
████████████▓▓░░░░░░▓▓▓▓░░░░▓▓▓▓░░▓▓▓▓░░░░▓▓▓▓░░░░░░▓▓████████████
████████▓▓░░▓▓░░22░░▓▓░░░░▓▓▓▓▓▓▓▓▓▓▓▓▓▓░░░░▓▓░░11░░▓▓░░▓▓████████
████████▓▓▓▓▓▓░░░░░░▓▓░░░░▓▓▓▓▓▓░░▓▓▓▓▓▓░░░░▓▓░░░░░░▓▓▓▓▓▓████████
██████░░▓▓▓▓▓▓▓▓▓▓▓▓▓▓▓▓░░▓▓▓▓▓▓░░▓▓▓▓▓▓░░▓▓▓▓▓▓▓▓▓▓▓▓▓▓▓▓░░██████
████░░░░▓▓▓▓▓▓▓▓▓▓░░░░▓▓░░░░░░░░░░░░░░░░░░▓▓░░░░▓▓▓▓▓▓▓▓▓▓░░░░████
██░░░░░░▓▓░░░░░░░░░░░░▓▓░░░░░░░░░░░░░░░░░░▓▓░░░░░░░░░░░░▓▓░░░░░░██
██░░░░░░░░░░░░░░░░░░░░░░░░░░░░░░▓▓░░░░░░░░░░░░░░░░░░░░░░░░░░░░░░██
██▓▓░░▓▓░░▓▓▓▓▓▓▓▓░░░░░░░░░░░░▓▓▓▓▓▓░░░░░░░░░░░░▓▓▓▓▓▓▓▓░░▓▓░░▓▓██
▓▓▓▓▓▓▓▓▓▓▓▓▓▓▓▓▓▓▓▓▓▓▓▓░░░░░░░░░░░░░░░░░░▓▓▓▓▓▓▓▓▓▓▓▓▓▓▓▓▓▓▓▓▓▓▓▓
▓▓▓▓▓▓░░░░▓▓░░░░▓▓▓▓▓▓▓▓▓▓░░░░▓▓░░▓▓░░░░▓▓▓▓▓▓▓▓▓▓░░░░▓▓░░░░▓▓▓▓▓▓
░░░░▓▓░░░░▓▓▓▓▓▓▓▓▓▓▓▓▓▓░░░░▓▓▓▓▓▓▓▓▓▓░░░░▓▓▓▓▓▓▓▓▓▓▓▓▓▓░░░░▓▓░░░░
▓▓▓▓▓▓▓▓░░▓▓▓▓▓▓▓▓▓▓▓▓▓▓░░░░▓▓▓▓▓▓▓▓▓▓░░░░▓▓▓▓▓▓▓▓▓▓▓▓▓▓░░▓▓▓▓▓▓▓▓
░░░░░░▓▓▓▓░░░░▓▓░░░░▓▓░░▓▓▓▓╠╣░░▓▓░░░░▓▓▓▓░░▓▓░░░░▓▓░░░░▓▓▓▓░░░░░░
░░13░░▓▓▓▓░░░░▓▓▓▓▓▓▓▓░░░░░░░░░░▓▓░░░░░░░░░░▓▓▓▓▓▓▓▓░░░░▓▓▓▓░░23░░
░░░░░░▓▓▓▓▓▓░░░░▓▓▓▓░░░░░░░░▓▓▓▓░░▓▓╠╣░░░░░░░░▓▓▓▓░░░░▓▓▓▓▓▓░░░░░░
▓▓▓▓▓▓▓▓▓▓▓▓░░░░░░░░░░░░░░░░▓▓▓▓░░▓▓▓▓░░░░░░░░░░░░░░░░▓▓▓▓▓▓▓▓▓▓▓▓
░░░░▓▓▓▓▓▓▓▓░░░░░░░░░░▓▓░░░░▓▓▓▓░░▓▓▓▓░░░░▓▓░░░░░░░░░░▓▓▓▓▓▓▓▓░░░░
▓▓░░▓▓▓▓▓▓░░░░░░░░░░▓▓▓▓░░░░░░░░░░░░░░░░░░▓▓▓▓░░░░░░░░░░▓▓▓▓▓▓░░▓▓
▓▓▓▓▓▓▓▓▓▓░░▓▓▓▓▓▓░░▓▓▓▓▓▓░░░░░░░░░░░░░░▓▓▓▓▓▓░░▓▓▓▓▓▓░░▓▓▓▓▓▓▓▓▓▓
██▓▓▓▓▓▓▓▓░░▓▓▓▓▓▓▓▓▓▓▓▓▓▓▓▓▓▓▓▓▓▓▓▓▓▓▓▓▓▓▓▓▓▓▓▓▓▓▓▓▓▓░░▓▓▓▓▓▓▓▓██
██▓▓░░░░▓▓░░▓▓▓▓▓▓▓▓▓▓▓▓░░▓▓▓▓▓▓▓▓▓▓▓▓▓▓░░▓▓▓▓▓▓▓▓▓▓▓▓░░▓▓░░░░▓▓██
██▓▓░░░░▓▓░░▓▓▓▓▓▓▓▓▓▓▓▓░░░░▓▓▓▓▓▓▓▓▓▓░░░░▓▓▓▓▓▓▓▓▓▓▓▓░░▓▓░░░░▓▓██
████▓▓▓▓▓▓░░░░▓▓▓▓░░▓▓░░▓▓▓▓▓▓░░░░░░▓▓▓▓▓▓░░▓▓░░▓▓▓▓░░░░▓▓▓▓▓▓████
██████░░░░░░▓▓▓▓▓▓▓▓▓▓░░░░▓▓▓▓░░░░░░▓▓▓▓░░░░▓▓▓▓▓▓▓▓▓▓░░░░░░██████
████████░░░░▓▓░░░░░░▓▓▓▓░░░░░░░░░░░░░░░░░░▓▓▓▓░░░░░░▓▓░░░░████████
████████░░░░▓▓░░21░░▓▓▓▓░░░░░░░░░░░░░░░░░░▓▓▓▓░░12░░▓▓░░░░████████
████████████▓▓░░░░░░▓▓▓▓▓▓▓▓░░░░▓▓░░░░▓▓▓▓▓▓▓▓░░░░░░▓▓████████████
██████████████▓▓▓▓▓▓▓▓▓▓▓▓░░░░▓▓▓▓▓▓░░░░▓▓▓▓▓▓▓▓▓▓▓▓██████████████
████████████████▓▓▓▓▓▓▓▓▓▓░░░░▓▓▓▓▓▓░░░░▓▓▓▓▓▓▓▓▓▓████████████████
██████████████████████▓▓▓▓░░░░░░░░░░░░░░▓▓▓▓██████████████████████
Bot process failed
org.apache.commons.exec.ExecuteException: Process exited with an error: 1 (Exit value: 1)
	at org.apache.commons.exec.DefaultExecutor.executeInternal(DefaultExecutor.java:404) ~[game-runner-jar-with-dependencies.jar:?]
	at org.apache.commons.exec.DefaultExecutor.access$200(DefaultExecutor.java:48) ~[game-runner-jar-with-dependencies.jar:?]
	at org.apache.commons.exec.DefaultExecutor$1.run(DefaultExecutor.java:200) [game-runner-jar-with-dependencies.jar:?]
	at java.lang.Thread.run(Thread.java:748) [?:1.8.0_282]
No command provided by bot. Falling back to default no command
C;1;move 9 27
GameError - Player 1, worm 1, round 1: Unknown command: No Command
=======================================
Completed round: 1 
=======================================

=======================================
Starting round: 2 
=======================================

My Player:H=350 S=112 W=2 X,Y=24,28
Player 2 :H=350 S=121

██████████████████████▓▓░░░░▓▓▓▓░░▓▓▓▓░░░░▓▓██████████████████████
████████████████░░░░▓▓▓▓░░░░▓▓▓▓░░▓▓▓▓░░░░▓▓▓▓░░░░████████████████
██████████████▓▓▓▓▓▓▓▓▓▓░░░░░░░░░░░░░░░░░░▓▓▓▓▓▓▓▓▓▓██████████████
████████████▓▓░░░░░░▓▓▓▓░░░░▓▓▓▓░░▓▓▓▓░░░░▓▓▓▓░░░░░░▓▓████████████
████████▓▓░░▓▓░░22░░▓▓░░░░▓▓▓▓▓▓▓▓▓▓▓▓▓▓░░░░▓▓░░11░░▓▓░░▓▓████████
████████▓▓▓▓▓▓░░░░░░▓▓░░░░▓▓▓▓▓▓░░▓▓▓▓▓▓░░░░▓▓░░░░░░▓▓▓▓▓▓████████
██████░░▓▓▓▓▓▓▓▓▓▓▓▓▓▓▓▓░░▓▓▓▓▓▓░░▓▓▓▓▓▓░░▓▓▓▓▓▓▓▓▓▓▓▓▓▓▓▓░░██████
████░░░░▓▓▓▓▓▓▓▓▓▓░░░░▓▓░░░░░░░░░░░░░░░░░░▓▓░░░░▓▓▓▓▓▓▓▓▓▓░░░░████
██░░░░░░▓▓░░░░░░░░░░░░▓▓░░░░░░░░░░░░░░░░░░▓▓░░░░░░░░░░░░▓▓░░░░░░██
██░░░░░░░░░░░░░░░░░░░░░░░░░░░░░░▓▓░░░░░░░░░░░░░░░░░░░░░░░░░░░░░░██
██▓▓░░▓▓░░▓▓▓▓▓▓▓▓░░░░░░░░░░░░▓▓▓▓▓▓░░░░░░░░░░░░▓▓▓▓▓▓▓▓░░▓▓░░▓▓██
▓▓▓▓▓▓▓▓▓▓▓▓▓▓▓▓▓▓▓▓▓▓▓▓░░░░░░░░░░░░░░░░░░▓▓▓▓▓▓▓▓▓▓▓▓▓▓▓▓▓▓▓▓▓▓▓▓
▓▓▓▓▓▓░░░░▓▓░░░░▓▓▓▓▓▓▓▓▓▓░░░░▓▓░░▓▓░░░░▓▓▓▓▓▓▓▓▓▓░░░░▓▓░░░░▓▓▓▓▓▓
░░░░▓▓░░░░▓▓▓▓▓▓▓▓▓▓▓▓▓▓░░░░▓▓▓▓▓▓▓▓▓▓░░░░▓▓▓▓▓▓▓▓▓▓▓▓▓▓░░░░▓▓░░░░
▓▓▓▓▓▓▓▓░░▓▓▓▓▓▓▓▓▓▓▓▓▓▓░░░░▓▓▓▓▓▓▓▓▓▓░░░░▓▓▓▓▓▓▓▓▓▓▓▓▓▓░░▓▓▓▓▓▓▓▓
░░░░░░▓▓▓▓░░░░▓▓░░░░▓▓░░▓▓▓▓╠╣░░▓▓░░░░▓▓▓▓░░▓▓░░░░▓▓░░░░▓▓▓▓░░░░░░
░░13░░▓▓▓▓░░░░▓▓▓▓▓▓▓▓░░░░░░░░░░▓▓░░░░░░░░░░▓▓▓▓▓▓▓▓░░░░▓▓▓▓░░23░░
░░░░░░▓▓▓▓▓▓░░░░▓▓▓▓░░░░░░░░▓▓▓▓░░▓▓╠╣░░░░░░░░▓▓▓▓░░░░▓▓▓▓▓▓░░░░░░
▓▓▓▓▓▓▓▓▓▓▓▓░░░░░░░░░░░░░░░░▓▓▓▓░░▓▓▓▓░░░░░░░░░░░░░░░░▓▓▓▓▓▓▓▓▓▓▓▓
░░░░▓▓▓▓▓▓▓▓░░░░░░░░░░▓▓░░░░▓▓▓▓░░▓▓▓▓░░░░▓▓░░░░░░░░░░▓▓▓▓▓▓▓▓░░░░
▓▓░░▓▓▓▓▓▓░░░░░░░░░░▓▓▓▓░░░░░░░░░░░░░░░░░░▓▓▓▓░░░░░░░░░░▓▓▓▓▓▓░░▓▓
▓▓▓▓▓▓▓▓▓▓░░▓▓▓▓▓▓░░▓▓▓▓▓▓░░░░░░░░░░░░░░▓▓▓▓▓▓░░▓▓▓▓▓▓░░▓▓▓▓▓▓▓▓▓▓
██▓▓▓▓▓▓▓▓░░▓▓▓▓▓▓▓▓▓▓▓▓▓▓▓▓▓▓▓▓▓▓▓▓▓▓▓▓▓▓▓▓▓▓▓▓▓▓▓▓▓▓░░▓▓▓▓▓▓▓▓██
██▓▓░░░░▓▓░░▓▓▓▓▓▓▓▓▓▓▓▓░░▓▓▓▓▓▓▓▓▓▓▓▓▓▓░░▓▓▓▓▓▓▓▓▓▓▓▓░░▓▓░░░░▓▓██
██▓▓░░░░▓▓░░▓▓▓▓▓▓▓▓▓▓▓▓░░░░▓▓▓▓▓▓▓▓▓▓░░░░▓▓▓▓▓▓▓▓▓▓▓▓░░▓▓░░░░▓▓██
████▓▓▓▓▓▓░░░░▓▓▓▓░░▓▓░░▓▓▓▓▓▓░░░░░░▓▓▓▓▓▓░░▓▓░░▓▓▓▓░░░░▓▓▓▓▓▓████
██████░░░░░░▓▓▓▓▓▓▓▓▓▓░░░░▓▓▓▓░░░░░░▓▓▓▓░░░░▓▓▓▓▓▓▓▓▓▓░░░░░░██████
████████░░░░▓▓░░░░21▓▓▓▓░░░░░░░░░░░░░░░░░░▓▓▓▓░░░░░░▓▓░░░░████████
████████░░░░▓▓░░░░░░▓▓▓▓░░░░░░░░░░░░░░░░░░▓▓▓▓░░12░░▓▓░░░░████████
████████████▓▓░░░░░░▓▓▓▓▓▓▓▓░░░░▓▓░░░░▓▓▓▓▓▓▓▓░░░░░░▓▓████████████
██████████████▓▓▓▓▓▓▓▓▓▓▓▓░░░░▓▓▓▓▓▓░░░░▓▓▓▓▓▓▓▓▓▓▓▓██████████████
████████████████▓▓▓▓▓▓▓▓▓▓░░░░▓▓▓▓▓▓░░░░▓▓▓▓▓▓▓▓▓▓████████████████
██████████████████████▓▓▓▓░░░░░░░░░░░░░░▓▓▓▓██████████████████████
No command provided by bot. Falling back to default no command
C;2;move 9 5
GameError - Player 1, worm 2, round 2: Unknown command: No Command
=======================================
Completed round: 2 
=======================================

=======================================
Starting round: 3 
=======================================

My Player:H=350 S=108 W=3 X,Y=1,16
Player 2 :H=350 S=126

██████████████████████▓▓░░░░▓▓▓▓░░▓▓▓▓░░░░▓▓██████████████████████
████████████████░░░░▓▓▓▓░░░░▓▓▓▓░░▓▓▓▓░░░░▓▓▓▓░░░░████████████████
██████████████▓▓▓▓▓▓▓▓▓▓░░░░░░░░░░░░░░░░░░▓▓▓▓▓▓▓▓▓▓██████████████
████████████▓▓░░░░░░▓▓▓▓░░░░▓▓▓▓░░▓▓▓▓░░░░▓▓▓▓░░░░░░▓▓████████████
████████▓▓░░▓▓░░░░░░▓▓░░░░▓▓▓▓▓▓▓▓▓▓▓▓▓▓░░░░▓▓░░11░░▓▓░░▓▓████████
████████▓▓▓▓▓▓░░░░22▓▓░░░░▓▓▓▓▓▓░░▓▓▓▓▓▓░░░░▓▓░░░░░░▓▓▓▓▓▓████████
██████░░▓▓▓▓▓▓▓▓▓▓▓▓▓▓▓▓░░▓▓▓▓▓▓░░▓▓▓▓▓▓░░▓▓▓▓▓▓▓▓▓▓▓▓▓▓▓▓░░██████
████░░░░▓▓▓▓▓▓▓▓▓▓░░░░▓▓░░░░░░░░░░░░░░░░░░▓▓░░░░▓▓▓▓▓▓▓▓▓▓░░░░████
██░░░░░░▓▓░░░░░░░░░░░░▓▓░░░░░░░░░░░░░░░░░░▓▓░░░░░░░░░░░░▓▓░░░░░░██
██░░░░░░░░░░░░░░░░░░░░░░░░░░░░░░▓▓░░░░░░░░░░░░░░░░░░░░░░░░░░░░░░██
██▓▓░░▓▓░░▓▓▓▓▓▓▓▓░░░░░░░░░░░░▓▓▓▓▓▓░░░░░░░░░░░░▓▓▓▓▓▓▓▓░░▓▓░░▓▓██
▓▓▓▓▓▓▓▓▓▓▓▓▓▓▓▓▓▓▓▓▓▓▓▓░░░░░░░░░░░░░░░░░░▓▓▓▓▓▓▓▓▓▓▓▓▓▓▓▓▓▓▓▓▓▓▓▓
▓▓▓▓▓▓░░░░▓▓░░░░▓▓▓▓▓▓▓▓▓▓░░░░▓▓░░▓▓░░░░▓▓▓▓▓▓▓▓▓▓░░░░▓▓░░░░▓▓▓▓▓▓
░░░░▓▓░░░░▓▓▓▓▓▓▓▓▓▓▓▓▓▓░░░░▓▓▓▓▓▓▓▓▓▓░░░░▓▓▓▓▓▓▓▓▓▓▓▓▓▓░░░░▓▓░░░░
▓▓▓▓▓▓▓▓░░▓▓▓▓▓▓▓▓▓▓▓▓▓▓░░░░▓▓▓▓▓▓▓▓▓▓░░░░▓▓▓▓▓▓▓▓▓▓▓▓▓▓░░▓▓▓▓▓▓▓▓
░░░░░░▓▓▓▓░░░░▓▓░░░░▓▓░░▓▓▓▓╠╣░░▓▓░░░░▓▓▓▓░░▓▓░░░░▓▓░░░░▓▓▓▓░░░░░░
░░13░░▓▓▓▓░░░░▓▓▓▓▓▓▓▓░░░░░░░░░░▓▓░░░░░░░░░░▓▓▓▓▓▓▓▓░░░░▓▓▓▓░░23░░
░░░░░░▓▓▓▓▓▓░░░░▓▓▓▓░░░░░░░░▓▓▓▓░░▓▓╠╣░░░░░░░░▓▓▓▓░░░░▓▓▓▓▓▓░░░░░░
▓▓▓▓▓▓▓▓▓▓▓▓░░░░░░░░░░░░░░░░▓▓▓▓░░▓▓▓▓░░░░░░░░░░░░░░░░▓▓▓▓▓▓▓▓▓▓▓▓
░░░░▓▓▓▓▓▓▓▓░░░░░░░░░░▓▓░░░░▓▓▓▓░░▓▓▓▓░░░░▓▓░░░░░░░░░░▓▓▓▓▓▓▓▓░░░░
▓▓░░▓▓▓▓▓▓░░░░░░░░░░▓▓▓▓░░░░░░░░░░░░░░░░░░▓▓▓▓░░░░░░░░░░▓▓▓▓▓▓░░▓▓
▓▓▓▓▓▓▓▓▓▓░░▓▓▓▓▓▓░░▓▓▓▓▓▓░░░░░░░░░░░░░░▓▓▓▓▓▓░░▓▓▓▓▓▓░░▓▓▓▓▓▓▓▓▓▓
██▓▓▓▓▓▓▓▓░░▓▓▓▓▓▓▓▓▓▓▓▓▓▓▓▓▓▓▓▓▓▓▓▓▓▓▓▓▓▓▓▓▓▓▓▓▓▓▓▓▓▓░░▓▓▓▓▓▓▓▓██
██▓▓░░░░▓▓░░▓▓▓▓▓▓▓▓▓▓▓▓░░▓▓▓▓▓▓▓▓▓▓▓▓▓▓░░▓▓▓▓▓▓▓▓▓▓▓▓░░▓▓░░░░▓▓██
██▓▓░░░░▓▓░░▓▓▓▓▓▓▓▓▓▓▓▓░░░░▓▓▓▓▓▓▓▓▓▓░░░░▓▓▓▓▓▓▓▓▓▓▓▓░░▓▓░░░░▓▓██
████▓▓▓▓▓▓░░░░▓▓▓▓░░▓▓░░▓▓▓▓▓▓░░░░░░▓▓▓▓▓▓░░▓▓░░▓▓▓▓░░░░▓▓▓▓▓▓████
██████░░░░░░▓▓▓▓▓▓▓▓▓▓░░░░▓▓▓▓░░░░░░▓▓▓▓░░░░▓▓▓▓▓▓▓▓▓▓░░░░░░██████
████████░░░░▓▓░░░░21▓▓▓▓░░░░░░░░░░░░░░░░░░▓▓▓▓░░░░░░▓▓░░░░████████
████████░░░░▓▓░░░░░░▓▓▓▓░░░░░░░░░░░░░░░░░░▓▓▓▓░░12░░▓▓░░░░████████
████████████▓▓░░░░░░▓▓▓▓▓▓▓▓░░░░▓▓░░░░▓▓▓▓▓▓▓▓░░░░░░▓▓████████████
██████████████▓▓▓▓▓▓▓▓▓▓▓▓░░░░▓▓▓▓▓▓░░░░▓▓▓▓▓▓▓▓▓▓▓▓██████████████
████████████████▓▓▓▓▓▓▓▓▓▓░░░░▓▓▓▓▓▓░░░░▓▓▓▓▓▓▓▓▓▓████████████████
██████████████████████▓▓▓▓░░░░░░░░░░░░░░▓▓▓▓██████████████████████
No command provided by bot. Falling back to default no command
C;3;move 30 17
GameError - Player 1, worm 3, round 3: Unknown command: No Command
=======================================
Completed round: 3 
=======================================

=======================================
Starting round: 4 
=======================================

My Player:H=350 S=104 W=1 X,Y=24,4
Player 2 :H=350 S=131

██████████████████████▓▓░░░░▓▓▓▓░░▓▓▓▓░░░░▓▓██████████████████████
████████████████░░░░▓▓▓▓░░░░▓▓▓▓░░▓▓▓▓░░░░▓▓▓▓░░░░████████████████
██████████████▓▓▓▓▓▓▓▓▓▓░░░░░░░░░░░░░░░░░░▓▓▓▓▓▓▓▓▓▓██████████████
████████████▓▓░░░░░░▓▓▓▓░░░░▓▓▓▓░░▓▓▓▓░░░░▓▓▓▓░░░░░░▓▓████████████
████████▓▓░░▓▓░░░░░░▓▓░░░░▓▓▓▓▓▓▓▓▓▓▓▓▓▓░░░░▓▓░░11░░▓▓░░▓▓████████
████████▓▓▓▓▓▓░░░░22▓▓░░░░▓▓▓▓▓▓░░▓▓▓▓▓▓░░░░▓▓░░░░░░▓▓▓▓▓▓████████
██████░░▓▓▓▓▓▓▓▓▓▓▓▓▓▓▓▓░░▓▓▓▓▓▓░░▓▓▓▓▓▓░░▓▓▓▓▓▓▓▓▓▓▓▓▓▓▓▓░░██████
████░░░░▓▓▓▓▓▓▓▓▓▓░░░░▓▓░░░░░░░░░░░░░░░░░░▓▓░░░░▓▓▓▓▓▓▓▓▓▓░░░░████
██░░░░░░▓▓░░░░░░░░░░░░▓▓░░░░░░░░░░░░░░░░░░▓▓░░░░░░░░░░░░▓▓░░░░░░██
██░░░░░░░░░░░░░░░░░░░░░░░░░░░░░░▓▓░░░░░░░░░░░░░░░░░░░░░░░░░░░░░░██
██▓▓░░▓▓░░▓▓▓▓▓▓▓▓░░░░░░░░░░░░▓▓▓▓▓▓░░░░░░░░░░░░▓▓▓▓▓▓▓▓░░▓▓░░▓▓██
▓▓▓▓▓▓▓▓▓▓▓▓▓▓▓▓▓▓▓▓▓▓▓▓░░░░░░░░░░░░░░░░░░▓▓▓▓▓▓▓▓▓▓▓▓▓▓▓▓▓▓▓▓▓▓▓▓
▓▓▓▓▓▓░░░░▓▓░░░░▓▓▓▓▓▓▓▓▓▓░░░░▓▓░░▓▓░░░░▓▓▓▓▓▓▓▓▓▓░░░░▓▓░░░░▓▓▓▓▓▓
░░░░▓▓░░░░▓▓▓▓▓▓▓▓▓▓▓▓▓▓░░░░▓▓▓▓▓▓▓▓▓▓░░░░▓▓▓▓▓▓▓▓▓▓▓▓▓▓░░░░▓▓░░░░
▓▓▓▓▓▓▓▓░░▓▓▓▓▓▓▓▓▓▓▓▓▓▓░░░░▓▓▓▓▓▓▓▓▓▓░░░░▓▓▓▓▓▓▓▓▓▓▓▓▓▓░░▓▓▓▓▓▓▓▓
░░░░░░▓▓▓▓░░░░▓▓░░░░▓▓░░▓▓▓▓╠╣░░▓▓░░░░▓▓▓▓░░▓▓░░░░▓▓░░░░▓▓▓▓░░░░░░
░░13░░▓▓▓▓░░░░▓▓▓▓▓▓▓▓░░░░░░░░░░▓▓░░░░░░░░░░▓▓▓▓▓▓▓▓░░░░▓▓▓▓░░░░░░
░░░░░░▓▓▓▓▓▓░░░░▓▓▓▓░░░░░░░░▓▓▓▓░░▓▓╠╣░░░░░░░░▓▓▓▓░░░░▓▓▓▓▓▓23░░░░
▓▓▓▓▓▓▓▓▓▓▓▓░░░░░░░░░░░░░░░░▓▓▓▓░░▓▓▓▓░░░░░░░░░░░░░░░░▓▓▓▓▓▓▓▓▓▓▓▓
░░░░▓▓▓▓▓▓▓▓░░░░░░░░░░▓▓░░░░▓▓▓▓░░▓▓▓▓░░░░▓▓░░░░░░░░░░▓▓▓▓▓▓▓▓░░░░
▓▓░░▓▓▓▓▓▓░░░░░░░░░░▓▓▓▓░░░░░░░░░░░░░░░░░░▓▓▓▓░░░░░░░░░░▓▓▓▓▓▓░░▓▓
▓▓▓▓▓▓▓▓▓▓░░▓▓▓▓▓▓░░▓▓▓▓▓▓░░░░░░░░░░░░░░▓▓▓▓▓▓░░▓▓▓▓▓▓░░▓▓▓▓▓▓▓▓▓▓
██▓▓▓▓▓▓▓▓░░▓▓▓▓▓▓▓▓▓▓▓▓▓▓▓▓▓▓▓▓▓▓▓▓▓▓▓▓▓▓▓▓▓▓▓▓▓▓▓▓▓▓░░▓▓▓▓▓▓▓▓██
██▓▓░░░░▓▓░░▓▓▓▓▓▓▓▓▓▓▓▓░░▓▓▓▓▓▓▓▓▓▓▓▓▓▓░░▓▓▓▓▓▓▓▓▓▓▓▓░░▓▓░░░░▓▓██
██▓▓░░░░▓▓░░▓▓▓▓▓▓▓▓▓▓▓▓░░░░▓▓▓▓▓▓▓▓▓▓░░░░▓▓▓▓▓▓▓▓▓▓▓▓░░▓▓░░░░▓▓██
████▓▓▓▓▓▓░░░░▓▓▓▓░░▓▓░░▓▓▓▓▓▓░░░░░░▓▓▓▓▓▓░░▓▓░░▓▓▓▓░░░░▓▓▓▓▓▓████
██████░░░░░░▓▓▓▓▓▓▓▓▓▓░░░░▓▓▓▓░░░░░░▓▓▓▓░░░░▓▓▓▓▓▓▓▓▓▓░░░░░░██████
████████░░░░▓▓░░░░21▓▓▓▓░░░░░░░░░░░░░░░░░░▓▓▓▓░░░░░░▓▓░░░░████████
████████░░░░▓▓░░░░░░▓▓▓▓░░░░░░░░░░░░░░░░░░▓▓▓▓░░12░░▓▓░░░░████████
████████████▓▓░░░░░░▓▓▓▓▓▓▓▓░░░░▓▓░░░░▓▓▓▓▓▓▓▓░░░░░░▓▓████████████
██████████████▓▓▓▓▓▓▓▓▓▓▓▓░░░░▓▓▓▓▓▓░░░░▓▓▓▓▓▓▓▓▓▓▓▓██████████████
████████████████▓▓▓▓▓▓▓▓▓▓░░░░▓▓▓▓▓▓░░░░▓▓▓▓▓▓▓▓▓▓████████████████
██████████████████████▓▓▓▓░░░░░░░░░░░░░░▓▓▓▓██████████████████████
No command provided by bot. Falling back to default no command
C;4;dig 10 26
GameError - Player 1, worm 1, round 4: Unknown command: No Command
=======================================
Completed round: 4 
=======================================

=======================================
Starting round: 5 
=======================================

My Player:H=350 S=100 W=2 X,Y=24,28
Player 2 :H=350 S=138

██████████████████████▓▓░░░░▓▓▓▓░░▓▓▓▓░░░░▓▓██████████████████████
████████████████░░░░▓▓▓▓░░░░▓▓▓▓░░▓▓▓▓░░░░▓▓▓▓░░░░████████████████
██████████████▓▓▓▓▓▓▓▓▓▓░░░░░░░░░░░░░░░░░░▓▓▓▓▓▓▓▓▓▓██████████████
████████████▓▓░░░░░░▓▓▓▓░░░░▓▓▓▓░░▓▓▓▓░░░░▓▓▓▓░░░░░░▓▓████████████
████████▓▓░░▓▓░░░░░░▓▓░░░░▓▓▓▓▓▓▓▓▓▓▓▓▓▓░░░░▓▓░░11░░▓▓░░▓▓████████
████████▓▓▓▓▓▓░░░░22▓▓░░░░▓▓▓▓▓▓░░▓▓▓▓▓▓░░░░▓▓░░░░░░▓▓▓▓▓▓████████
██████░░▓▓▓▓▓▓▓▓▓▓▓▓▓▓▓▓░░▓▓▓▓▓▓░░▓▓▓▓▓▓░░▓▓▓▓▓▓▓▓▓▓▓▓▓▓▓▓░░██████
████░░░░▓▓▓▓▓▓▓▓▓▓░░░░▓▓░░░░░░░░░░░░░░░░░░▓▓░░░░▓▓▓▓▓▓▓▓▓▓░░░░████
██░░░░░░▓▓░░░░░░░░░░░░▓▓░░░░░░░░░░░░░░░░░░▓▓░░░░░░░░░░░░▓▓░░░░░░██
██░░░░░░░░░░░░░░░░░░░░░░░░░░░░░░▓▓░░░░░░░░░░░░░░░░░░░░░░░░░░░░░░██
██▓▓░░▓▓░░▓▓▓▓▓▓▓▓░░░░░░░░░░░░▓▓▓▓▓▓░░░░░░░░░░░░▓▓▓▓▓▓▓▓░░▓▓░░▓▓██
▓▓▓▓▓▓▓▓▓▓▓▓▓▓▓▓▓▓▓▓▓▓▓▓░░░░░░░░░░░░░░░░░░▓▓▓▓▓▓▓▓▓▓▓▓▓▓▓▓▓▓▓▓▓▓▓▓
▓▓▓▓▓▓░░░░▓▓░░░░▓▓▓▓▓▓▓▓▓▓░░░░▓▓░░▓▓░░░░▓▓▓▓▓▓▓▓▓▓░░░░▓▓░░░░▓▓▓▓▓▓
░░░░▓▓░░░░▓▓▓▓▓▓▓▓▓▓▓▓▓▓░░░░▓▓▓▓▓▓▓▓▓▓░░░░▓▓▓▓▓▓▓▓▓▓▓▓▓▓░░░░▓▓░░░░
▓▓▓▓▓▓▓▓░░▓▓▓▓▓▓▓▓▓▓▓▓▓▓░░░░▓▓▓▓▓▓▓▓▓▓░░░░▓▓▓▓▓▓▓▓▓▓▓▓▓▓░░▓▓▓▓▓▓▓▓
░░░░░░▓▓▓▓░░░░▓▓░░░░▓▓░░▓▓▓▓╠╣░░▓▓░░░░▓▓▓▓░░▓▓░░░░▓▓░░░░▓▓▓▓░░░░░░
░░13░░▓▓▓▓░░░░▓▓▓▓▓▓▓▓░░░░░░░░░░▓▓░░░░░░░░░░▓▓▓▓▓▓▓▓░░░░▓▓▓▓░░░░░░
░░░░░░▓▓▓▓▓▓░░░░▓▓▓▓░░░░░░░░▓▓▓▓░░▓▓╠╣░░░░░░░░▓▓▓▓░░░░▓▓▓▓▓▓23░░░░
▓▓▓▓▓▓▓▓▓▓▓▓░░░░░░░░░░░░░░░░▓▓▓▓░░▓▓▓▓░░░░░░░░░░░░░░░░▓▓▓▓▓▓▓▓▓▓▓▓
░░░░▓▓▓▓▓▓▓▓░░░░░░░░░░▓▓░░░░▓▓▓▓░░▓▓▓▓░░░░▓▓░░░░░░░░░░▓▓▓▓▓▓▓▓░░░░
▓▓░░▓▓▓▓▓▓░░░░░░░░░░▓▓▓▓░░░░░░░░░░░░░░░░░░▓▓▓▓░░░░░░░░░░▓▓▓▓▓▓░░▓▓
▓▓▓▓▓▓▓▓▓▓░░▓▓▓▓▓▓░░▓▓▓▓▓▓░░░░░░░░░░░░░░▓▓▓▓▓▓░░▓▓▓▓▓▓░░▓▓▓▓▓▓▓▓▓▓
██▓▓▓▓▓▓▓▓░░▓▓▓▓▓▓▓▓▓▓▓▓▓▓▓▓▓▓▓▓▓▓▓▓▓▓▓▓▓▓▓▓▓▓▓▓▓▓▓▓▓▓░░▓▓▓▓▓▓▓▓██
██▓▓░░░░▓▓░░▓▓▓▓▓▓▓▓▓▓▓▓░░▓▓▓▓▓▓▓▓▓▓▓▓▓▓░░▓▓▓▓▓▓▓▓▓▓▓▓░░▓▓░░░░▓▓██
██▓▓░░░░▓▓░░▓▓▓▓▓▓▓▓▓▓▓▓░░░░▓▓▓▓▓▓▓▓▓▓░░░░▓▓▓▓▓▓▓▓▓▓▓▓░░▓▓░░░░▓▓██
████▓▓▓▓▓▓░░░░▓▓▓▓░░▓▓░░▓▓▓▓▓▓░░░░░░▓▓▓▓▓▓░░▓▓░░▓▓▓▓░░░░▓▓▓▓▓▓████
██████░░░░░░▓▓▓▓▓▓▓▓░░░░░░▓▓▓▓░░░░░░▓▓▓▓░░░░▓▓▓▓▓▓▓▓▓▓░░░░░░██████
████████░░░░▓▓░░░░21▓▓▓▓░░░░░░░░░░░░░░░░░░▓▓▓▓░░░░░░▓▓░░░░████████
████████░░░░▓▓░░░░░░▓▓▓▓░░░░░░░░░░░░░░░░░░▓▓▓▓░░12░░▓▓░░░░████████
████████████▓▓░░░░░░▓▓▓▓▓▓▓▓░░░░▓▓░░░░▓▓▓▓▓▓▓▓░░░░░░▓▓████████████
██████████████▓▓▓▓▓▓▓▓▓▓▓▓░░░░▓▓▓▓▓▓░░░░▓▓▓▓▓▓▓▓▓▓▓▓██████████████
████████████████▓▓▓▓▓▓▓▓▓▓░░░░▓▓▓▓▓▓░░░░▓▓▓▓▓▓▓▓▓▓████████████████
██████████████████████▓▓▓▓░░░░░░░░░░░░░░▓▓▓▓██████████████████████
No command provided by bot. Falling back to default no command
C;5;dig 10 6
GameError - Player 1, worm 2, round 5: Unknown command: No Command
=======================================
Completed round: 5 
=======================================

=======================================
Starting round: 6 
=======================================

My Player:H=350 S=96 W=3 X,Y=1,16
Player 2 :H=350 S=145

██████████████████████▓▓░░░░▓▓▓▓░░▓▓▓▓░░░░▓▓██████████████████████
████████████████░░░░▓▓▓▓░░░░▓▓▓▓░░▓▓▓▓░░░░▓▓▓▓░░░░████████████████
██████████████▓▓▓▓▓▓▓▓▓▓░░░░░░░░░░░░░░░░░░▓▓▓▓▓▓▓▓▓▓██████████████
████████████▓▓░░░░░░▓▓▓▓░░░░▓▓▓▓░░▓▓▓▓░░░░▓▓▓▓░░░░░░▓▓████████████
████████▓▓░░▓▓░░░░░░▓▓░░░░▓▓▓▓▓▓▓▓▓▓▓▓▓▓░░░░▓▓░░11░░▓▓░░▓▓████████
████████▓▓▓▓▓▓░░░░22▓▓░░░░▓▓▓▓▓▓░░▓▓▓▓▓▓░░░░▓▓░░░░░░▓▓▓▓▓▓████████
██████░░▓▓▓▓▓▓▓▓▓▓▓▓░░▓▓░░▓▓▓▓▓▓░░▓▓▓▓▓▓░░▓▓▓▓▓▓▓▓▓▓▓▓▓▓▓▓░░██████
████░░░░▓▓▓▓▓▓▓▓▓▓░░░░▓▓░░░░░░░░░░░░░░░░░░▓▓░░░░▓▓▓▓▓▓▓▓▓▓░░░░████
██░░░░░░▓▓░░░░░░░░░░░░▓▓░░░░░░░░░░░░░░░░░░▓▓░░░░░░░░░░░░▓▓░░░░░░██
██░░░░░░░░░░░░░░░░░░░░░░░░░░░░░░▓▓░░░░░░░░░░░░░░░░░░░░░░░░░░░░░░██
██▓▓░░▓▓░░▓▓▓▓▓▓▓▓░░░░░░░░░░░░▓▓▓▓▓▓░░░░░░░░░░░░▓▓▓▓▓▓▓▓░░▓▓░░▓▓██
▓▓▓▓▓▓▓▓▓▓▓▓▓▓▓▓▓▓▓▓▓▓▓▓░░░░░░░░░░░░░░░░░░▓▓▓▓▓▓▓▓▓▓▓▓▓▓▓▓▓▓▓▓▓▓▓▓
▓▓▓▓▓▓░░░░▓▓░░░░▓▓▓▓▓▓▓▓▓▓░░░░▓▓░░▓▓░░░░▓▓▓▓▓▓▓▓▓▓░░░░▓▓░░░░▓▓▓▓▓▓
░░░░▓▓░░░░▓▓▓▓▓▓▓▓▓▓▓▓▓▓░░░░▓▓▓▓▓▓▓▓▓▓░░░░▓▓▓▓▓▓▓▓▓▓▓▓▓▓░░░░▓▓░░░░
▓▓▓▓▓▓▓▓░░▓▓▓▓▓▓▓▓▓▓▓▓▓▓░░░░▓▓▓▓▓▓▓▓▓▓░░░░▓▓▓▓▓▓▓▓▓▓▓▓▓▓░░▓▓▓▓▓▓▓▓
░░░░░░▓▓▓▓░░░░▓▓░░░░▓▓░░▓▓▓▓╠╣░░▓▓░░░░▓▓▓▓░░▓▓░░░░▓▓░░░░▓▓▓▓░░░░░░
░░13░░▓▓▓▓░░░░▓▓▓▓▓▓▓▓░░░░░░░░░░▓▓░░░░░░░░░░▓▓▓▓▓▓▓▓░░░░▓▓▓▓░░░░░░
░░░░░░▓▓▓▓▓▓░░░░▓▓▓▓░░░░░░░░▓▓▓▓░░▓▓╠╣░░░░░░░░▓▓▓▓░░░░▓▓▓▓▓▓23░░░░
▓▓▓▓▓▓▓▓▓▓▓▓░░░░░░░░░░░░░░░░▓▓▓▓░░▓▓▓▓░░░░░░░░░░░░░░░░▓▓▓▓▓▓▓▓▓▓▓▓
░░░░▓▓▓▓▓▓▓▓░░░░░░░░░░▓▓░░░░▓▓▓▓░░▓▓▓▓░░░░▓▓░░░░░░░░░░▓▓▓▓▓▓▓▓░░░░
▓▓░░▓▓▓▓▓▓░░░░░░░░░░▓▓▓▓░░░░░░░░░░░░░░░░░░▓▓▓▓░░░░░░░░░░▓▓▓▓▓▓░░▓▓
▓▓▓▓▓▓▓▓▓▓░░▓▓▓▓▓▓░░▓▓▓▓▓▓░░░░░░░░░░░░░░▓▓▓▓▓▓░░▓▓▓▓▓▓░░▓▓▓▓▓▓▓▓▓▓
██▓▓▓▓▓▓▓▓░░▓▓▓▓▓▓▓▓▓▓▓▓▓▓▓▓▓▓▓▓▓▓▓▓▓▓▓▓▓▓▓▓▓▓▓▓▓▓▓▓▓▓░░▓▓▓▓▓▓▓▓██
██▓▓░░░░▓▓░░▓▓▓▓▓▓▓▓▓▓▓▓░░▓▓▓▓▓▓▓▓▓▓▓▓▓▓░░▓▓▓▓▓▓▓▓▓▓▓▓░░▓▓░░░░▓▓██
██▓▓░░░░▓▓░░▓▓▓▓▓▓▓▓▓▓▓▓░░░░▓▓▓▓▓▓▓▓▓▓░░░░▓▓▓▓▓▓▓▓▓▓▓▓░░▓▓░░░░▓▓██
████▓▓▓▓▓▓░░░░▓▓▓▓░░▓▓░░▓▓▓▓▓▓░░░░░░▓▓▓▓▓▓░░▓▓░░▓▓▓▓░░░░▓▓▓▓▓▓████
██████░░░░░░▓▓▓▓▓▓▓▓░░░░░░▓▓▓▓░░░░░░▓▓▓▓░░░░▓▓▓▓▓▓▓▓▓▓░░░░░░██████
████████░░░░▓▓░░░░21▓▓▓▓░░░░░░░░░░░░░░░░░░▓▓▓▓░░░░░░▓▓░░░░████████
████████░░░░▓▓░░░░░░▓▓▓▓░░░░░░░░░░░░░░░░░░▓▓▓▓░░12░░▓▓░░░░████████
████████████▓▓░░░░░░▓▓▓▓▓▓▓▓░░░░▓▓░░░░▓▓▓▓▓▓▓▓░░░░░░▓▓████████████
██████████████▓▓▓▓▓▓▓▓▓▓▓▓░░░░▓▓▓▓▓▓░░░░▓▓▓▓▓▓▓▓▓▓▓▓██████████████
████████████████▓▓▓▓▓▓▓▓▓▓░░░░▓▓▓▓▓▓░░░░▓▓▓▓▓▓▓▓▓▓████████████████
██████████████████████▓▓▓▓░░░░░░░░░░░░░░▓▓▓▓██████████████████████
No command provided by bot. Falling back to default no command
C;6;dig 29 17
GameError - Player 1, worm 3, round 6: Unknown command: No Command
=======================================
Completed round: 6 
=======================================

=======================================
Starting round: 7 
=======================================

My Player:H=350 S=92 W=1 X,Y=24,4
Player 2 :H=350 S=152

██████████████████████▓▓░░░░▓▓▓▓░░▓▓▓▓░░░░▓▓██████████████████████
████████████████░░░░▓▓▓▓░░░░▓▓▓▓░░▓▓▓▓░░░░▓▓▓▓░░░░████████████████
██████████████▓▓▓▓▓▓▓▓▓▓░░░░░░░░░░░░░░░░░░▓▓▓▓▓▓▓▓▓▓██████████████
████████████▓▓░░░░░░▓▓▓▓░░░░▓▓▓▓░░▓▓▓▓░░░░▓▓▓▓░░░░░░▓▓████████████
████████▓▓░░▓▓░░░░░░▓▓░░░░▓▓▓▓▓▓▓▓▓▓▓▓▓▓░░░░▓▓░░11░░▓▓░░▓▓████████
████████▓▓▓▓▓▓░░░░22▓▓░░░░▓▓▓▓▓▓░░▓▓▓▓▓▓░░░░▓▓░░░░░░▓▓▓▓▓▓████████
██████░░▓▓▓▓▓▓▓▓▓▓▓▓░░▓▓░░▓▓▓▓▓▓░░▓▓▓▓▓▓░░▓▓▓▓▓▓▓▓▓▓▓▓▓▓▓▓░░██████
████░░░░▓▓▓▓▓▓▓▓▓▓░░░░▓▓░░░░░░░░░░░░░░░░░░▓▓░░░░▓▓▓▓▓▓▓▓▓▓░░░░████
██░░░░░░▓▓░░░░░░░░░░░░▓▓░░░░░░░░░░░░░░░░░░▓▓░░░░░░░░░░░░▓▓░░░░░░██
██░░░░░░░░░░░░░░░░░░░░░░░░░░░░░░▓▓░░░░░░░░░░░░░░░░░░░░░░░░░░░░░░██
██▓▓░░▓▓░░▓▓▓▓▓▓▓▓░░░░░░░░░░░░▓▓▓▓▓▓░░░░░░░░░░░░▓▓▓▓▓▓▓▓░░▓▓░░▓▓██
▓▓▓▓▓▓▓▓▓▓▓▓▓▓▓▓▓▓▓▓▓▓▓▓░░░░░░░░░░░░░░░░░░▓▓▓▓▓▓▓▓▓▓▓▓▓▓▓▓▓▓▓▓▓▓▓▓
▓▓▓▓▓▓░░░░▓▓░░░░▓▓▓▓▓▓▓▓▓▓░░░░▓▓░░▓▓░░░░▓▓▓▓▓▓▓▓▓▓░░░░▓▓░░░░▓▓▓▓▓▓
░░░░▓▓░░░░▓▓▓▓▓▓▓▓▓▓▓▓▓▓░░░░▓▓▓▓▓▓▓▓▓▓░░░░▓▓▓▓▓▓▓▓▓▓▓▓▓▓░░░░▓▓░░░░
▓▓▓▓▓▓▓▓░░▓▓▓▓▓▓▓▓▓▓▓▓▓▓░░░░▓▓▓▓▓▓▓▓▓▓░░░░▓▓▓▓▓▓▓▓▓▓▓▓▓▓░░▓▓▓▓▓▓▓▓
░░░░░░▓▓▓▓░░░░▓▓░░░░▓▓░░▓▓▓▓╠╣░░▓▓░░░░▓▓▓▓░░▓▓░░░░▓▓░░░░▓▓▓▓░░░░░░
░░13░░▓▓▓▓░░░░▓▓▓▓▓▓▓▓░░░░░░░░░░▓▓░░░░░░░░░░▓▓▓▓▓▓▓▓░░░░▓▓▓▓░░░░░░
░░░░░░▓▓▓▓▓▓░░░░▓▓▓▓░░░░░░░░▓▓▓▓░░▓▓╠╣░░░░░░░░▓▓▓▓░░░░▓▓▓▓░░23░░░░
▓▓▓▓▓▓▓▓▓▓▓▓░░░░░░░░░░░░░░░░▓▓▓▓░░▓▓▓▓░░░░░░░░░░░░░░░░▓▓▓▓▓▓▓▓▓▓▓▓
░░░░▓▓▓▓▓▓▓▓░░░░░░░░░░▓▓░░░░▓▓▓▓░░▓▓▓▓░░░░▓▓░░░░░░░░░░▓▓▓▓▓▓▓▓░░░░
▓▓░░▓▓▓▓▓▓░░░░░░░░░░▓▓▓▓░░░░░░░░░░░░░░░░░░▓▓▓▓░░░░░░░░░░▓▓▓▓▓▓░░▓▓
▓▓▓▓▓▓▓▓▓▓░░▓▓▓▓▓▓░░▓▓▓▓▓▓░░░░░░░░░░░░░░▓▓▓▓▓▓░░▓▓▓▓▓▓░░▓▓▓▓▓▓▓▓▓▓
██▓▓▓▓▓▓▓▓░░▓▓▓▓▓▓▓▓▓▓▓▓▓▓▓▓▓▓▓▓▓▓▓▓▓▓▓▓▓▓▓▓▓▓▓▓▓▓▓▓▓▓░░▓▓▓▓▓▓▓▓██
██▓▓░░░░▓▓░░▓▓▓▓▓▓▓▓▓▓▓▓░░▓▓▓▓▓▓▓▓▓▓▓▓▓▓░░▓▓▓▓▓▓▓▓▓▓▓▓░░▓▓░░░░▓▓██
██▓▓░░░░▓▓░░▓▓▓▓▓▓▓▓▓▓▓▓░░░░▓▓▓▓▓▓▓▓▓▓░░░░▓▓▓▓▓▓▓▓▓▓▓▓░░▓▓░░░░▓▓██
████▓▓▓▓▓▓░░░░▓▓▓▓░░▓▓░░▓▓▓▓▓▓░░░░░░▓▓▓▓▓▓░░▓▓░░▓▓▓▓░░░░▓▓▓▓▓▓████
██████░░░░░░▓▓▓▓▓▓▓▓░░░░░░▓▓▓▓░░░░░░▓▓▓▓░░░░▓▓▓▓▓▓▓▓▓▓░░░░░░██████
████████░░░░▓▓░░░░21▓▓▓▓░░░░░░░░░░░░░░░░░░▓▓▓▓░░░░░░▓▓░░░░████████
████████░░░░▓▓░░░░░░▓▓▓▓░░░░░░░░░░░░░░░░░░▓▓▓▓░░12░░▓▓░░░░████████
████████████▓▓░░░░░░▓▓▓▓▓▓▓▓░░░░▓▓░░░░▓▓▓▓▓▓▓▓░░░░░░▓▓████████████
██████████████▓▓▓▓▓▓▓▓▓▓▓▓░░░░▓▓▓▓▓▓░░░░▓▓▓▓▓▓▓▓▓▓▓▓██████████████
████████████████▓▓▓▓▓▓▓▓▓▓░░░░▓▓▓▓▓▓░░░░▓▓▓▓▓▓▓▓▓▓████████████████
██████████████████████▓▓▓▓░░░░░░░░░░░░░░▓▓▓▓██████████████████████
No command provided by bot. Falling back to default no command
C;7;move 10 26
GameError - Player 1, worm 1, round 7: Unknown command: No Command
=======================================
Completed round: 7 
=======================================

=======================================
Starting round: 8 
=======================================

My Player:H=350 S=88 W=2 X,Y=24,28
Player 2 :H=350 S=157

██████████████████████▓▓░░░░▓▓▓▓░░▓▓▓▓░░░░▓▓██████████████████████
████████████████░░░░▓▓▓▓░░░░▓▓▓▓░░▓▓▓▓░░░░▓▓▓▓░░░░████████████████
██████████████▓▓▓▓▓▓▓▓▓▓░░░░░░░░░░░░░░░░░░▓▓▓▓▓▓▓▓▓▓██████████████
████████████▓▓░░░░░░▓▓▓▓░░░░▓▓▓▓░░▓▓▓▓░░░░▓▓▓▓░░░░░░▓▓████████████
████████▓▓░░▓▓░░░░░░▓▓░░░░▓▓▓▓▓▓▓▓▓▓▓▓▓▓░░░░▓▓░░11░░▓▓░░▓▓████████
████████▓▓▓▓▓▓░░░░22▓▓░░░░▓▓▓▓▓▓░░▓▓▓▓▓▓░░░░▓▓░░░░░░▓▓▓▓▓▓████████
██████░░▓▓▓▓▓▓▓▓▓▓▓▓░░▓▓░░▓▓▓▓▓▓░░▓▓▓▓▓▓░░▓▓▓▓▓▓▓▓▓▓▓▓▓▓▓▓░░██████
████░░░░▓▓▓▓▓▓▓▓▓▓░░░░▓▓░░░░░░░░░░░░░░░░░░▓▓░░░░▓▓▓▓▓▓▓▓▓▓░░░░████
██░░░░░░▓▓░░░░░░░░░░░░▓▓░░░░░░░░░░░░░░░░░░▓▓░░░░░░░░░░░░▓▓░░░░░░██
██░░░░░░░░░░░░░░░░░░░░░░░░░░░░░░▓▓░░░░░░░░░░░░░░░░░░░░░░░░░░░░░░██
██▓▓░░▓▓░░▓▓▓▓▓▓▓▓░░░░░░░░░░░░▓▓▓▓▓▓░░░░░░░░░░░░▓▓▓▓▓▓▓▓░░▓▓░░▓▓██
▓▓▓▓▓▓▓▓▓▓▓▓▓▓▓▓▓▓▓▓▓▓▓▓░░░░░░░░░░░░░░░░░░▓▓▓▓▓▓▓▓▓▓▓▓▓▓▓▓▓▓▓▓▓▓▓▓
▓▓▓▓▓▓░░░░▓▓░░░░▓▓▓▓▓▓▓▓▓▓░░░░▓▓░░▓▓░░░░▓▓▓▓▓▓▓▓▓▓░░░░▓▓░░░░▓▓▓▓▓▓
░░░░▓▓░░░░▓▓▓▓▓▓▓▓▓▓▓▓▓▓░░░░▓▓▓▓▓▓▓▓▓▓░░░░▓▓▓▓▓▓▓▓▓▓▓▓▓▓░░░░▓▓░░░░
▓▓▓▓▓▓▓▓░░▓▓▓▓▓▓▓▓▓▓▓▓▓▓░░░░▓▓▓▓▓▓▓▓▓▓░░░░▓▓▓▓▓▓▓▓▓▓▓▓▓▓░░▓▓▓▓▓▓▓▓
░░░░░░▓▓▓▓░░░░▓▓░░░░▓▓░░▓▓▓▓╠╣░░▓▓░░░░▓▓▓▓░░▓▓░░░░▓▓░░░░▓▓▓▓░░░░░░
░░13░░▓▓▓▓░░░░▓▓▓▓▓▓▓▓░░░░░░░░░░▓▓░░░░░░░░░░▓▓▓▓▓▓▓▓░░░░▓▓▓▓░░░░░░
░░░░░░▓▓▓▓▓▓░░░░▓▓▓▓░░░░░░░░▓▓▓▓░░▓▓╠╣░░░░░░░░▓▓▓▓░░░░▓▓▓▓░░23░░░░
▓▓▓▓▓▓▓▓▓▓▓▓░░░░░░░░░░░░░░░░▓▓▓▓░░▓▓▓▓░░░░░░░░░░░░░░░░▓▓▓▓▓▓▓▓▓▓▓▓
░░░░▓▓▓▓▓▓▓▓░░░░░░░░░░▓▓░░░░▓▓▓▓░░▓▓▓▓░░░░▓▓░░░░░░░░░░▓▓▓▓▓▓▓▓░░░░
▓▓░░▓▓▓▓▓▓░░░░░░░░░░▓▓▓▓░░░░░░░░░░░░░░░░░░▓▓▓▓░░░░░░░░░░▓▓▓▓▓▓░░▓▓
▓▓▓▓▓▓▓▓▓▓░░▓▓▓▓▓▓░░▓▓▓▓▓▓░░░░░░░░░░░░░░▓▓▓▓▓▓░░▓▓▓▓▓▓░░▓▓▓▓▓▓▓▓▓▓
██▓▓▓▓▓▓▓▓░░▓▓▓▓▓▓▓▓▓▓▓▓▓▓▓▓▓▓▓▓▓▓▓▓▓▓▓▓▓▓▓▓▓▓▓▓▓▓▓▓▓▓░░▓▓▓▓▓▓▓▓██
██▓▓░░░░▓▓░░▓▓▓▓▓▓▓▓▓▓▓▓░░▓▓▓▓▓▓▓▓▓▓▓▓▓▓░░▓▓▓▓▓▓▓▓▓▓▓▓░░▓▓░░░░▓▓██
██▓▓░░░░▓▓░░▓▓▓▓▓▓▓▓▓▓▓▓░░░░▓▓▓▓▓▓▓▓▓▓░░░░▓▓▓▓▓▓▓▓▓▓▓▓░░▓▓░░░░▓▓██
████▓▓▓▓▓▓░░░░▓▓▓▓░░▓▓░░▓▓▓▓▓▓░░░░░░▓▓▓▓▓▓░░▓▓░░▓▓▓▓░░░░▓▓▓▓▓▓████
██████░░░░░░▓▓▓▓▓▓▓▓21░░░░▓▓▓▓░░░░░░▓▓▓▓░░░░▓▓▓▓▓▓▓▓▓▓░░░░░░██████
████████░░░░▓▓░░░░░░▓▓▓▓░░░░░░░░░░░░░░░░░░▓▓▓▓░░░░░░▓▓░░░░████████
████████░░░░▓▓░░░░░░▓▓▓▓░░░░░░░░░░░░░░░░░░▓▓▓▓░░12░░▓▓░░░░████████
████████████▓▓░░░░░░▓▓▓▓▓▓▓▓░░░░▓▓░░░░▓▓▓▓▓▓▓▓░░░░░░▓▓████████████
██████████████▓▓▓▓▓▓▓▓▓▓▓▓░░░░▓▓▓▓▓▓░░░░▓▓▓▓▓▓▓▓▓▓▓▓██████████████
████████████████▓▓▓▓▓▓▓▓▓▓░░░░▓▓▓▓▓▓░░░░▓▓▓▓▓▓▓▓▓▓████████████████
██████████████████████▓▓▓▓░░░░░░░░░░░░░░▓▓▓▓██████████████████████
No command provided by bot. Falling back to default no command
C;8;move 10 6
GameError - Player 1, worm 2, round 8: Unknown command: No Command
=======================================
Completed round: 8 
=======================================

=======================================
Starting round: 9 
=======================================

My Player:H=350 S=84 W=3 X,Y=1,16
Player 2 :H=350 S=162

██████████████████████▓▓░░░░▓▓▓▓░░▓▓▓▓░░░░▓▓██████████████████████
████████████████░░░░▓▓▓▓░░░░▓▓▓▓░░▓▓▓▓░░░░▓▓▓▓░░░░████████████████
██████████████▓▓▓▓▓▓▓▓▓▓░░░░░░░░░░░░░░░░░░▓▓▓▓▓▓▓▓▓▓██████████████
████████████▓▓░░░░░░▓▓▓▓░░░░▓▓▓▓░░▓▓▓▓░░░░▓▓▓▓░░░░░░▓▓████████████
████████▓▓░░▓▓░░░░░░▓▓░░░░▓▓▓▓▓▓▓▓▓▓▓▓▓▓░░░░▓▓░░11░░▓▓░░▓▓████████
████████▓▓▓▓▓▓░░░░░░▓▓░░░░▓▓▓▓▓▓░░▓▓▓▓▓▓░░░░▓▓░░░░░░▓▓▓▓▓▓████████
██████░░▓▓▓▓▓▓▓▓▓▓▓▓22▓▓░░▓▓▓▓▓▓░░▓▓▓▓▓▓░░▓▓▓▓▓▓▓▓▓▓▓▓▓▓▓▓░░██████
████░░░░▓▓▓▓▓▓▓▓▓▓░░░░▓▓░░░░░░░░░░░░░░░░░░▓▓░░░░▓▓▓▓▓▓▓▓▓▓░░░░████
██░░░░░░▓▓░░░░░░░░░░░░▓▓░░░░░░░░░░░░░░░░░░▓▓░░░░░░░░░░░░▓▓░░░░░░██
██░░░░░░░░░░░░░░░░░░░░░░░░░░░░░░▓▓░░░░░░░░░░░░░░░░░░░░░░░░░░░░░░██
██▓▓░░▓▓░░▓▓▓▓▓▓▓▓░░░░░░░░░░░░▓▓▓▓▓▓░░░░░░░░░░░░▓▓▓▓▓▓▓▓░░▓▓░░▓▓██
▓▓▓▓▓▓▓▓▓▓▓▓▓▓▓▓▓▓▓▓▓▓▓▓░░░░░░░░░░░░░░░░░░▓▓▓▓▓▓▓▓▓▓▓▓▓▓▓▓▓▓▓▓▓▓▓▓
▓▓▓▓▓▓░░░░▓▓░░░░▓▓▓▓▓▓▓▓▓▓░░░░▓▓░░▓▓░░░░▓▓▓▓▓▓▓▓▓▓░░░░▓▓░░░░▓▓▓▓▓▓
░░░░▓▓░░░░▓▓▓▓▓▓▓▓▓▓▓▓▓▓░░░░▓▓▓▓▓▓▓▓▓▓░░░░▓▓▓▓▓▓▓▓▓▓▓▓▓▓░░░░▓▓░░░░
▓▓▓▓▓▓▓▓░░▓▓▓▓▓▓▓▓▓▓▓▓▓▓░░░░▓▓▓▓▓▓▓▓▓▓░░░░▓▓▓▓▓▓▓▓▓▓▓▓▓▓░░▓▓▓▓▓▓▓▓
░░░░░░▓▓▓▓░░░░▓▓░░░░▓▓░░▓▓▓▓╠╣░░▓▓░░░░▓▓▓▓░░▓▓░░░░▓▓░░░░▓▓▓▓░░░░░░
░░13░░▓▓▓▓░░░░▓▓▓▓▓▓▓▓░░░░░░░░░░▓▓░░░░░░░░░░▓▓▓▓▓▓▓▓░░░░▓▓▓▓░░░░░░
░░░░░░▓▓▓▓▓▓░░░░▓▓▓▓░░░░░░░░▓▓▓▓░░▓▓╠╣░░░░░░░░▓▓▓▓░░░░▓▓▓▓░░23░░░░
▓▓▓▓▓▓▓▓▓▓▓▓░░░░░░░░░░░░░░░░▓▓▓▓░░▓▓▓▓░░░░░░░░░░░░░░░░▓▓▓▓▓▓▓▓▓▓▓▓
░░░░▓▓▓▓▓▓▓▓░░░░░░░░░░▓▓░░░░▓▓▓▓░░▓▓▓▓░░░░▓▓░░░░░░░░░░▓▓▓▓▓▓▓▓░░░░
▓▓░░▓▓▓▓▓▓░░░░░░░░░░▓▓▓▓░░░░░░░░░░░░░░░░░░▓▓▓▓░░░░░░░░░░▓▓▓▓▓▓░░▓▓
▓▓▓▓▓▓▓▓▓▓░░▓▓▓▓▓▓░░▓▓▓▓▓▓░░░░░░░░░░░░░░▓▓▓▓▓▓░░▓▓▓▓▓▓░░▓▓▓▓▓▓▓▓▓▓
██▓▓▓▓▓▓▓▓░░▓▓▓▓▓▓▓▓▓▓▓▓▓▓▓▓▓▓▓▓▓▓▓▓▓▓▓▓▓▓▓▓▓▓▓▓▓▓▓▓▓▓░░▓▓▓▓▓▓▓▓██
██▓▓░░░░▓▓░░▓▓▓▓▓▓▓▓▓▓▓▓░░▓▓▓▓▓▓▓▓▓▓▓▓▓▓░░▓▓▓▓▓▓▓▓▓▓▓▓░░▓▓░░░░▓▓██
██▓▓░░░░▓▓░░▓▓▓▓▓▓▓▓▓▓▓▓░░░░▓▓▓▓▓▓▓▓▓▓░░░░▓▓▓▓▓▓▓▓▓▓▓▓░░▓▓░░░░▓▓██
████▓▓▓▓▓▓░░░░▓▓▓▓░░▓▓░░▓▓▓▓▓▓░░░░░░▓▓▓▓▓▓░░▓▓░░▓▓▓▓░░░░▓▓▓▓▓▓████
██████░░░░░░▓▓▓▓▓▓▓▓21░░░░▓▓▓▓░░░░░░▓▓▓▓░░░░▓▓▓▓▓▓▓▓▓▓░░░░░░██████
████████░░░░▓▓░░░░░░▓▓▓▓░░░░░░░░░░░░░░░░░░▓▓▓▓░░░░░░▓▓░░░░████████
████████░░░░▓▓░░░░░░▓▓▓▓░░░░░░░░░░░░░░░░░░▓▓▓▓░░12░░▓▓░░░░████████
████████████▓▓░░░░░░▓▓▓▓▓▓▓▓░░░░▓▓░░░░▓▓▓▓▓▓▓▓░░░░░░▓▓████████████
██████████████▓▓▓▓▓▓▓▓▓▓▓▓░░░░▓▓▓▓▓▓░░░░▓▓▓▓▓▓▓▓▓▓▓▓██████████████
████████████████▓▓▓▓▓▓▓▓▓▓░░░░▓▓▓▓▓▓░░░░▓▓▓▓▓▓▓▓▓▓████████████████
██████████████████████▓▓▓▓░░░░░░░░░░░░░░▓▓▓▓██████████████████████
No command provided by bot. Falling back to default no command
C;9;move 29 17
GameError - Player 1, worm 3, round 9: Unknown command: No Command
=======================================
Completed round: 9 
=======================================

=======================================
Starting round: 10 
=======================================

My Player:H=350 S=80 W=1 X,Y=24,4
Player 2 :H=350 S=167

██████████████████████▓▓░░░░▓▓▓▓░░▓▓▓▓░░░░▓▓██████████████████████
████████████████░░░░▓▓▓▓░░░░▓▓▓▓░░▓▓▓▓░░░░▓▓▓▓░░░░████████████████
██████████████▓▓▓▓▓▓▓▓▓▓░░░░░░░░░░░░░░░░░░▓▓▓▓▓▓▓▓▓▓██████████████
████████████▓▓░░░░░░▓▓▓▓░░░░▓▓▓▓░░▓▓▓▓░░░░▓▓▓▓░░░░░░▓▓████████████
████████▓▓░░▓▓░░░░░░▓▓░░░░▓▓▓▓▓▓▓▓▓▓▓▓▓▓░░░░▓▓░░11░░▓▓░░▓▓████████
████████▓▓▓▓▓▓░░░░░░▓▓░░░░▓▓▓▓▓▓░░▓▓▓▓▓▓░░░░▓▓░░░░░░▓▓▓▓▓▓████████
██████░░▓▓▓▓▓▓▓▓▓▓▓▓22▓▓░░▓▓▓▓▓▓░░▓▓▓▓▓▓░░▓▓▓▓▓▓▓▓▓▓▓▓▓▓▓▓░░██████
████░░░░▓▓▓▓▓▓▓▓▓▓░░░░▓▓░░░░░░░░░░░░░░░░░░▓▓░░░░▓▓▓▓▓▓▓▓▓▓░░░░████
██░░░░░░▓▓░░░░░░░░░░░░▓▓░░░░░░░░░░░░░░░░░░▓▓░░░░░░░░░░░░▓▓░░░░░░██
██░░░░░░░░░░░░░░░░░░░░░░░░░░░░░░▓▓░░░░░░░░░░░░░░░░░░░░░░░░░░░░░░██
██▓▓░░▓▓░░▓▓▓▓▓▓▓▓░░░░░░░░░░░░▓▓▓▓▓▓░░░░░░░░░░░░▓▓▓▓▓▓▓▓░░▓▓░░▓▓██
▓▓▓▓▓▓▓▓▓▓▓▓▓▓▓▓▓▓▓▓▓▓▓▓░░░░░░░░░░░░░░░░░░▓▓▓▓▓▓▓▓▓▓▓▓▓▓▓▓▓▓▓▓▓▓▓▓
▓▓▓▓▓▓░░░░▓▓░░░░▓▓▓▓▓▓▓▓▓▓░░░░▓▓░░▓▓░░░░▓▓▓▓▓▓▓▓▓▓░░░░▓▓░░░░▓▓▓▓▓▓
░░░░▓▓░░░░▓▓▓▓▓▓▓▓▓▓▓▓▓▓░░░░▓▓▓▓▓▓▓▓▓▓░░░░▓▓▓▓▓▓▓▓▓▓▓▓▓▓░░░░▓▓░░░░
▓▓▓▓▓▓▓▓░░▓▓▓▓▓▓▓▓▓▓▓▓▓▓░░░░▓▓▓▓▓▓▓▓▓▓░░░░▓▓▓▓▓▓▓▓▓▓▓▓▓▓░░▓▓▓▓▓▓▓▓
░░░░░░▓▓▓▓░░░░▓▓░░░░▓▓░░▓▓▓▓╠╣░░▓▓░░░░▓▓▓▓░░▓▓░░░░▓▓░░░░▓▓▓▓░░░░░░
░░13░░▓▓▓▓░░░░▓▓▓▓▓▓▓▓░░░░░░░░░░▓▓░░░░░░░░░░▓▓▓▓▓▓▓▓░░░░▓▓▓▓░░░░░░
░░░░░░▓▓▓▓▓▓░░░░▓▓▓▓░░░░░░░░▓▓▓▓░░▓▓╠╣░░░░░░░░▓▓▓▓░░░░▓▓▓▓23░░░░░░
▓▓▓▓▓▓▓▓▓▓▓▓░░░░░░░░░░░░░░░░▓▓▓▓░░▓▓▓▓░░░░░░░░░░░░░░░░▓▓▓▓▓▓▓▓▓▓▓▓
░░░░▓▓▓▓▓▓▓▓░░░░░░░░░░▓▓░░░░▓▓▓▓░░▓▓▓▓░░░░▓▓░░░░░░░░░░▓▓▓▓▓▓▓▓░░░░
▓▓░░▓▓▓▓▓▓░░░░░░░░░░▓▓▓▓░░░░░░░░░░░░░░░░░░▓▓▓▓░░░░░░░░░░▓▓▓▓▓▓░░▓▓
▓▓▓▓▓▓▓▓▓▓░░▓▓▓▓▓▓░░▓▓▓▓▓▓░░░░░░░░░░░░░░▓▓▓▓▓▓░░▓▓▓▓▓▓░░▓▓▓▓▓▓▓▓▓▓
██▓▓▓▓▓▓▓▓░░▓▓▓▓▓▓▓▓▓▓▓▓▓▓▓▓▓▓▓▓▓▓▓▓▓▓▓▓▓▓▓▓▓▓▓▓▓▓▓▓▓▓░░▓▓▓▓▓▓▓▓██
██▓▓░░░░▓▓░░▓▓▓▓▓▓▓▓▓▓▓▓░░▓▓▓▓▓▓▓▓▓▓▓▓▓▓░░▓▓▓▓▓▓▓▓▓▓▓▓░░▓▓░░░░▓▓██
██▓▓░░░░▓▓░░▓▓▓▓▓▓▓▓▓▓▓▓░░░░▓▓▓▓▓▓▓▓▓▓░░░░▓▓▓▓▓▓▓▓▓▓▓▓░░▓▓░░░░▓▓██
████▓▓▓▓▓▓░░░░▓▓▓▓░░▓▓░░▓▓▓▓▓▓░░░░░░▓▓▓▓▓▓░░▓▓░░▓▓▓▓░░░░▓▓▓▓▓▓████
██████░░░░░░▓▓▓▓▓▓▓▓21░░░░▓▓▓▓░░░░░░▓▓▓▓░░░░▓▓▓▓▓▓▓▓▓▓░░░░░░██████
████████░░░░▓▓░░░░░░▓▓▓▓░░░░░░░░░░░░░░░░░░▓▓▓▓░░░░░░▓▓░░░░████████
████████░░░░▓▓░░░░░░▓▓▓▓░░░░░░░░░░░░░░░░░░▓▓▓▓░░12░░▓▓░░░░████████
████████████▓▓░░░░░░▓▓▓▓▓▓▓▓░░░░▓▓░░░░▓▓▓▓▓▓▓▓░░░░░░▓▓████████████
██████████████▓▓▓▓▓▓▓▓▓▓▓▓░░░░▓▓▓▓▓▓░░░░▓▓▓▓▓▓▓▓▓▓▓▓██████████████
████████████████▓▓▓▓▓▓▓▓▓▓░░░░▓▓▓▓▓▓░░░░▓▓▓▓▓▓▓▓▓▓████████████████
██████████████████████▓▓▓▓░░░░░░░░░░░░░░▓▓▓▓██████████████████████
No command provided by bot. Falling back to default no command
C;10;move 11 25
GameError - Player 1, worm 1, round 10: Unknown command: No Command
=======================================
Completed round: 10 
=======================================

=======================================
Starting round: 11 
=======================================

My Player:H=350 S=76 W=2 X,Y=24,28
Player 2 :H=350 S=172

██████████████████████▓▓░░░░▓▓▓▓░░▓▓▓▓░░░░▓▓██████████████████████
████████████████░░░░▓▓▓▓░░░░▓▓▓▓░░▓▓▓▓░░░░▓▓▓▓░░░░████████████████
██████████████▓▓▓▓▓▓▓▓▓▓░░░░░░░░░░░░░░░░░░▓▓▓▓▓▓▓▓▓▓██████████████
████████████▓▓░░░░░░▓▓▓▓░░░░▓▓▓▓░░▓▓▓▓░░░░▓▓▓▓░░░░░░▓▓████████████
████████▓▓░░▓▓░░░░░░▓▓░░░░▓▓▓▓▓▓▓▓▓▓▓▓▓▓░░░░▓▓░░11░░▓▓░░▓▓████████
████████▓▓▓▓▓▓░░░░░░▓▓░░░░▓▓▓▓▓▓░░▓▓▓▓▓▓░░░░▓▓░░░░░░▓▓▓▓▓▓████████
██████░░▓▓▓▓▓▓▓▓▓▓▓▓22▓▓░░▓▓▓▓▓▓░░▓▓▓▓▓▓░░▓▓▓▓▓▓▓▓▓▓▓▓▓▓▓▓░░██████
████░░░░▓▓▓▓▓▓▓▓▓▓░░░░▓▓░░░░░░░░░░░░░░░░░░▓▓░░░░▓▓▓▓▓▓▓▓▓▓░░░░████
██░░░░░░▓▓░░░░░░░░░░░░▓▓░░░░░░░░░░░░░░░░░░▓▓░░░░░░░░░░░░▓▓░░░░░░██
██░░░░░░░░░░░░░░░░░░░░░░░░░░░░░░▓▓░░░░░░░░░░░░░░░░░░░░░░░░░░░░░░██
██▓▓░░▓▓░░▓▓▓▓▓▓▓▓░░░░░░░░░░░░▓▓▓▓▓▓░░░░░░░░░░░░▓▓▓▓▓▓▓▓░░▓▓░░▓▓██
▓▓▓▓▓▓▓▓▓▓▓▓▓▓▓▓▓▓▓▓▓▓▓▓░░░░░░░░░░░░░░░░░░▓▓▓▓▓▓▓▓▓▓▓▓▓▓▓▓▓▓▓▓▓▓▓▓
▓▓▓▓▓▓░░░░▓▓░░░░▓▓▓▓▓▓▓▓▓▓░░░░▓▓░░▓▓░░░░▓▓▓▓▓▓▓▓▓▓░░░░▓▓░░░░▓▓▓▓▓▓
░░░░▓▓░░░░▓▓▓▓▓▓▓▓▓▓▓▓▓▓░░░░▓▓▓▓▓▓▓▓▓▓░░░░▓▓▓▓▓▓▓▓▓▓▓▓▓▓░░░░▓▓░░░░
▓▓▓▓▓▓▓▓░░▓▓▓▓▓▓▓▓▓▓▓▓▓▓░░░░▓▓▓▓▓▓▓▓▓▓░░░░▓▓▓▓▓▓▓▓▓▓▓▓▓▓░░▓▓▓▓▓▓▓▓
░░░░░░▓▓▓▓░░░░▓▓░░░░▓▓░░▓▓▓▓╠╣░░▓▓░░░░▓▓▓▓░░▓▓░░░░▓▓░░░░▓▓▓▓░░░░░░
░░13░░▓▓▓▓░░░░▓▓▓▓▓▓▓▓░░░░░░░░░░▓▓░░░░░░░░░░▓▓▓▓▓▓▓▓░░░░▓▓▓▓░░░░░░
░░░░░░▓▓▓▓▓▓░░░░▓▓▓▓░░░░░░░░▓▓▓▓░░▓▓╠╣░░░░░░░░▓▓▓▓░░░░▓▓▓▓23░░░░░░
▓▓▓▓▓▓▓▓▓▓▓▓░░░░░░░░░░░░░░░░▓▓▓▓░░▓▓▓▓░░░░░░░░░░░░░░░░▓▓▓▓▓▓▓▓▓▓▓▓
░░░░▓▓▓▓▓▓▓▓░░░░░░░░░░▓▓░░░░▓▓▓▓░░▓▓▓▓░░░░▓▓░░░░░░░░░░▓▓▓▓▓▓▓▓░░░░
▓▓░░▓▓▓▓▓▓░░░░░░░░░░▓▓▓▓░░░░░░░░░░░░░░░░░░▓▓▓▓░░░░░░░░░░▓▓▓▓▓▓░░▓▓
▓▓▓▓▓▓▓▓▓▓░░▓▓▓▓▓▓░░▓▓▓▓▓▓░░░░░░░░░░░░░░▓▓▓▓▓▓░░▓▓▓▓▓▓░░▓▓▓▓▓▓▓▓▓▓
██▓▓▓▓▓▓▓▓░░▓▓▓▓▓▓▓▓▓▓▓▓▓▓▓▓▓▓▓▓▓▓▓▓▓▓▓▓▓▓▓▓▓▓▓▓▓▓▓▓▓▓░░▓▓▓▓▓▓▓▓██
██▓▓░░░░▓▓░░▓▓▓▓▓▓▓▓▓▓▓▓░░▓▓▓▓▓▓▓▓▓▓▓▓▓▓░░▓▓▓▓▓▓▓▓▓▓▓▓░░▓▓░░░░▓▓██
██▓▓░░░░▓▓░░▓▓▓▓▓▓▓▓▓▓▓▓░░░░▓▓▓▓▓▓▓▓▓▓░░░░▓▓▓▓▓▓▓▓▓▓▓▓░░▓▓░░░░▓▓██
████▓▓▓▓▓▓░░░░▓▓▓▓░░▓▓21▓▓▓▓▓▓░░░░░░▓▓▓▓▓▓░░▓▓░░▓▓▓▓░░░░▓▓▓▓▓▓████
██████░░░░░░▓▓▓▓▓▓▓▓░░░░░░▓▓▓▓░░░░░░▓▓▓▓░░░░▓▓▓▓▓▓▓▓▓▓░░░░░░██████
████████░░░░▓▓░░░░░░▓▓▓▓░░░░░░░░░░░░░░░░░░▓▓▓▓░░░░░░▓▓░░░░████████
████████░░░░▓▓░░░░░░▓▓▓▓░░░░░░░░░░░░░░░░░░▓▓▓▓░░12░░▓▓░░░░████████
████████████▓▓░░░░░░▓▓▓▓▓▓▓▓░░░░▓▓░░░░▓▓▓▓▓▓▓▓░░░░░░▓▓████████████
██████████████▓▓▓▓▓▓▓▓▓▓▓▓░░░░▓▓▓▓▓▓░░░░▓▓▓▓▓▓▓▓▓▓▓▓██████████████
████████████████▓▓▓▓▓▓▓▓▓▓░░░░▓▓▓▓▓▓░░░░▓▓▓▓▓▓▓▓▓▓████████████████
██████████████████████▓▓▓▓░░░░░░░░░░░░░░▓▓▓▓██████████████████████
No command provided by bot. Falling back to default no command
C;11;dig 11 7
GameError - Player 1, worm 2, round 11: Unknown command: No Command
=======================================
Completed round: 11 
=======================================

=======================================
Starting round: 12 
=======================================

My Player:H=350 S=72 W=3 X,Y=1,16
Player 2 :H=350 S=179

██████████████████████▓▓░░░░▓▓▓▓░░▓▓▓▓░░░░▓▓██████████████████████
████████████████░░░░▓▓▓▓░░░░▓▓▓▓░░▓▓▓▓░░░░▓▓▓▓░░░░████████████████
██████████████▓▓▓▓▓▓▓▓▓▓░░░░░░░░░░░░░░░░░░▓▓▓▓▓▓▓▓▓▓██████████████
████████████▓▓░░░░░░▓▓▓▓░░░░▓▓▓▓░░▓▓▓▓░░░░▓▓▓▓░░░░░░▓▓████████████
████████▓▓░░▓▓░░░░░░▓▓░░░░▓▓▓▓▓▓▓▓▓▓▓▓▓▓░░░░▓▓░░11░░▓▓░░▓▓████████
████████▓▓▓▓▓▓░░░░░░▓▓░░░░▓▓▓▓▓▓░░▓▓▓▓▓▓░░░░▓▓░░░░░░▓▓▓▓▓▓████████
██████░░▓▓▓▓▓▓▓▓▓▓▓▓22▓▓░░▓▓▓▓▓▓░░▓▓▓▓▓▓░░▓▓▓▓▓▓▓▓▓▓▓▓▓▓▓▓░░██████
████░░░░▓▓▓▓▓▓▓▓▓▓░░░░░░░░░░░░░░░░░░░░░░░░▓▓░░░░▓▓▓▓▓▓▓▓▓▓░░░░████
██░░░░░░▓▓░░░░░░░░░░░░▓▓░░░░░░░░░░░░░░░░░░▓▓░░░░░░░░░░░░▓▓░░░░░░██
██░░░░░░░░░░░░░░░░░░░░░░░░░░░░░░▓▓░░░░░░░░░░░░░░░░░░░░░░░░░░░░░░██
██▓▓░░▓▓░░▓▓▓▓▓▓▓▓░░░░░░░░░░░░▓▓▓▓▓▓░░░░░░░░░░░░▓▓▓▓▓▓▓▓░░▓▓░░▓▓██
▓▓▓▓▓▓▓▓▓▓▓▓▓▓▓▓▓▓▓▓▓▓▓▓░░░░░░░░░░░░░░░░░░▓▓▓▓▓▓▓▓▓▓▓▓▓▓▓▓▓▓▓▓▓▓▓▓
▓▓▓▓▓▓░░░░▓▓░░░░▓▓▓▓▓▓▓▓▓▓░░░░▓▓░░▓▓░░░░▓▓▓▓▓▓▓▓▓▓░░░░▓▓░░░░▓▓▓▓▓▓
░░░░▓▓░░░░▓▓▓▓▓▓▓▓▓▓▓▓▓▓░░░░▓▓▓▓▓▓▓▓▓▓░░░░▓▓▓▓▓▓▓▓▓▓▓▓▓▓░░░░▓▓░░░░
▓▓▓▓▓▓▓▓░░▓▓▓▓▓▓▓▓▓▓▓▓▓▓░░░░▓▓▓▓▓▓▓▓▓▓░░░░▓▓▓▓▓▓▓▓▓▓▓▓▓▓░░▓▓▓▓▓▓▓▓
░░░░░░▓▓▓▓░░░░▓▓░░░░▓▓░░▓▓▓▓╠╣░░▓▓░░░░▓▓▓▓░░▓▓░░░░▓▓░░░░▓▓▓▓░░░░░░
░░13░░▓▓▓▓░░░░▓▓▓▓▓▓▓▓░░░░░░░░░░▓▓░░░░░░░░░░▓▓▓▓▓▓▓▓░░░░▓▓▓▓░░░░░░
░░░░░░▓▓▓▓▓▓░░░░▓▓▓▓░░░░░░░░▓▓▓▓░░▓▓╠╣░░░░░░░░▓▓▓▓░░░░▓▓▓▓23░░░░░░
▓▓▓▓▓▓▓▓▓▓▓▓░░░░░░░░░░░░░░░░▓▓▓▓░░▓▓▓▓░░░░░░░░░░░░░░░░▓▓▓▓▓▓▓▓▓▓▓▓
░░░░▓▓▓▓▓▓▓▓░░░░░░░░░░▓▓░░░░▓▓▓▓░░▓▓▓▓░░░░▓▓░░░░░░░░░░▓▓▓▓▓▓▓▓░░░░
▓▓░░▓▓▓▓▓▓░░░░░░░░░░▓▓▓▓░░░░░░░░░░░░░░░░░░▓▓▓▓░░░░░░░░░░▓▓▓▓▓▓░░▓▓
▓▓▓▓▓▓▓▓▓▓░░▓▓▓▓▓▓░░▓▓▓▓▓▓░░░░░░░░░░░░░░▓▓▓▓▓▓░░▓▓▓▓▓▓░░▓▓▓▓▓▓▓▓▓▓
██▓▓▓▓▓▓▓▓░░▓▓▓▓▓▓▓▓▓▓▓▓▓▓▓▓▓▓▓▓▓▓▓▓▓▓▓▓▓▓▓▓▓▓▓▓▓▓▓▓▓▓░░▓▓▓▓▓▓▓▓██
██▓▓░░░░▓▓░░▓▓▓▓▓▓▓▓▓▓▓▓░░▓▓▓▓▓▓▓▓▓▓▓▓▓▓░░▓▓▓▓▓▓▓▓▓▓▓▓░░▓▓░░░░▓▓██
██▓▓░░░░▓▓░░▓▓▓▓▓▓▓▓▓▓▓▓░░░░▓▓▓▓▓▓▓▓▓▓░░░░▓▓▓▓▓▓▓▓▓▓▓▓░░▓▓░░░░▓▓██
████▓▓▓▓▓▓░░░░▓▓▓▓░░▓▓21▓▓▓▓▓▓░░░░░░▓▓▓▓▓▓░░▓▓░░▓▓▓▓░░░░▓▓▓▓▓▓████
██████░░░░░░▓▓▓▓▓▓▓▓░░░░░░▓▓▓▓░░░░░░▓▓▓▓░░░░▓▓▓▓▓▓▓▓▓▓░░░░░░██████
████████░░░░▓▓░░░░░░▓▓▓▓░░░░░░░░░░░░░░░░░░▓▓▓▓░░░░░░▓▓░░░░████████
████████░░░░▓▓░░░░░░▓▓▓▓░░░░░░░░░░░░░░░░░░▓▓▓▓░░12░░▓▓░░░░████████
████████████▓▓░░░░░░▓▓▓▓▓▓▓▓░░░░▓▓░░░░▓▓▓▓▓▓▓▓░░░░░░▓▓████████████
██████████████▓▓▓▓▓▓▓▓▓▓▓▓░░░░▓▓▓▓▓▓░░░░▓▓▓▓▓▓▓▓▓▓▓▓██████████████
████████████████▓▓▓▓▓▓▓▓▓▓░░░░▓▓▓▓▓▓░░░░▓▓▓▓▓▓▓▓▓▓████████████████
██████████████████████▓▓▓▓░░░░░░░░░░░░░░▓▓▓▓██████████████████████
No command provided by bot. Falling back to default no command
C;12;dig 28 17
GameError - Player 1, worm 3, round 12: Unknown command: No Command
=======================================
Completed round: 12 
=======================================

=======================================
Starting round: 13 
=======================================

My Player:H=350 S=68 W=1 X,Y=24,4
Player 2 :H=350 S=186

██████████████████████▓▓░░░░▓▓▓▓░░▓▓▓▓░░░░▓▓██████████████████████
████████████████░░░░▓▓▓▓░░░░▓▓▓▓░░▓▓▓▓░░░░▓▓▓▓░░░░████████████████
██████████████▓▓▓▓▓▓▓▓▓▓░░░░░░░░░░░░░░░░░░▓▓▓▓▓▓▓▓▓▓██████████████
████████████▓▓░░░░░░▓▓▓▓░░░░▓▓▓▓░░▓▓▓▓░░░░▓▓▓▓░░░░░░▓▓████████████
████████▓▓░░▓▓░░░░░░▓▓░░░░▓▓▓▓▓▓▓▓▓▓▓▓▓▓░░░░▓▓░░11░░▓▓░░▓▓████████
████████▓▓▓▓▓▓░░░░░░▓▓░░░░▓▓▓▓▓▓░░▓▓▓▓▓▓░░░░▓▓░░░░░░▓▓▓▓▓▓████████
██████░░▓▓▓▓▓▓▓▓▓▓▓▓22▓▓░░▓▓▓▓▓▓░░▓▓▓▓▓▓░░▓▓▓▓▓▓▓▓▓▓▓▓▓▓▓▓░░██████
████░░░░▓▓▓▓▓▓▓▓▓▓░░░░░░░░░░░░░░░░░░░░░░░░▓▓░░░░▓▓▓▓▓▓▓▓▓▓░░░░████
██░░░░░░▓▓░░░░░░░░░░░░▓▓░░░░░░░░░░░░░░░░░░▓▓░░░░░░░░░░░░▓▓░░░░░░██
██░░░░░░░░░░░░░░░░░░░░░░░░░░░░░░▓▓░░░░░░░░░░░░░░░░░░░░░░░░░░░░░░██
██▓▓░░▓▓░░▓▓▓▓▓▓▓▓░░░░░░░░░░░░▓▓▓▓▓▓░░░░░░░░░░░░▓▓▓▓▓▓▓▓░░▓▓░░▓▓██
▓▓▓▓▓▓▓▓▓▓▓▓▓▓▓▓▓▓▓▓▓▓▓▓░░░░░░░░░░░░░░░░░░▓▓▓▓▓▓▓▓▓▓▓▓▓▓▓▓▓▓▓▓▓▓▓▓
▓▓▓▓▓▓░░░░▓▓░░░░▓▓▓▓▓▓▓▓▓▓░░░░▓▓░░▓▓░░░░▓▓▓▓▓▓▓▓▓▓░░░░▓▓░░░░▓▓▓▓▓▓
░░░░▓▓░░░░▓▓▓▓▓▓▓▓▓▓▓▓▓▓░░░░▓▓▓▓▓▓▓▓▓▓░░░░▓▓▓▓▓▓▓▓▓▓▓▓▓▓░░░░▓▓░░░░
▓▓▓▓▓▓▓▓░░▓▓▓▓▓▓▓▓▓▓▓▓▓▓░░░░▓▓▓▓▓▓▓▓▓▓░░░░▓▓▓▓▓▓▓▓▓▓▓▓▓▓░░▓▓▓▓▓▓▓▓
░░░░░░▓▓▓▓░░░░▓▓░░░░▓▓░░▓▓▓▓╠╣░░▓▓░░░░▓▓▓▓░░▓▓░░░░▓▓░░░░▓▓▓▓░░░░░░
░░13░░▓▓▓▓░░░░▓▓▓▓▓▓▓▓░░░░░░░░░░▓▓░░░░░░░░░░▓▓▓▓▓▓▓▓░░░░▓▓▓▓░░░░░░
░░░░░░▓▓▓▓▓▓░░░░▓▓▓▓░░░░░░░░▓▓▓▓░░▓▓╠╣░░░░░░░░▓▓▓▓░░░░▓▓░░23░░░░░░
▓▓▓▓▓▓▓▓▓▓▓▓░░░░░░░░░░░░░░░░▓▓▓▓░░▓▓▓▓░░░░░░░░░░░░░░░░▓▓▓▓▓▓▓▓▓▓▓▓
░░░░▓▓▓▓▓▓▓▓░░░░░░░░░░▓▓░░░░▓▓▓▓░░▓▓▓▓░░░░▓▓░░░░░░░░░░▓▓▓▓▓▓▓▓░░░░
▓▓░░▓▓▓▓▓▓░░░░░░░░░░▓▓▓▓░░░░░░░░░░░░░░░░░░▓▓▓▓░░░░░░░░░░▓▓▓▓▓▓░░▓▓
▓▓▓▓▓▓▓▓▓▓░░▓▓▓▓▓▓░░▓▓▓▓▓▓░░░░░░░░░░░░░░▓▓▓▓▓▓░░▓▓▓▓▓▓░░▓▓▓▓▓▓▓▓▓▓
██▓▓▓▓▓▓▓▓░░▓▓▓▓▓▓▓▓▓▓▓▓▓▓▓▓▓▓▓▓▓▓▓▓▓▓▓▓▓▓▓▓▓▓▓▓▓▓▓▓▓▓░░▓▓▓▓▓▓▓▓██
██▓▓░░░░▓▓░░▓▓▓▓▓▓▓▓▓▓▓▓░░▓▓▓▓▓▓▓▓▓▓▓▓▓▓░░▓▓▓▓▓▓▓▓▓▓▓▓░░▓▓░░░░▓▓██
██▓▓░░░░▓▓░░▓▓▓▓▓▓▓▓▓▓▓▓░░░░▓▓▓▓▓▓▓▓▓▓░░░░▓▓▓▓▓▓▓▓▓▓▓▓░░▓▓░░░░▓▓██
████▓▓▓▓▓▓░░░░▓▓▓▓░░▓▓21▓▓▓▓▓▓░░░░░░▓▓▓▓▓▓░░▓▓░░▓▓▓▓░░░░▓▓▓▓▓▓████
██████░░░░░░▓▓▓▓▓▓▓▓░░░░░░▓▓▓▓░░░░░░▓▓▓▓░░░░▓▓▓▓▓▓▓▓▓▓░░░░░░██████
████████░░░░▓▓░░░░░░▓▓▓▓░░░░░░░░░░░░░░░░░░▓▓▓▓░░░░░░▓▓░░░░████████
████████░░░░▓▓░░░░░░▓▓▓▓░░░░░░░░░░░░░░░░░░▓▓▓▓░░12░░▓▓░░░░████████
████████████▓▓░░░░░░▓▓▓▓▓▓▓▓░░░░▓▓░░░░▓▓▓▓▓▓▓▓░░░░░░▓▓████████████
██████████████▓▓▓▓▓▓▓▓▓▓▓▓░░░░▓▓▓▓▓▓░░░░▓▓▓▓▓▓▓▓▓▓▓▓██████████████
████████████████▓▓▓▓▓▓▓▓▓▓░░░░▓▓▓▓▓▓░░░░▓▓▓▓▓▓▓▓▓▓████████████████
██████████████████████▓▓▓▓░░░░░░░░░░░░░░▓▓▓▓██████████████████████
No command provided by bot. Falling back to default no command
C;13;move 12 24
GameError - Player 1, worm 1, round 13: Unknown command: No Command
=======================================
Completed round: 13 
=======================================

Check if match is valid
=======================================
The winner is: B - Reference Bot
=======================================
