Config for player A : ./reference-bot/javascript
./reference-bot/javascript/
Config for player B : ./java
./java/target
=======================================
Starting game
=======================================

=======================================
Starting round: 1 
=======================================

Error: Unable to access jarfile java-sample-bot-jar-with-dependencies.jar
My Player:H=350 S=116 W=1 X,Y=24,4
Player 2 :H=350 S=116

██████████████████████░░░░▓▓▓▓░░░░░░▓▓▓▓░░░░██████████████████████
████████████████░░░░░░░░▓▓▓▓░░░░░░░░░░▓▓▓▓░░░░░░░░████████████████
██████████████▓▓▓▓▓▓▓▓▓▓▓▓▓▓░░░░▓▓░░░░▓▓▓▓▓▓▓▓▓▓▓▓▓▓██████████████
████████████▓▓░░░░░░▓▓▓▓░░▓▓▓▓▓▓▓▓▓▓▓▓▓▓░░▓▓▓▓░░░░░░▓▓████████████
████████░░▓▓▓▓░░22░░▓▓▓▓░░░░▓▓▓▓▓▓▓▓▓▓░░░░▓▓▓▓░░11░░▓▓▓▓░░████████
████████░░░░▓▓░░░░░░▓▓▓▓▓▓░░░░░░░░░░░░░░▓▓▓▓▓▓░░░░░░▓▓░░░░████████
██████▓▓░░░░▓▓▓▓▓▓▓▓▓▓▓▓▓▓░░░░░░░░░░░░░░▓▓▓▓▓▓▓▓▓▓▓▓▓▓░░░░▓▓██████
████▓▓▓▓░░░░░░▓▓▓▓▓▓░░░░▓▓▓▓░░░░▓▓░░░░▓▓▓▓░░░░▓▓▓▓▓▓░░░░░░▓▓▓▓████
██▓▓▓▓▓▓░░░░░░▓▓▓▓▓▓░░░░▓▓▓▓▓▓░░░░░░▓▓▓▓▓▓░░░░▓▓▓▓▓▓░░░░░░▓▓▓▓▓▓██
██▓▓░░░░░░░░▓▓▓▓▓▓░░░░░░▓▓▓▓░░░░░░░░░░▓▓▓▓░░░░░░▓▓▓▓▓▓░░░░░░░░▓▓██
██░░░░░░░░▓▓▓▓▓▓░░░░▓▓▓▓▓▓░░░░░░░░░░░░░░▓▓▓▓▓▓░░░░▓▓▓▓▓▓░░░░░░░░██
░░░░░░░░▓▓▓▓▓▓▓▓░░░░▓▓▓▓▓▓░░░░░░▓▓░░░░░░▓▓▓▓▓▓░░░░▓▓▓▓▓▓▓▓░░░░░░░░
▓▓░░░░▓▓▓▓▓▓▓▓▓▓░░░░░░░░▓▓▓▓░░░░░░░░░░▓▓▓▓░░░░░░░░▓▓▓▓▓▓▓▓▓▓░░░░▓▓
░░░░▓▓░░░░▓▓▓▓░░░░░░░░▓▓▓▓░░░░░░░░░░░░░░▓▓▓▓░░░░░░░░▓▓▓▓░░░░▓▓░░░░
▓▓▓▓▓▓▓▓░░▓▓▓▓░░░░▓▓▓▓▓▓░░░░▓▓▓▓▓▓▓▓▓▓░░░░▓▓▓▓▓▓░░░░▓▓▓▓░░▓▓▓▓▓▓▓▓
░░░░░░▓▓░░▓▓░░░░░░▓▓▓▓░░░░▓▓▓▓▓▓▓▓▓▓▓▓▓▓░░░░▓▓▓▓░░░░░░▓▓░░▓▓░░░░░░
░░13░░▓▓▓▓▓▓▓▓▓▓░░░░▓▓▓▓▓▓╠╣▓▓░░▓▓░░▓▓╠╣▓▓▓▓▓▓░░░░▓▓▓▓▓▓▓▓▓▓░░23░░
░░░░░░▓▓▓▓▓▓▓▓▓▓▓▓▓▓▓▓░░▓▓░░░░░░▓▓░░░░░░▓▓░░▓▓▓▓▓▓▓▓▓▓▓▓▓▓▓▓░░░░░░
▓▓▓▓▓▓▓▓▓▓░░░░░░░░▓▓░░░░░░░░░░▓▓░░▓▓░░░░░░░░░░▓▓░░░░░░░░▓▓▓▓▓▓▓▓▓▓
▓▓▓▓░░░░░░░░░░░░░░░░░░░░░░▓▓▓▓░░░░░░▓▓▓▓░░░░░░░░░░░░░░░░░░░░░░▓▓▓▓
▓▓░░░░░░▓▓▓▓▓▓░░░░░░▓▓░░░░▓▓▓▓░░░░░░▓▓▓▓░░░░▓▓░░░░░░▓▓▓▓▓▓░░░░░░▓▓
░░░░▓▓▓▓░░▓▓▓▓▓▓░░▓▓▓▓▓▓░░▓▓▓▓▓▓░░▓▓▓▓▓▓░░▓▓▓▓▓▓░░▓▓▓▓▓▓░░▓▓▓▓░░░░
██░░░░▓▓░░▓▓▓▓▓▓░░░░▓▓░░░░░░▓▓░░░░░░▓▓░░░░░░▓▓░░░░▓▓▓▓▓▓░░▓▓░░░░██
██▓▓░░░░░░░░░░▓▓▓▓░░▓▓▓▓░░░░▓▓▓▓░░▓▓▓▓░░░░▓▓▓▓░░▓▓▓▓░░░░░░░░░░▓▓██
██▓▓░░▓▓░░░░░░▓▓▓▓░░▓▓▓▓▓▓░░░░▓▓▓▓▓▓░░░░▓▓▓▓▓▓░░▓▓▓▓░░░░░░▓▓░░▓▓██
████░░▓▓▓▓░░░░░░░░▓▓▓▓▓▓▓▓░░░░▓▓▓▓▓▓░░░░▓▓▓▓▓▓▓▓░░░░░░░░▓▓▓▓░░████
██████▓▓▓▓▓▓▓▓▓▓▓▓▓▓▓▓░░▓▓▓▓░░░░░░░░░░▓▓▓▓░░▓▓▓▓▓▓▓▓▓▓▓▓▓▓▓▓██████
████████░░▓▓▓▓░░░░░░▓▓▓▓▓▓▓▓░░░░░░░░░░▓▓▓▓▓▓▓▓░░░░░░▓▓▓▓░░████████
████████░░▓▓▓▓░░21░░▓▓▓▓▓▓░░░░▓▓▓▓▓▓░░░░▓▓▓▓▓▓░░12░░▓▓▓▓░░████████
████████████▓▓░░░░░░▓▓░░░░░░░░▓▓▓▓▓▓░░░░░░░░▓▓░░░░░░▓▓████████████
██████████████▓▓▓▓▓▓▓▓▓▓▓▓▓▓░░░░░░░░░░▓▓▓▓▓▓▓▓▓▓▓▓▓▓██████████████
████████████████░░▓▓▓▓▓▓░░░░░░░░░░░░░░░░░░▓▓▓▓▓▓░░████████████████
██████████████████████░░░░░░░░░░▓▓░░░░░░░░░░██████████████████████
Bot process failed
org.apache.commons.exec.ExecuteException: Process exited with an error: 1 (Exit value: 1)
	at org.apache.commons.exec.DefaultExecutor.executeInternal(DefaultExecutor.java:404) ~[game-runner-jar-with-dependencies.jar:?]
	at org.apache.commons.exec.DefaultExecutor.access$200(DefaultExecutor.java:48) ~[game-runner-jar-with-dependencies.jar:?]
	at org.apache.commons.exec.DefaultExecutor$1.run(DefaultExecutor.java:200) [game-runner-jar-with-dependencies.jar:?]
	at java.lang.Thread.run(Thread.java:748) [?:1.8.0_282]
C;1;move 23 5
No command provided by bot. Falling back to default no command
GameError - Player 2, worm 1, round 1: Unknown command: No Command
=======================================
Completed round: 1 
=======================================

=======================================
Starting round: 2 
=======================================

My Player:H=350 S=121 W=2 X,Y=24,28
Player 2 :H=350 S=112

██████████████████████░░░░▓▓▓▓░░░░░░▓▓▓▓░░░░██████████████████████
████████████████░░░░░░░░▓▓▓▓░░░░░░░░░░▓▓▓▓░░░░░░░░████████████████
██████████████▓▓▓▓▓▓▓▓▓▓▓▓▓▓░░░░▓▓░░░░▓▓▓▓▓▓▓▓▓▓▓▓▓▓██████████████
████████████▓▓░░░░░░▓▓▓▓░░▓▓▓▓▓▓▓▓▓▓▓▓▓▓░░▓▓▓▓░░░░░░▓▓████████████
████████░░▓▓▓▓░░22░░▓▓▓▓░░░░▓▓▓▓▓▓▓▓▓▓░░░░▓▓▓▓░░░░░░▓▓▓▓░░████████
████████░░░░▓▓░░░░░░▓▓▓▓▓▓░░░░░░░░░░░░░░▓▓▓▓▓▓11░░░░▓▓░░░░████████
██████▓▓░░░░▓▓▓▓▓▓▓▓▓▓▓▓▓▓░░░░░░░░░░░░░░▓▓▓▓▓▓▓▓▓▓▓▓▓▓░░░░▓▓██████
████▓▓▓▓░░░░░░▓▓▓▓▓▓░░░░▓▓▓▓░░░░▓▓░░░░▓▓▓▓░░░░▓▓▓▓▓▓░░░░░░▓▓▓▓████
██▓▓▓▓▓▓░░░░░░▓▓▓▓▓▓░░░░▓▓▓▓▓▓░░░░░░▓▓▓▓▓▓░░░░▓▓▓▓▓▓░░░░░░▓▓▓▓▓▓██
██▓▓░░░░░░░░▓▓▓▓▓▓░░░░░░▓▓▓▓░░░░░░░░░░▓▓▓▓░░░░░░▓▓▓▓▓▓░░░░░░░░▓▓██
██░░░░░░░░▓▓▓▓▓▓░░░░▓▓▓▓▓▓░░░░░░░░░░░░░░▓▓▓▓▓▓░░░░▓▓▓▓▓▓░░░░░░░░██
░░░░░░░░▓▓▓▓▓▓▓▓░░░░▓▓▓▓▓▓░░░░░░▓▓░░░░░░▓▓▓▓▓▓░░░░▓▓▓▓▓▓▓▓░░░░░░░░
▓▓░░░░▓▓▓▓▓▓▓▓▓▓░░░░░░░░▓▓▓▓░░░░░░░░░░▓▓▓▓░░░░░░░░▓▓▓▓▓▓▓▓▓▓░░░░▓▓
░░░░▓▓░░░░▓▓▓▓░░░░░░░░▓▓▓▓░░░░░░░░░░░░░░▓▓▓▓░░░░░░░░▓▓▓▓░░░░▓▓░░░░
▓▓▓▓▓▓▓▓░░▓▓▓▓░░░░▓▓▓▓▓▓░░░░▓▓▓▓▓▓▓▓▓▓░░░░▓▓▓▓▓▓░░░░▓▓▓▓░░▓▓▓▓▓▓▓▓
░░░░░░▓▓░░▓▓░░░░░░▓▓▓▓░░░░▓▓▓▓▓▓▓▓▓▓▓▓▓▓░░░░▓▓▓▓░░░░░░▓▓░░▓▓░░░░░░
░░13░░▓▓▓▓▓▓▓▓▓▓░░░░▓▓▓▓▓▓╠╣▓▓░░▓▓░░▓▓╠╣▓▓▓▓▓▓░░░░▓▓▓▓▓▓▓▓▓▓░░23░░
░░░░░░▓▓▓▓▓▓▓▓▓▓▓▓▓▓▓▓░░▓▓░░░░░░▓▓░░░░░░▓▓░░▓▓▓▓▓▓▓▓▓▓▓▓▓▓▓▓░░░░░░
▓▓▓▓▓▓▓▓▓▓░░░░░░░░▓▓░░░░░░░░░░▓▓░░▓▓░░░░░░░░░░▓▓░░░░░░░░▓▓▓▓▓▓▓▓▓▓
▓▓▓▓░░░░░░░░░░░░░░░░░░░░░░▓▓▓▓░░░░░░▓▓▓▓░░░░░░░░░░░░░░░░░░░░░░▓▓▓▓
▓▓░░░░░░▓▓▓▓▓▓░░░░░░▓▓░░░░▓▓▓▓░░░░░░▓▓▓▓░░░░▓▓░░░░░░▓▓▓▓▓▓░░░░░░▓▓
░░░░▓▓▓▓░░▓▓▓▓▓▓░░▓▓▓▓▓▓░░▓▓▓▓▓▓░░▓▓▓▓▓▓░░▓▓▓▓▓▓░░▓▓▓▓▓▓░░▓▓▓▓░░░░
██░░░░▓▓░░▓▓▓▓▓▓░░░░▓▓░░░░░░▓▓░░░░░░▓▓░░░░░░▓▓░░░░▓▓▓▓▓▓░░▓▓░░░░██
██▓▓░░░░░░░░░░▓▓▓▓░░▓▓▓▓░░░░▓▓▓▓░░▓▓▓▓░░░░▓▓▓▓░░▓▓▓▓░░░░░░░░░░▓▓██
██▓▓░░▓▓░░░░░░▓▓▓▓░░▓▓▓▓▓▓░░░░▓▓▓▓▓▓░░░░▓▓▓▓▓▓░░▓▓▓▓░░░░░░▓▓░░▓▓██
████░░▓▓▓▓░░░░░░░░▓▓▓▓▓▓▓▓░░░░▓▓▓▓▓▓░░░░▓▓▓▓▓▓▓▓░░░░░░░░▓▓▓▓░░████
██████▓▓▓▓▓▓▓▓▓▓▓▓▓▓▓▓░░▓▓▓▓░░░░░░░░░░▓▓▓▓░░▓▓▓▓▓▓▓▓▓▓▓▓▓▓▓▓██████
████████░░▓▓▓▓░░░░░░▓▓▓▓▓▓▓▓░░░░░░░░░░▓▓▓▓▓▓▓▓░░░░░░▓▓▓▓░░████████
████████░░▓▓▓▓░░21░░▓▓▓▓▓▓░░░░▓▓▓▓▓▓░░░░▓▓▓▓▓▓░░12░░▓▓▓▓░░████████
████████████▓▓░░░░░░▓▓░░░░░░░░▓▓▓▓▓▓░░░░░░░░▓▓░░░░░░▓▓████████████
██████████████▓▓▓▓▓▓▓▓▓▓▓▓▓▓░░░░░░░░░░▓▓▓▓▓▓▓▓▓▓▓▓▓▓██████████████
████████████████░░▓▓▓▓▓▓░░░░░░░░░░░░░░░░░░▓▓▓▓▓▓░░████████████████
██████████████████████░░░░░░░░░░▓▓░░░░░░░░░░██████████████████████
C;2;move 23 27
No command provided by bot. Falling back to default no command
GameError - Player 2, worm 2, round 2: Unknown command: No Command
=======================================
Completed round: 2 
=======================================

=======================================
Starting round: 3 
=======================================

My Player:H=350 S=126 W=3 X,Y=1,16
Player 2 :H=350 S=108

██████████████████████░░░░▓▓▓▓░░░░░░▓▓▓▓░░░░██████████████████████
████████████████░░░░░░░░▓▓▓▓░░░░░░░░░░▓▓▓▓░░░░░░░░████████████████
██████████████▓▓▓▓▓▓▓▓▓▓▓▓▓▓░░░░▓▓░░░░▓▓▓▓▓▓▓▓▓▓▓▓▓▓██████████████
████████████▓▓░░░░░░▓▓▓▓░░▓▓▓▓▓▓▓▓▓▓▓▓▓▓░░▓▓▓▓░░░░░░▓▓████████████
████████░░▓▓▓▓░░22░░▓▓▓▓░░░░▓▓▓▓▓▓▓▓▓▓░░░░▓▓▓▓░░░░░░▓▓▓▓░░████████
████████░░░░▓▓░░░░░░▓▓▓▓▓▓░░░░░░░░░░░░░░▓▓▓▓▓▓11░░░░▓▓░░░░████████
██████▓▓░░░░▓▓▓▓▓▓▓▓▓▓▓▓▓▓░░░░░░░░░░░░░░▓▓▓▓▓▓▓▓▓▓▓▓▓▓░░░░▓▓██████
████▓▓▓▓░░░░░░▓▓▓▓▓▓░░░░▓▓▓▓░░░░▓▓░░░░▓▓▓▓░░░░▓▓▓▓▓▓░░░░░░▓▓▓▓████
██▓▓▓▓▓▓░░░░░░▓▓▓▓▓▓░░░░▓▓▓▓▓▓░░░░░░▓▓▓▓▓▓░░░░▓▓▓▓▓▓░░░░░░▓▓▓▓▓▓██
██▓▓░░░░░░░░▓▓▓▓▓▓░░░░░░▓▓▓▓░░░░░░░░░░▓▓▓▓░░░░░░▓▓▓▓▓▓░░░░░░░░▓▓██
██░░░░░░░░▓▓▓▓▓▓░░░░▓▓▓▓▓▓░░░░░░░░░░░░░░▓▓▓▓▓▓░░░░▓▓▓▓▓▓░░░░░░░░██
░░░░░░░░▓▓▓▓▓▓▓▓░░░░▓▓▓▓▓▓░░░░░░▓▓░░░░░░▓▓▓▓▓▓░░░░▓▓▓▓▓▓▓▓░░░░░░░░
▓▓░░░░▓▓▓▓▓▓▓▓▓▓░░░░░░░░▓▓▓▓░░░░░░░░░░▓▓▓▓░░░░░░░░▓▓▓▓▓▓▓▓▓▓░░░░▓▓
░░░░▓▓░░░░▓▓▓▓░░░░░░░░▓▓▓▓░░░░░░░░░░░░░░▓▓▓▓░░░░░░░░▓▓▓▓░░░░▓▓░░░░
▓▓▓▓▓▓▓▓░░▓▓▓▓░░░░▓▓▓▓▓▓░░░░▓▓▓▓▓▓▓▓▓▓░░░░▓▓▓▓▓▓░░░░▓▓▓▓░░▓▓▓▓▓▓▓▓
░░░░░░▓▓░░▓▓░░░░░░▓▓▓▓░░░░▓▓▓▓▓▓▓▓▓▓▓▓▓▓░░░░▓▓▓▓░░░░░░▓▓░░▓▓░░░░░░
░░13░░▓▓▓▓▓▓▓▓▓▓░░░░▓▓▓▓▓▓╠╣▓▓░░▓▓░░▓▓╠╣▓▓▓▓▓▓░░░░▓▓▓▓▓▓▓▓▓▓░░23░░
░░░░░░▓▓▓▓▓▓▓▓▓▓▓▓▓▓▓▓░░▓▓░░░░░░▓▓░░░░░░▓▓░░▓▓▓▓▓▓▓▓▓▓▓▓▓▓▓▓░░░░░░
▓▓▓▓▓▓▓▓▓▓░░░░░░░░▓▓░░░░░░░░░░▓▓░░▓▓░░░░░░░░░░▓▓░░░░░░░░▓▓▓▓▓▓▓▓▓▓
▓▓▓▓░░░░░░░░░░░░░░░░░░░░░░▓▓▓▓░░░░░░▓▓▓▓░░░░░░░░░░░░░░░░░░░░░░▓▓▓▓
▓▓░░░░░░▓▓▓▓▓▓░░░░░░▓▓░░░░▓▓▓▓░░░░░░▓▓▓▓░░░░▓▓░░░░░░▓▓▓▓▓▓░░░░░░▓▓
░░░░▓▓▓▓░░▓▓▓▓▓▓░░▓▓▓▓▓▓░░▓▓▓▓▓▓░░▓▓▓▓▓▓░░▓▓▓▓▓▓░░▓▓▓▓▓▓░░▓▓▓▓░░░░
██░░░░▓▓░░▓▓▓▓▓▓░░░░▓▓░░░░░░▓▓░░░░░░▓▓░░░░░░▓▓░░░░▓▓▓▓▓▓░░▓▓░░░░██
██▓▓░░░░░░░░░░▓▓▓▓░░▓▓▓▓░░░░▓▓▓▓░░▓▓▓▓░░░░▓▓▓▓░░▓▓▓▓░░░░░░░░░░▓▓██
██▓▓░░▓▓░░░░░░▓▓▓▓░░▓▓▓▓▓▓░░░░▓▓▓▓▓▓░░░░▓▓▓▓▓▓░░▓▓▓▓░░░░░░▓▓░░▓▓██
████░░▓▓▓▓░░░░░░░░▓▓▓▓▓▓▓▓░░░░▓▓▓▓▓▓░░░░▓▓▓▓▓▓▓▓░░░░░░░░▓▓▓▓░░████
██████▓▓▓▓▓▓▓▓▓▓▓▓▓▓▓▓░░▓▓▓▓░░░░░░░░░░▓▓▓▓░░▓▓▓▓▓▓▓▓▓▓▓▓▓▓▓▓██████
████████░░▓▓▓▓░░░░░░▓▓▓▓▓▓▓▓░░░░░░░░░░▓▓▓▓▓▓▓▓12░░░░▓▓▓▓░░████████
████████░░▓▓▓▓░░21░░▓▓▓▓▓▓░░░░▓▓▓▓▓▓░░░░▓▓▓▓▓▓░░░░░░▓▓▓▓░░████████
████████████▓▓░░░░░░▓▓░░░░░░░░▓▓▓▓▓▓░░░░░░░░▓▓░░░░░░▓▓████████████
██████████████▓▓▓▓▓▓▓▓▓▓▓▓▓▓░░░░░░░░░░▓▓▓▓▓▓▓▓▓▓▓▓▓▓██████████████
████████████████░░▓▓▓▓▓▓░░░░░░░░░░░░░░░░░░▓▓▓▓▓▓░░████████████████
██████████████████████░░░░░░░░░░▓▓░░░░░░░░░░██████████████████████
C;3;move 2 16
No command provided by bot. Falling back to default no command
GameError - Player 2, worm 3, round 3: Unknown command: No Command
=======================================
Completed round: 3 
=======================================

=======================================
Starting round: 4 
=======================================

My Player:H=350 S=131 W=1 X,Y=23,5
Player 2 :H=350 S=104

██████████████████████░░░░▓▓▓▓░░░░░░▓▓▓▓░░░░██████████████████████
████████████████░░░░░░░░▓▓▓▓░░░░░░░░░░▓▓▓▓░░░░░░░░████████████████
██████████████▓▓▓▓▓▓▓▓▓▓▓▓▓▓░░░░▓▓░░░░▓▓▓▓▓▓▓▓▓▓▓▓▓▓██████████████
████████████▓▓░░░░░░▓▓▓▓░░▓▓▓▓▓▓▓▓▓▓▓▓▓▓░░▓▓▓▓░░░░░░▓▓████████████
████████░░▓▓▓▓░░22░░▓▓▓▓░░░░▓▓▓▓▓▓▓▓▓▓░░░░▓▓▓▓░░░░░░▓▓▓▓░░████████
████████░░░░▓▓░░░░░░▓▓▓▓▓▓░░░░░░░░░░░░░░▓▓▓▓▓▓11░░░░▓▓░░░░████████
██████▓▓░░░░▓▓▓▓▓▓▓▓▓▓▓▓▓▓░░░░░░░░░░░░░░▓▓▓▓▓▓▓▓▓▓▓▓▓▓░░░░▓▓██████
████▓▓▓▓░░░░░░▓▓▓▓▓▓░░░░▓▓▓▓░░░░▓▓░░░░▓▓▓▓░░░░▓▓▓▓▓▓░░░░░░▓▓▓▓████
██▓▓▓▓▓▓░░░░░░▓▓▓▓▓▓░░░░▓▓▓▓▓▓░░░░░░▓▓▓▓▓▓░░░░▓▓▓▓▓▓░░░░░░▓▓▓▓▓▓██
██▓▓░░░░░░░░▓▓▓▓▓▓░░░░░░▓▓▓▓░░░░░░░░░░▓▓▓▓░░░░░░▓▓▓▓▓▓░░░░░░░░▓▓██
██░░░░░░░░▓▓▓▓▓▓░░░░▓▓▓▓▓▓░░░░░░░░░░░░░░▓▓▓▓▓▓░░░░▓▓▓▓▓▓░░░░░░░░██
░░░░░░░░▓▓▓▓▓▓▓▓░░░░▓▓▓▓▓▓░░░░░░▓▓░░░░░░▓▓▓▓▓▓░░░░▓▓▓▓▓▓▓▓░░░░░░░░
▓▓░░░░▓▓▓▓▓▓▓▓▓▓░░░░░░░░▓▓▓▓░░░░░░░░░░▓▓▓▓░░░░░░░░▓▓▓▓▓▓▓▓▓▓░░░░▓▓
░░░░▓▓░░░░▓▓▓▓░░░░░░░░▓▓▓▓░░░░░░░░░░░░░░▓▓▓▓░░░░░░░░▓▓▓▓░░░░▓▓░░░░
▓▓▓▓▓▓▓▓░░▓▓▓▓░░░░▓▓▓▓▓▓░░░░▓▓▓▓▓▓▓▓▓▓░░░░▓▓▓▓▓▓░░░░▓▓▓▓░░▓▓▓▓▓▓▓▓
░░░░░░▓▓░░▓▓░░░░░░▓▓▓▓░░░░▓▓▓▓▓▓▓▓▓▓▓▓▓▓░░░░▓▓▓▓░░░░░░▓▓░░▓▓░░░░░░
░░░░13▓▓▓▓▓▓▓▓▓▓░░░░▓▓▓▓▓▓╠╣▓▓░░▓▓░░▓▓╠╣▓▓▓▓▓▓░░░░▓▓▓▓▓▓▓▓▓▓░░23░░
░░░░░░▓▓▓▓▓▓▓▓▓▓▓▓▓▓▓▓░░▓▓░░░░░░▓▓░░░░░░▓▓░░▓▓▓▓▓▓▓▓▓▓▓▓▓▓▓▓░░░░░░
▓▓▓▓▓▓▓▓▓▓░░░░░░░░▓▓░░░░░░░░░░▓▓░░▓▓░░░░░░░░░░▓▓░░░░░░░░▓▓▓▓▓▓▓▓▓▓
▓▓▓▓░░░░░░░░░░░░░░░░░░░░░░▓▓▓▓░░░░░░▓▓▓▓░░░░░░░░░░░░░░░░░░░░░░▓▓▓▓
▓▓░░░░░░▓▓▓▓▓▓░░░░░░▓▓░░░░▓▓▓▓░░░░░░▓▓▓▓░░░░▓▓░░░░░░▓▓▓▓▓▓░░░░░░▓▓
░░░░▓▓▓▓░░▓▓▓▓▓▓░░▓▓▓▓▓▓░░▓▓▓▓▓▓░░▓▓▓▓▓▓░░▓▓▓▓▓▓░░▓▓▓▓▓▓░░▓▓▓▓░░░░
██░░░░▓▓░░▓▓▓▓▓▓░░░░▓▓░░░░░░▓▓░░░░░░▓▓░░░░░░▓▓░░░░▓▓▓▓▓▓░░▓▓░░░░██
██▓▓░░░░░░░░░░▓▓▓▓░░▓▓▓▓░░░░▓▓▓▓░░▓▓▓▓░░░░▓▓▓▓░░▓▓▓▓░░░░░░░░░░▓▓██
██▓▓░░▓▓░░░░░░▓▓▓▓░░▓▓▓▓▓▓░░░░▓▓▓▓▓▓░░░░▓▓▓▓▓▓░░▓▓▓▓░░░░░░▓▓░░▓▓██
████░░▓▓▓▓░░░░░░░░▓▓▓▓▓▓▓▓░░░░▓▓▓▓▓▓░░░░▓▓▓▓▓▓▓▓░░░░░░░░▓▓▓▓░░████
██████▓▓▓▓▓▓▓▓▓▓▓▓▓▓▓▓░░▓▓▓▓░░░░░░░░░░▓▓▓▓░░▓▓▓▓▓▓▓▓▓▓▓▓▓▓▓▓██████
████████░░▓▓▓▓░░░░░░▓▓▓▓▓▓▓▓░░░░░░░░░░▓▓▓▓▓▓▓▓12░░░░▓▓▓▓░░████████
████████░░▓▓▓▓░░21░░▓▓▓▓▓▓░░░░▓▓▓▓▓▓░░░░▓▓▓▓▓▓░░░░░░▓▓▓▓░░████████
████████████▓▓░░░░░░▓▓░░░░░░░░▓▓▓▓▓▓░░░░░░░░▓▓░░░░░░▓▓████████████
██████████████▓▓▓▓▓▓▓▓▓▓▓▓▓▓░░░░░░░░░░▓▓▓▓▓▓▓▓▓▓▓▓▓▓██████████████
████████████████░░▓▓▓▓▓▓░░░░░░░░░░░░░░░░░░▓▓▓▓▓▓░░████████████████
██████████████████████░░░░░░░░░░▓▓░░░░░░░░░░██████████████████████
C;4;dig 22 6
No command provided by bot. Falling back to default no command
GameError - Player 2, worm 1, round 4: Unknown command: No Command
=======================================
Completed round: 4 
=======================================

=======================================
Starting round: 5 
=======================================

My Player:H=350 S=138 W=2 X,Y=23,27
Player 2 :H=350 S=100

██████████████████████░░░░▓▓▓▓░░░░░░▓▓▓▓░░░░██████████████████████
████████████████░░░░░░░░▓▓▓▓░░░░░░░░░░▓▓▓▓░░░░░░░░████████████████
██████████████▓▓▓▓▓▓▓▓▓▓▓▓▓▓░░░░▓▓░░░░▓▓▓▓▓▓▓▓▓▓▓▓▓▓██████████████
████████████▓▓░░░░░░▓▓▓▓░░▓▓▓▓▓▓▓▓▓▓▓▓▓▓░░▓▓▓▓░░░░░░▓▓████████████
████████░░▓▓▓▓░░22░░▓▓▓▓░░░░▓▓▓▓▓▓▓▓▓▓░░░░▓▓▓▓░░░░░░▓▓▓▓░░████████
████████░░░░▓▓░░░░░░▓▓▓▓▓▓░░░░░░░░░░░░░░▓▓▓▓▓▓11░░░░▓▓░░░░████████
██████▓▓░░░░▓▓▓▓▓▓▓▓▓▓▓▓▓▓░░░░░░░░░░░░░░▓▓▓▓░░▓▓▓▓▓▓▓▓░░░░▓▓██████
████▓▓▓▓░░░░░░▓▓▓▓▓▓░░░░▓▓▓▓░░░░▓▓░░░░▓▓▓▓░░░░▓▓▓▓▓▓░░░░░░▓▓▓▓████
██▓▓▓▓▓▓░░░░░░▓▓▓▓▓▓░░░░▓▓▓▓▓▓░░░░░░▓▓▓▓▓▓░░░░▓▓▓▓▓▓░░░░░░▓▓▓▓▓▓██
██▓▓░░░░░░░░▓▓▓▓▓▓░░░░░░▓▓▓▓░░░░░░░░░░▓▓▓▓░░░░░░▓▓▓▓▓▓░░░░░░░░▓▓██
██░░░░░░░░▓▓▓▓▓▓░░░░▓▓▓▓▓▓░░░░░░░░░░░░░░▓▓▓▓▓▓░░░░▓▓▓▓▓▓░░░░░░░░██
░░░░░░░░▓▓▓▓▓▓▓▓░░░░▓▓▓▓▓▓░░░░░░▓▓░░░░░░▓▓▓▓▓▓░░░░▓▓▓▓▓▓▓▓░░░░░░░░
▓▓░░░░▓▓▓▓▓▓▓▓▓▓░░░░░░░░▓▓▓▓░░░░░░░░░░▓▓▓▓░░░░░░░░▓▓▓▓▓▓▓▓▓▓░░░░▓▓
░░░░▓▓░░░░▓▓▓▓░░░░░░░░▓▓▓▓░░░░░░░░░░░░░░▓▓▓▓░░░░░░░░▓▓▓▓░░░░▓▓░░░░
▓▓▓▓▓▓▓▓░░▓▓▓▓░░░░▓▓▓▓▓▓░░░░▓▓▓▓▓▓▓▓▓▓░░░░▓▓▓▓▓▓░░░░▓▓▓▓░░▓▓▓▓▓▓▓▓
░░░░░░▓▓░░▓▓░░░░░░▓▓▓▓░░░░▓▓▓▓▓▓▓▓▓▓▓▓▓▓░░░░▓▓▓▓░░░░░░▓▓░░▓▓░░░░░░
░░░░13▓▓▓▓▓▓▓▓▓▓░░░░▓▓▓▓▓▓╠╣▓▓░░▓▓░░▓▓╠╣▓▓▓▓▓▓░░░░▓▓▓▓▓▓▓▓▓▓░░23░░
░░░░░░▓▓▓▓▓▓▓▓▓▓▓▓▓▓▓▓░░▓▓░░░░░░▓▓░░░░░░▓▓░░▓▓▓▓▓▓▓▓▓▓▓▓▓▓▓▓░░░░░░
▓▓▓▓▓▓▓▓▓▓░░░░░░░░▓▓░░░░░░░░░░▓▓░░▓▓░░░░░░░░░░▓▓░░░░░░░░▓▓▓▓▓▓▓▓▓▓
▓▓▓▓░░░░░░░░░░░░░░░░░░░░░░▓▓▓▓░░░░░░▓▓▓▓░░░░░░░░░░░░░░░░░░░░░░▓▓▓▓
▓▓░░░░░░▓▓▓▓▓▓░░░░░░▓▓░░░░▓▓▓▓░░░░░░▓▓▓▓░░░░▓▓░░░░░░▓▓▓▓▓▓░░░░░░▓▓
░░░░▓▓▓▓░░▓▓▓▓▓▓░░▓▓▓▓▓▓░░▓▓▓▓▓▓░░▓▓▓▓▓▓░░▓▓▓▓▓▓░░▓▓▓▓▓▓░░▓▓▓▓░░░░
██░░░░▓▓░░▓▓▓▓▓▓░░░░▓▓░░░░░░▓▓░░░░░░▓▓░░░░░░▓▓░░░░▓▓▓▓▓▓░░▓▓░░░░██
██▓▓░░░░░░░░░░▓▓▓▓░░▓▓▓▓░░░░▓▓▓▓░░▓▓▓▓░░░░▓▓▓▓░░▓▓▓▓░░░░░░░░░░▓▓██
██▓▓░░▓▓░░░░░░▓▓▓▓░░▓▓▓▓▓▓░░░░▓▓▓▓▓▓░░░░▓▓▓▓▓▓░░▓▓▓▓░░░░░░▓▓░░▓▓██
████░░▓▓▓▓░░░░░░░░▓▓▓▓▓▓▓▓░░░░▓▓▓▓▓▓░░░░▓▓▓▓▓▓▓▓░░░░░░░░▓▓▓▓░░████
██████▓▓▓▓▓▓▓▓▓▓▓▓▓▓▓▓░░▓▓▓▓░░░░░░░░░░▓▓▓▓░░▓▓▓▓▓▓▓▓▓▓▓▓▓▓▓▓██████
████████░░▓▓▓▓░░░░░░▓▓▓▓▓▓▓▓░░░░░░░░░░▓▓▓▓▓▓▓▓12░░░░▓▓▓▓░░████████
████████░░▓▓▓▓░░21░░▓▓▓▓▓▓░░░░▓▓▓▓▓▓░░░░▓▓▓▓▓▓░░░░░░▓▓▓▓░░████████
████████████▓▓░░░░░░▓▓░░░░░░░░▓▓▓▓▓▓░░░░░░░░▓▓░░░░░░▓▓████████████
██████████████▓▓▓▓▓▓▓▓▓▓▓▓▓▓░░░░░░░░░░▓▓▓▓▓▓▓▓▓▓▓▓▓▓██████████████
████████████████░░▓▓▓▓▓▓░░░░░░░░░░░░░░░░░░▓▓▓▓▓▓░░████████████████
██████████████████████░░░░░░░░░░▓▓░░░░░░░░░░██████████████████████
C;5;dig 22 26
No command provided by bot. Falling back to default no command
GameError - Player 2, worm 2, round 5: Unknown command: No Command
=======================================
Completed round: 5 
=======================================

=======================================
Starting round: 6 
=======================================

My Player:H=350 S=145 W=3 X,Y=2,16
Player 2 :H=350 S=96

██████████████████████░░░░▓▓▓▓░░░░░░▓▓▓▓░░░░██████████████████████
████████████████░░░░░░░░▓▓▓▓░░░░░░░░░░▓▓▓▓░░░░░░░░████████████████
██████████████▓▓▓▓▓▓▓▓▓▓▓▓▓▓░░░░▓▓░░░░▓▓▓▓▓▓▓▓▓▓▓▓▓▓██████████████
████████████▓▓░░░░░░▓▓▓▓░░▓▓▓▓▓▓▓▓▓▓▓▓▓▓░░▓▓▓▓░░░░░░▓▓████████████
████████░░▓▓▓▓░░22░░▓▓▓▓░░░░▓▓▓▓▓▓▓▓▓▓░░░░▓▓▓▓░░░░░░▓▓▓▓░░████████
████████░░░░▓▓░░░░░░▓▓▓▓▓▓░░░░░░░░░░░░░░▓▓▓▓▓▓11░░░░▓▓░░░░████████
██████▓▓░░░░▓▓▓▓▓▓▓▓▓▓▓▓▓▓░░░░░░░░░░░░░░▓▓▓▓░░▓▓▓▓▓▓▓▓░░░░▓▓██████
████▓▓▓▓░░░░░░▓▓▓▓▓▓░░░░▓▓▓▓░░░░▓▓░░░░▓▓▓▓░░░░▓▓▓▓▓▓░░░░░░▓▓▓▓████
██▓▓▓▓▓▓░░░░░░▓▓▓▓▓▓░░░░▓▓▓▓▓▓░░░░░░▓▓▓▓▓▓░░░░▓▓▓▓▓▓░░░░░░▓▓▓▓▓▓██
██▓▓░░░░░░░░▓▓▓▓▓▓░░░░░░▓▓▓▓░░░░░░░░░░▓▓▓▓░░░░░░▓▓▓▓▓▓░░░░░░░░▓▓██
██░░░░░░░░▓▓▓▓▓▓░░░░▓▓▓▓▓▓░░░░░░░░░░░░░░▓▓▓▓▓▓░░░░▓▓▓▓▓▓░░░░░░░░██
░░░░░░░░▓▓▓▓▓▓▓▓░░░░▓▓▓▓▓▓░░░░░░▓▓░░░░░░▓▓▓▓▓▓░░░░▓▓▓▓▓▓▓▓░░░░░░░░
▓▓░░░░▓▓▓▓▓▓▓▓▓▓░░░░░░░░▓▓▓▓░░░░░░░░░░▓▓▓▓░░░░░░░░▓▓▓▓▓▓▓▓▓▓░░░░▓▓
░░░░▓▓░░░░▓▓▓▓░░░░░░░░▓▓▓▓░░░░░░░░░░░░░░▓▓▓▓░░░░░░░░▓▓▓▓░░░░▓▓░░░░
▓▓▓▓▓▓▓▓░░▓▓▓▓░░░░▓▓▓▓▓▓░░░░▓▓▓▓▓▓▓▓▓▓░░░░▓▓▓▓▓▓░░░░▓▓▓▓░░▓▓▓▓▓▓▓▓
░░░░░░▓▓░░▓▓░░░░░░▓▓▓▓░░░░▓▓▓▓▓▓▓▓▓▓▓▓▓▓░░░░▓▓▓▓░░░░░░▓▓░░▓▓░░░░░░
░░░░13▓▓▓▓▓▓▓▓▓▓░░░░▓▓▓▓▓▓╠╣▓▓░░▓▓░░▓▓╠╣▓▓▓▓▓▓░░░░▓▓▓▓▓▓▓▓▓▓░░23░░
░░░░░░▓▓▓▓▓▓▓▓▓▓▓▓▓▓▓▓░░▓▓░░░░░░▓▓░░░░░░▓▓░░▓▓▓▓▓▓▓▓▓▓▓▓▓▓▓▓░░░░░░
▓▓▓▓▓▓▓▓▓▓░░░░░░░░▓▓░░░░░░░░░░▓▓░░▓▓░░░░░░░░░░▓▓░░░░░░░░▓▓▓▓▓▓▓▓▓▓
▓▓▓▓░░░░░░░░░░░░░░░░░░░░░░▓▓▓▓░░░░░░▓▓▓▓░░░░░░░░░░░░░░░░░░░░░░▓▓▓▓
▓▓░░░░░░▓▓▓▓▓▓░░░░░░▓▓░░░░▓▓▓▓░░░░░░▓▓▓▓░░░░▓▓░░░░░░▓▓▓▓▓▓░░░░░░▓▓
░░░░▓▓▓▓░░▓▓▓▓▓▓░░▓▓▓▓▓▓░░▓▓▓▓▓▓░░▓▓▓▓▓▓░░▓▓▓▓▓▓░░▓▓▓▓▓▓░░▓▓▓▓░░░░
██░░░░▓▓░░▓▓▓▓▓▓░░░░▓▓░░░░░░▓▓░░░░░░▓▓░░░░░░▓▓░░░░▓▓▓▓▓▓░░▓▓░░░░██
██▓▓░░░░░░░░░░▓▓▓▓░░▓▓▓▓░░░░▓▓▓▓░░▓▓▓▓░░░░▓▓▓▓░░▓▓▓▓░░░░░░░░░░▓▓██
██▓▓░░▓▓░░░░░░▓▓▓▓░░▓▓▓▓▓▓░░░░▓▓▓▓▓▓░░░░▓▓▓▓▓▓░░▓▓▓▓░░░░░░▓▓░░▓▓██
████░░▓▓▓▓░░░░░░░░▓▓▓▓▓▓▓▓░░░░▓▓▓▓▓▓░░░░▓▓▓▓▓▓▓▓░░░░░░░░▓▓▓▓░░████
██████▓▓▓▓▓▓▓▓▓▓▓▓▓▓▓▓░░▓▓▓▓░░░░░░░░░░▓▓▓▓░░░░▓▓▓▓▓▓▓▓▓▓▓▓▓▓██████
████████░░▓▓▓▓░░░░░░▓▓▓▓▓▓▓▓░░░░░░░░░░▓▓▓▓▓▓▓▓12░░░░▓▓▓▓░░████████
████████░░▓▓▓▓░░21░░▓▓▓▓▓▓░░░░▓▓▓▓▓▓░░░░▓▓▓▓▓▓░░░░░░▓▓▓▓░░████████
████████████▓▓░░░░░░▓▓░░░░░░░░▓▓▓▓▓▓░░░░░░░░▓▓░░░░░░▓▓████████████
██████████████▓▓▓▓▓▓▓▓▓▓▓▓▓▓░░░░░░░░░░▓▓▓▓▓▓▓▓▓▓▓▓▓▓██████████████
████████████████░░▓▓▓▓▓▓░░░░░░░░░░░░░░░░░░▓▓▓▓▓▓░░████████████████
██████████████████████░░░░░░░░░░▓▓░░░░░░░░░░██████████████████████
C;6;dig 3 16
No command provided by bot. Falling back to default no command
GameError - Player 2, worm 3, round 6: Unknown command: No Command
=======================================
Completed round: 6 
=======================================

=======================================
Starting round: 7 
=======================================

My Player:H=350 S=152 W=1 X,Y=23,5
Player 2 :H=350 S=92

██████████████████████░░░░▓▓▓▓░░░░░░▓▓▓▓░░░░██████████████████████
████████████████░░░░░░░░▓▓▓▓░░░░░░░░░░▓▓▓▓░░░░░░░░████████████████
██████████████▓▓▓▓▓▓▓▓▓▓▓▓▓▓░░░░▓▓░░░░▓▓▓▓▓▓▓▓▓▓▓▓▓▓██████████████
████████████▓▓░░░░░░▓▓▓▓░░▓▓▓▓▓▓▓▓▓▓▓▓▓▓░░▓▓▓▓░░░░░░▓▓████████████
████████░░▓▓▓▓░░22░░▓▓▓▓░░░░▓▓▓▓▓▓▓▓▓▓░░░░▓▓▓▓░░░░░░▓▓▓▓░░████████
████████░░░░▓▓░░░░░░▓▓▓▓▓▓░░░░░░░░░░░░░░▓▓▓▓▓▓11░░░░▓▓░░░░████████
██████▓▓░░░░▓▓▓▓▓▓▓▓▓▓▓▓▓▓░░░░░░░░░░░░░░▓▓▓▓░░▓▓▓▓▓▓▓▓░░░░▓▓██████
████▓▓▓▓░░░░░░▓▓▓▓▓▓░░░░▓▓▓▓░░░░▓▓░░░░▓▓▓▓░░░░▓▓▓▓▓▓░░░░░░▓▓▓▓████
██▓▓▓▓▓▓░░░░░░▓▓▓▓▓▓░░░░▓▓▓▓▓▓░░░░░░▓▓▓▓▓▓░░░░▓▓▓▓▓▓░░░░░░▓▓▓▓▓▓██
██▓▓░░░░░░░░▓▓▓▓▓▓░░░░░░▓▓▓▓░░░░░░░░░░▓▓▓▓░░░░░░▓▓▓▓▓▓░░░░░░░░▓▓██
██░░░░░░░░▓▓▓▓▓▓░░░░▓▓▓▓▓▓░░░░░░░░░░░░░░▓▓▓▓▓▓░░░░▓▓▓▓▓▓░░░░░░░░██
░░░░░░░░▓▓▓▓▓▓▓▓░░░░▓▓▓▓▓▓░░░░░░▓▓░░░░░░▓▓▓▓▓▓░░░░▓▓▓▓▓▓▓▓░░░░░░░░
▓▓░░░░▓▓▓▓▓▓▓▓▓▓░░░░░░░░▓▓▓▓░░░░░░░░░░▓▓▓▓░░░░░░░░▓▓▓▓▓▓▓▓▓▓░░░░▓▓
░░░░▓▓░░░░▓▓▓▓░░░░░░░░▓▓▓▓░░░░░░░░░░░░░░▓▓▓▓░░░░░░░░▓▓▓▓░░░░▓▓░░░░
▓▓▓▓▓▓▓▓░░▓▓▓▓░░░░▓▓▓▓▓▓░░░░▓▓▓▓▓▓▓▓▓▓░░░░▓▓▓▓▓▓░░░░▓▓▓▓░░▓▓▓▓▓▓▓▓
░░░░░░▓▓░░▓▓░░░░░░▓▓▓▓░░░░▓▓▓▓▓▓▓▓▓▓▓▓▓▓░░░░▓▓▓▓░░░░░░▓▓░░▓▓░░░░░░
░░░░13░░▓▓▓▓▓▓▓▓░░░░▓▓▓▓▓▓╠╣▓▓░░▓▓░░▓▓╠╣▓▓▓▓▓▓░░░░▓▓▓▓▓▓▓▓▓▓░░23░░
░░░░░░▓▓▓▓▓▓▓▓▓▓▓▓▓▓▓▓░░▓▓░░░░░░▓▓░░░░░░▓▓░░▓▓▓▓▓▓▓▓▓▓▓▓▓▓▓▓░░░░░░
▓▓▓▓▓▓▓▓▓▓░░░░░░░░▓▓░░░░░░░░░░▓▓░░▓▓░░░░░░░░░░▓▓░░░░░░░░▓▓▓▓▓▓▓▓▓▓
▓▓▓▓░░░░░░░░░░░░░░░░░░░░░░▓▓▓▓░░░░░░▓▓▓▓░░░░░░░░░░░░░░░░░░░░░░▓▓▓▓
▓▓░░░░░░▓▓▓▓▓▓░░░░░░▓▓░░░░▓▓▓▓░░░░░░▓▓▓▓░░░░▓▓░░░░░░▓▓▓▓▓▓░░░░░░▓▓
░░░░▓▓▓▓░░▓▓▓▓▓▓░░▓▓▓▓▓▓░░▓▓▓▓▓▓░░▓▓▓▓▓▓░░▓▓▓▓▓▓░░▓▓▓▓▓▓░░▓▓▓▓░░░░
██░░░░▓▓░░▓▓▓▓▓▓░░░░▓▓░░░░░░▓▓░░░░░░▓▓░░░░░░▓▓░░░░▓▓▓▓▓▓░░▓▓░░░░██
██▓▓░░░░░░░░░░▓▓▓▓░░▓▓▓▓░░░░▓▓▓▓░░▓▓▓▓░░░░▓▓▓▓░░▓▓▓▓░░░░░░░░░░▓▓██
██▓▓░░▓▓░░░░░░▓▓▓▓░░▓▓▓▓▓▓░░░░▓▓▓▓▓▓░░░░▓▓▓▓▓▓░░▓▓▓▓░░░░░░▓▓░░▓▓██
████░░▓▓▓▓░░░░░░░░▓▓▓▓▓▓▓▓░░░░▓▓▓▓▓▓░░░░▓▓▓▓▓▓▓▓░░░░░░░░▓▓▓▓░░████
██████▓▓▓▓▓▓▓▓▓▓▓▓▓▓▓▓░░▓▓▓▓░░░░░░░░░░▓▓▓▓░░░░▓▓▓▓▓▓▓▓▓▓▓▓▓▓██████
████████░░▓▓▓▓░░░░░░▓▓▓▓▓▓▓▓░░░░░░░░░░▓▓▓▓▓▓▓▓12░░░░▓▓▓▓░░████████
████████░░▓▓▓▓░░21░░▓▓▓▓▓▓░░░░▓▓▓▓▓▓░░░░▓▓▓▓▓▓░░░░░░▓▓▓▓░░████████
████████████▓▓░░░░░░▓▓░░░░░░░░▓▓▓▓▓▓░░░░░░░░▓▓░░░░░░▓▓████████████
██████████████▓▓▓▓▓▓▓▓▓▓▓▓▓▓░░░░░░░░░░▓▓▓▓▓▓▓▓▓▓▓▓▓▓██████████████
████████████████░░▓▓▓▓▓▓░░░░░░░░░░░░░░░░░░▓▓▓▓▓▓░░████████████████
██████████████████████░░░░░░░░░░▓▓░░░░░░░░░░██████████████████████
C;7;move 22 6
No command provided by bot. Falling back to default no command
GameError - Player 2, worm 1, round 7: Unknown command: No Command
=======================================
Completed round: 7 
=======================================

=======================================
Starting round: 8 
=======================================

My Player:H=350 S=157 W=2 X,Y=23,27
Player 2 :H=350 S=88

██████████████████████░░░░▓▓▓▓░░░░░░▓▓▓▓░░░░██████████████████████
████████████████░░░░░░░░▓▓▓▓░░░░░░░░░░▓▓▓▓░░░░░░░░████████████████
██████████████▓▓▓▓▓▓▓▓▓▓▓▓▓▓░░░░▓▓░░░░▓▓▓▓▓▓▓▓▓▓▓▓▓▓██████████████
████████████▓▓░░░░░░▓▓▓▓░░▓▓▓▓▓▓▓▓▓▓▓▓▓▓░░▓▓▓▓░░░░░░▓▓████████████
████████░░▓▓▓▓░░22░░▓▓▓▓░░░░▓▓▓▓▓▓▓▓▓▓░░░░▓▓▓▓░░░░░░▓▓▓▓░░████████
████████░░░░▓▓░░░░░░▓▓▓▓▓▓░░░░░░░░░░░░░░▓▓▓▓▓▓░░░░░░▓▓░░░░████████
██████▓▓░░░░▓▓▓▓▓▓▓▓▓▓▓▓▓▓░░░░░░░░░░░░░░▓▓▓▓11▓▓▓▓▓▓▓▓░░░░▓▓██████
████▓▓▓▓░░░░░░▓▓▓▓▓▓░░░░▓▓▓▓░░░░▓▓░░░░▓▓▓▓░░░░▓▓▓▓▓▓░░░░░░▓▓▓▓████
██▓▓▓▓▓▓░░░░░░▓▓▓▓▓▓░░░░▓▓▓▓▓▓░░░░░░▓▓▓▓▓▓░░░░▓▓▓▓▓▓░░░░░░▓▓▓▓▓▓██
██▓▓░░░░░░░░▓▓▓▓▓▓░░░░░░▓▓▓▓░░░░░░░░░░▓▓▓▓░░░░░░▓▓▓▓▓▓░░░░░░░░▓▓██
██░░░░░░░░▓▓▓▓▓▓░░░░▓▓▓▓▓▓░░░░░░░░░░░░░░▓▓▓▓▓▓░░░░▓▓▓▓▓▓░░░░░░░░██
░░░░░░░░▓▓▓▓▓▓▓▓░░░░▓▓▓▓▓▓░░░░░░▓▓░░░░░░▓▓▓▓▓▓░░░░▓▓▓▓▓▓▓▓░░░░░░░░
▓▓░░░░▓▓▓▓▓▓▓▓▓▓░░░░░░░░▓▓▓▓░░░░░░░░░░▓▓▓▓░░░░░░░░▓▓▓▓▓▓▓▓▓▓░░░░▓▓
░░░░▓▓░░░░▓▓▓▓░░░░░░░░▓▓▓▓░░░░░░░░░░░░░░▓▓▓▓░░░░░░░░▓▓▓▓░░░░▓▓░░░░
▓▓▓▓▓▓▓▓░░▓▓▓▓░░░░▓▓▓▓▓▓░░░░▓▓▓▓▓▓▓▓▓▓░░░░▓▓▓▓▓▓░░░░▓▓▓▓░░▓▓▓▓▓▓▓▓
░░░░░░▓▓░░▓▓░░░░░░▓▓▓▓░░░░▓▓▓▓▓▓▓▓▓▓▓▓▓▓░░░░▓▓▓▓░░░░░░▓▓░░▓▓░░░░░░
░░░░13░░▓▓▓▓▓▓▓▓░░░░▓▓▓▓▓▓╠╣▓▓░░▓▓░░▓▓╠╣▓▓▓▓▓▓░░░░▓▓▓▓▓▓▓▓▓▓░░23░░
░░░░░░▓▓▓▓▓▓▓▓▓▓▓▓▓▓▓▓░░▓▓░░░░░░▓▓░░░░░░▓▓░░▓▓▓▓▓▓▓▓▓▓▓▓▓▓▓▓░░░░░░
▓▓▓▓▓▓▓▓▓▓░░░░░░░░▓▓░░░░░░░░░░▓▓░░▓▓░░░░░░░░░░▓▓░░░░░░░░▓▓▓▓▓▓▓▓▓▓
▓▓▓▓░░░░░░░░░░░░░░░░░░░░░░▓▓▓▓░░░░░░▓▓▓▓░░░░░░░░░░░░░░░░░░░░░░▓▓▓▓
▓▓░░░░░░▓▓▓▓▓▓░░░░░░▓▓░░░░▓▓▓▓░░░░░░▓▓▓▓░░░░▓▓░░░░░░▓▓▓▓▓▓░░░░░░▓▓
░░░░▓▓▓▓░░▓▓▓▓▓▓░░▓▓▓▓▓▓░░▓▓▓▓▓▓░░▓▓▓▓▓▓░░▓▓▓▓▓▓░░▓▓▓▓▓▓░░▓▓▓▓░░░░
██░░░░▓▓░░▓▓▓▓▓▓░░░░▓▓░░░░░░▓▓░░░░░░▓▓░░░░░░▓▓░░░░▓▓▓▓▓▓░░▓▓░░░░██
██▓▓░░░░░░░░░░▓▓▓▓░░▓▓▓▓░░░░▓▓▓▓░░▓▓▓▓░░░░▓▓▓▓░░▓▓▓▓░░░░░░░░░░▓▓██
██▓▓░░▓▓░░░░░░▓▓▓▓░░▓▓▓▓▓▓░░░░▓▓▓▓▓▓░░░░▓▓▓▓▓▓░░▓▓▓▓░░░░░░▓▓░░▓▓██
████░░▓▓▓▓░░░░░░░░▓▓▓▓▓▓▓▓░░░░▓▓▓▓▓▓░░░░▓▓▓▓▓▓▓▓░░░░░░░░▓▓▓▓░░████
██████▓▓▓▓▓▓▓▓▓▓▓▓▓▓▓▓░░▓▓▓▓░░░░░░░░░░▓▓▓▓░░░░▓▓▓▓▓▓▓▓▓▓▓▓▓▓██████
████████░░▓▓▓▓░░░░░░▓▓▓▓▓▓▓▓░░░░░░░░░░▓▓▓▓▓▓▓▓12░░░░▓▓▓▓░░████████
████████░░▓▓▓▓░░21░░▓▓▓▓▓▓░░░░▓▓▓▓▓▓░░░░▓▓▓▓▓▓░░░░░░▓▓▓▓░░████████
████████████▓▓░░░░░░▓▓░░░░░░░░▓▓▓▓▓▓░░░░░░░░▓▓░░░░░░▓▓████████████
██████████████▓▓▓▓▓▓▓▓▓▓▓▓▓▓░░░░░░░░░░▓▓▓▓▓▓▓▓▓▓▓▓▓▓██████████████
████████████████░░▓▓▓▓▓▓░░░░░░░░░░░░░░░░░░▓▓▓▓▓▓░░████████████████
██████████████████████░░░░░░░░░░▓▓░░░░░░░░░░██████████████████████
C;8;move 22 26
No command provided by bot. Falling back to default no command
GameError - Player 2, worm 2, round 8: Unknown command: No Command
=======================================
Completed round: 8 
=======================================

=======================================
Starting round: 9 
=======================================

My Player:H=350 S=162 W=3 X,Y=2,16
Player 2 :H=350 S=84

██████████████████████░░░░▓▓▓▓░░░░░░▓▓▓▓░░░░██████████████████████
████████████████░░░░░░░░▓▓▓▓░░░░░░░░░░▓▓▓▓░░░░░░░░████████████████
██████████████▓▓▓▓▓▓▓▓▓▓▓▓▓▓░░░░▓▓░░░░▓▓▓▓▓▓▓▓▓▓▓▓▓▓██████████████
████████████▓▓░░░░░░▓▓▓▓░░▓▓▓▓▓▓▓▓▓▓▓▓▓▓░░▓▓▓▓░░░░░░▓▓████████████
████████░░▓▓▓▓░░22░░▓▓▓▓░░░░▓▓▓▓▓▓▓▓▓▓░░░░▓▓▓▓░░░░░░▓▓▓▓░░████████
████████░░░░▓▓░░░░░░▓▓▓▓▓▓░░░░░░░░░░░░░░▓▓▓▓▓▓░░░░░░▓▓░░░░████████
██████▓▓░░░░▓▓▓▓▓▓▓▓▓▓▓▓▓▓░░░░░░░░░░░░░░▓▓▓▓11▓▓▓▓▓▓▓▓░░░░▓▓██████
████▓▓▓▓░░░░░░▓▓▓▓▓▓░░░░▓▓▓▓░░░░▓▓░░░░▓▓▓▓░░░░▓▓▓▓▓▓░░░░░░▓▓▓▓████
██▓▓▓▓▓▓░░░░░░▓▓▓▓▓▓░░░░▓▓▓▓▓▓░░░░░░▓▓▓▓▓▓░░░░▓▓▓▓▓▓░░░░░░▓▓▓▓▓▓██
██▓▓░░░░░░░░▓▓▓▓▓▓░░░░░░▓▓▓▓░░░░░░░░░░▓▓▓▓░░░░░░▓▓▓▓▓▓░░░░░░░░▓▓██
██░░░░░░░░▓▓▓▓▓▓░░░░▓▓▓▓▓▓░░░░░░░░░░░░░░▓▓▓▓▓▓░░░░▓▓▓▓▓▓░░░░░░░░██
░░░░░░░░▓▓▓▓▓▓▓▓░░░░▓▓▓▓▓▓░░░░░░▓▓░░░░░░▓▓▓▓▓▓░░░░▓▓▓▓▓▓▓▓░░░░░░░░
▓▓░░░░▓▓▓▓▓▓▓▓▓▓░░░░░░░░▓▓▓▓░░░░░░░░░░▓▓▓▓░░░░░░░░▓▓▓▓▓▓▓▓▓▓░░░░▓▓
░░░░▓▓░░░░▓▓▓▓░░░░░░░░▓▓▓▓░░░░░░░░░░░░░░▓▓▓▓░░░░░░░░▓▓▓▓░░░░▓▓░░░░
▓▓▓▓▓▓▓▓░░▓▓▓▓░░░░▓▓▓▓▓▓░░░░▓▓▓▓▓▓▓▓▓▓░░░░▓▓▓▓▓▓░░░░▓▓▓▓░░▓▓▓▓▓▓▓▓
░░░░░░▓▓░░▓▓░░░░░░▓▓▓▓░░░░▓▓▓▓▓▓▓▓▓▓▓▓▓▓░░░░▓▓▓▓░░░░░░▓▓░░▓▓░░░░░░
░░░░13░░▓▓▓▓▓▓▓▓░░░░▓▓▓▓▓▓╠╣▓▓░░▓▓░░▓▓╠╣▓▓▓▓▓▓░░░░▓▓▓▓▓▓▓▓▓▓░░23░░
░░░░░░▓▓▓▓▓▓▓▓▓▓▓▓▓▓▓▓░░▓▓░░░░░░▓▓░░░░░░▓▓░░▓▓▓▓▓▓▓▓▓▓▓▓▓▓▓▓░░░░░░
▓▓▓▓▓▓▓▓▓▓░░░░░░░░▓▓░░░░░░░░░░▓▓░░▓▓░░░░░░░░░░▓▓░░░░░░░░▓▓▓▓▓▓▓▓▓▓
▓▓▓▓░░░░░░░░░░░░░░░░░░░░░░▓▓▓▓░░░░░░▓▓▓▓░░░░░░░░░░░░░░░░░░░░░░▓▓▓▓
▓▓░░░░░░▓▓▓▓▓▓░░░░░░▓▓░░░░▓▓▓▓░░░░░░▓▓▓▓░░░░▓▓░░░░░░▓▓▓▓▓▓░░░░░░▓▓
░░░░▓▓▓▓░░▓▓▓▓▓▓░░▓▓▓▓▓▓░░▓▓▓▓▓▓░░▓▓▓▓▓▓░░▓▓▓▓▓▓░░▓▓▓▓▓▓░░▓▓▓▓░░░░
██░░░░▓▓░░▓▓▓▓▓▓░░░░▓▓░░░░░░▓▓░░░░░░▓▓░░░░░░▓▓░░░░▓▓▓▓▓▓░░▓▓░░░░██
██▓▓░░░░░░░░░░▓▓▓▓░░▓▓▓▓░░░░▓▓▓▓░░▓▓▓▓░░░░▓▓▓▓░░▓▓▓▓░░░░░░░░░░▓▓██
██▓▓░░▓▓░░░░░░▓▓▓▓░░▓▓▓▓▓▓░░░░▓▓▓▓▓▓░░░░▓▓▓▓▓▓░░▓▓▓▓░░░░░░▓▓░░▓▓██
████░░▓▓▓▓░░░░░░░░▓▓▓▓▓▓▓▓░░░░▓▓▓▓▓▓░░░░▓▓▓▓▓▓▓▓░░░░░░░░▓▓▓▓░░████
██████▓▓▓▓▓▓▓▓▓▓▓▓▓▓▓▓░░▓▓▓▓░░░░░░░░░░▓▓▓▓░░12▓▓▓▓▓▓▓▓▓▓▓▓▓▓██████
████████░░▓▓▓▓░░░░░░▓▓▓▓▓▓▓▓░░░░░░░░░░▓▓▓▓▓▓▓▓░░░░░░▓▓▓▓░░████████
████████░░▓▓▓▓░░21░░▓▓▓▓▓▓░░░░▓▓▓▓▓▓░░░░▓▓▓▓▓▓░░░░░░▓▓▓▓░░████████
████████████▓▓░░░░░░▓▓░░░░░░░░▓▓▓▓▓▓░░░░░░░░▓▓░░░░░░▓▓████████████
██████████████▓▓▓▓▓▓▓▓▓▓▓▓▓▓░░░░░░░░░░▓▓▓▓▓▓▓▓▓▓▓▓▓▓██████████████
████████████████░░▓▓▓▓▓▓░░░░░░░░░░░░░░░░░░▓▓▓▓▓▓░░████████████████
██████████████████████░░░░░░░░░░▓▓░░░░░░░░░░██████████████████████
C;9;move 3 16
No command provided by bot. Falling back to default no command
GameError - Player 2, worm 3, round 9: Unknown command: No Command
=======================================
Completed round: 9 
=======================================

=======================================
Starting round: 10 
=======================================

My Player:H=350 S=167 W=1 X,Y=22,6
Player 2 :H=350 S=80

██████████████████████░░░░▓▓▓▓░░░░░░▓▓▓▓░░░░██████████████████████
████████████████░░░░░░░░▓▓▓▓░░░░░░░░░░▓▓▓▓░░░░░░░░████████████████
██████████████▓▓▓▓▓▓▓▓▓▓▓▓▓▓░░░░▓▓░░░░▓▓▓▓▓▓▓▓▓▓▓▓▓▓██████████████
████████████▓▓░░░░░░▓▓▓▓░░▓▓▓▓▓▓▓▓▓▓▓▓▓▓░░▓▓▓▓░░░░░░▓▓████████████
████████░░▓▓▓▓░░22░░▓▓▓▓░░░░▓▓▓▓▓▓▓▓▓▓░░░░▓▓▓▓░░░░░░▓▓▓▓░░████████
████████░░░░▓▓░░░░░░▓▓▓▓▓▓░░░░░░░░░░░░░░▓▓▓▓▓▓░░░░░░▓▓░░░░████████
██████▓▓░░░░▓▓▓▓▓▓▓▓▓▓▓▓▓▓░░░░░░░░░░░░░░▓▓▓▓11▓▓▓▓▓▓▓▓░░░░▓▓██████
████▓▓▓▓░░░░░░▓▓▓▓▓▓░░░░▓▓▓▓░░░░▓▓░░░░▓▓▓▓░░░░▓▓▓▓▓▓░░░░░░▓▓▓▓████
██▓▓▓▓▓▓░░░░░░▓▓▓▓▓▓░░░░▓▓▓▓▓▓░░░░░░▓▓▓▓▓▓░░░░▓▓▓▓▓▓░░░░░░▓▓▓▓▓▓██
██▓▓░░░░░░░░▓▓▓▓▓▓░░░░░░▓▓▓▓░░░░░░░░░░▓▓▓▓░░░░░░▓▓▓▓▓▓░░░░░░░░▓▓██
██░░░░░░░░▓▓▓▓▓▓░░░░▓▓▓▓▓▓░░░░░░░░░░░░░░▓▓▓▓▓▓░░░░▓▓▓▓▓▓░░░░░░░░██
░░░░░░░░▓▓▓▓▓▓▓▓░░░░▓▓▓▓▓▓░░░░░░▓▓░░░░░░▓▓▓▓▓▓░░░░▓▓▓▓▓▓▓▓░░░░░░░░
▓▓░░░░▓▓▓▓▓▓▓▓▓▓░░░░░░░░▓▓▓▓░░░░░░░░░░▓▓▓▓░░░░░░░░▓▓▓▓▓▓▓▓▓▓░░░░▓▓
░░░░▓▓░░░░▓▓▓▓░░░░░░░░▓▓▓▓░░░░░░░░░░░░░░▓▓▓▓░░░░░░░░▓▓▓▓░░░░▓▓░░░░
▓▓▓▓▓▓▓▓░░▓▓▓▓░░░░▓▓▓▓▓▓░░░░▓▓▓▓▓▓▓▓▓▓░░░░▓▓▓▓▓▓░░░░▓▓▓▓░░▓▓▓▓▓▓▓▓
░░░░░░▓▓░░▓▓░░░░░░▓▓▓▓░░░░▓▓▓▓▓▓▓▓▓▓▓▓▓▓░░░░▓▓▓▓░░░░░░▓▓░░▓▓░░░░░░
░░░░░░13▓▓▓▓▓▓▓▓░░░░▓▓▓▓▓▓╠╣▓▓░░▓▓░░▓▓╠╣▓▓▓▓▓▓░░░░▓▓▓▓▓▓▓▓▓▓░░23░░
░░░░░░▓▓▓▓▓▓▓▓▓▓▓▓▓▓▓▓░░▓▓░░░░░░▓▓░░░░░░▓▓░░▓▓▓▓▓▓▓▓▓▓▓▓▓▓▓▓░░░░░░
▓▓▓▓▓▓▓▓▓▓░░░░░░░░▓▓░░░░░░░░░░▓▓░░▓▓░░░░░░░░░░▓▓░░░░░░░░▓▓▓▓▓▓▓▓▓▓
▓▓▓▓░░░░░░░░░░░░░░░░░░░░░░▓▓▓▓░░░░░░▓▓▓▓░░░░░░░░░░░░░░░░░░░░░░▓▓▓▓
▓▓░░░░░░▓▓▓▓▓▓░░░░░░▓▓░░░░▓▓▓▓░░░░░░▓▓▓▓░░░░▓▓░░░░░░▓▓▓▓▓▓░░░░░░▓▓
░░░░▓▓▓▓░░▓▓▓▓▓▓░░▓▓▓▓▓▓░░▓▓▓▓▓▓░░▓▓▓▓▓▓░░▓▓▓▓▓▓░░▓▓▓▓▓▓░░▓▓▓▓░░░░
██░░░░▓▓░░▓▓▓▓▓▓░░░░▓▓░░░░░░▓▓░░░░░░▓▓░░░░░░▓▓░░░░▓▓▓▓▓▓░░▓▓░░░░██
██▓▓░░░░░░░░░░▓▓▓▓░░▓▓▓▓░░░░▓▓▓▓░░▓▓▓▓░░░░▓▓▓▓░░▓▓▓▓░░░░░░░░░░▓▓██
██▓▓░░▓▓░░░░░░▓▓▓▓░░▓▓▓▓▓▓░░░░▓▓▓▓▓▓░░░░▓▓▓▓▓▓░░▓▓▓▓░░░░░░▓▓░░▓▓██
████░░▓▓▓▓░░░░░░░░▓▓▓▓▓▓▓▓░░░░▓▓▓▓▓▓░░░░▓▓▓▓▓▓▓▓░░░░░░░░▓▓▓▓░░████
██████▓▓▓▓▓▓▓▓▓▓▓▓▓▓▓▓░░▓▓▓▓░░░░░░░░░░▓▓▓▓░░12▓▓▓▓▓▓▓▓▓▓▓▓▓▓██████
████████░░▓▓▓▓░░░░░░▓▓▓▓▓▓▓▓░░░░░░░░░░▓▓▓▓▓▓▓▓░░░░░░▓▓▓▓░░████████
████████░░▓▓▓▓░░21░░▓▓▓▓▓▓░░░░▓▓▓▓▓▓░░░░▓▓▓▓▓▓░░░░░░▓▓▓▓░░████████
████████████▓▓░░░░░░▓▓░░░░░░░░▓▓▓▓▓▓░░░░░░░░▓▓░░░░░░▓▓████████████
██████████████▓▓▓▓▓▓▓▓▓▓▓▓▓▓░░░░░░░░░░▓▓▓▓▓▓▓▓▓▓▓▓▓▓██████████████
████████████████░░▓▓▓▓▓▓░░░░░░░░░░░░░░░░░░▓▓▓▓▓▓░░████████████████
██████████████████████░░░░░░░░░░▓▓░░░░░░░░░░██████████████████████
C;10;move 21 7
No command provided by bot. Falling back to default no command
GameError - Player 2, worm 1, round 10: Unknown command: No Command
=======================================
Completed round: 10 
=======================================

=======================================
Starting round: 11 
=======================================

My Player:H=350 S=172 W=2 X,Y=22,26
Player 2 :H=350 S=76

██████████████████████░░░░▓▓▓▓░░░░░░▓▓▓▓░░░░██████████████████████
████████████████░░░░░░░░▓▓▓▓░░░░░░░░░░▓▓▓▓░░░░░░░░████████████████
██████████████▓▓▓▓▓▓▓▓▓▓▓▓▓▓░░░░▓▓░░░░▓▓▓▓▓▓▓▓▓▓▓▓▓▓██████████████
████████████▓▓░░░░░░▓▓▓▓░░▓▓▓▓▓▓▓▓▓▓▓▓▓▓░░▓▓▓▓░░░░░░▓▓████████████
████████░░▓▓▓▓░░22░░▓▓▓▓░░░░▓▓▓▓▓▓▓▓▓▓░░░░▓▓▓▓░░░░░░▓▓▓▓░░████████
████████░░░░▓▓░░░░░░▓▓▓▓▓▓░░░░░░░░░░░░░░▓▓▓▓▓▓░░░░░░▓▓░░░░████████
██████▓▓░░░░▓▓▓▓▓▓▓▓▓▓▓▓▓▓░░░░░░░░░░░░░░▓▓▓▓░░▓▓▓▓▓▓▓▓░░░░▓▓██████
████▓▓▓▓░░░░░░▓▓▓▓▓▓░░░░▓▓▓▓░░░░▓▓░░░░▓▓▓▓11░░▓▓▓▓▓▓░░░░░░▓▓▓▓████
██▓▓▓▓▓▓░░░░░░▓▓▓▓▓▓░░░░▓▓▓▓▓▓░░░░░░▓▓▓▓▓▓░░░░▓▓▓▓▓▓░░░░░░▓▓▓▓▓▓██
██▓▓░░░░░░░░▓▓▓▓▓▓░░░░░░▓▓▓▓░░░░░░░░░░▓▓▓▓░░░░░░▓▓▓▓▓▓░░░░░░░░▓▓██
██░░░░░░░░▓▓▓▓▓▓░░░░▓▓▓▓▓▓░░░░░░░░░░░░░░▓▓▓▓▓▓░░░░▓▓▓▓▓▓░░░░░░░░██
░░░░░░░░▓▓▓▓▓▓▓▓░░░░▓▓▓▓▓▓░░░░░░▓▓░░░░░░▓▓▓▓▓▓░░░░▓▓▓▓▓▓▓▓░░░░░░░░
▓▓░░░░▓▓▓▓▓▓▓▓▓▓░░░░░░░░▓▓▓▓░░░░░░░░░░▓▓▓▓░░░░░░░░▓▓▓▓▓▓▓▓▓▓░░░░▓▓
░░░░▓▓░░░░▓▓▓▓░░░░░░░░▓▓▓▓░░░░░░░░░░░░░░▓▓▓▓░░░░░░░░▓▓▓▓░░░░▓▓░░░░
▓▓▓▓▓▓▓▓░░▓▓▓▓░░░░▓▓▓▓▓▓░░░░▓▓▓▓▓▓▓▓▓▓░░░░▓▓▓▓▓▓░░░░▓▓▓▓░░▓▓▓▓▓▓▓▓
░░░░░░▓▓░░▓▓░░░░░░▓▓▓▓░░░░▓▓▓▓▓▓▓▓▓▓▓▓▓▓░░░░▓▓▓▓░░░░░░▓▓░░▓▓░░░░░░
░░░░░░13▓▓▓▓▓▓▓▓░░░░▓▓▓▓▓▓╠╣▓▓░░▓▓░░▓▓╠╣▓▓▓▓▓▓░░░░▓▓▓▓▓▓▓▓▓▓░░23░░
░░░░░░▓▓▓▓▓▓▓▓▓▓▓▓▓▓▓▓░░▓▓░░░░░░▓▓░░░░░░▓▓░░▓▓▓▓▓▓▓▓▓▓▓▓▓▓▓▓░░░░░░
▓▓▓▓▓▓▓▓▓▓░░░░░░░░▓▓░░░░░░░░░░▓▓░░▓▓░░░░░░░░░░▓▓░░░░░░░░▓▓▓▓▓▓▓▓▓▓
▓▓▓▓░░░░░░░░░░░░░░░░░░░░░░▓▓▓▓░░░░░░▓▓▓▓░░░░░░░░░░░░░░░░░░░░░░▓▓▓▓
▓▓░░░░░░▓▓▓▓▓▓░░░░░░▓▓░░░░▓▓▓▓░░░░░░▓▓▓▓░░░░▓▓░░░░░░▓▓▓▓▓▓░░░░░░▓▓
░░░░▓▓▓▓░░▓▓▓▓▓▓░░▓▓▓▓▓▓░░▓▓▓▓▓▓░░▓▓▓▓▓▓░░▓▓▓▓▓▓░░▓▓▓▓▓▓░░▓▓▓▓░░░░
██░░░░▓▓░░▓▓▓▓▓▓░░░░▓▓░░░░░░▓▓░░░░░░▓▓░░░░░░▓▓░░░░▓▓▓▓▓▓░░▓▓░░░░██
██▓▓░░░░░░░░░░▓▓▓▓░░▓▓▓▓░░░░▓▓▓▓░░▓▓▓▓░░░░▓▓▓▓░░▓▓▓▓░░░░░░░░░░▓▓██
██▓▓░░▓▓░░░░░░▓▓▓▓░░▓▓▓▓▓▓░░░░▓▓▓▓▓▓░░░░▓▓▓▓▓▓░░▓▓▓▓░░░░░░▓▓░░▓▓██
████░░▓▓▓▓░░░░░░░░▓▓▓▓▓▓▓▓░░░░▓▓▓▓▓▓░░░░▓▓▓▓▓▓▓▓░░░░░░░░▓▓▓▓░░████
██████▓▓▓▓▓▓▓▓▓▓▓▓▓▓▓▓░░▓▓▓▓░░░░░░░░░░▓▓▓▓░░12▓▓▓▓▓▓▓▓▓▓▓▓▓▓██████
████████░░▓▓▓▓░░░░░░▓▓▓▓▓▓▓▓░░░░░░░░░░▓▓▓▓▓▓▓▓░░░░░░▓▓▓▓░░████████
████████░░▓▓▓▓░░21░░▓▓▓▓▓▓░░░░▓▓▓▓▓▓░░░░▓▓▓▓▓▓░░░░░░▓▓▓▓░░████████
████████████▓▓░░░░░░▓▓░░░░░░░░▓▓▓▓▓▓░░░░░░░░▓▓░░░░░░▓▓████████████
██████████████▓▓▓▓▓▓▓▓▓▓▓▓▓▓░░░░░░░░░░▓▓▓▓▓▓▓▓▓▓▓▓▓▓██████████████
████████████████░░▓▓▓▓▓▓░░░░░░░░░░░░░░░░░░▓▓▓▓▓▓░░████████████████
██████████████████████░░░░░░░░░░▓▓░░░░░░░░░░██████████████████████
C;11;dig 21 25
No command provided by bot. Falling back to default no command
GameError - Player 2, worm 2, round 11: Unknown command: No Command
=======================================
Completed round: 11 
=======================================

=======================================
Starting round: 12 
=======================================

My Player:H=350 S=179 W=3 X,Y=3,16
Player 2 :H=350 S=72

██████████████████████░░░░▓▓▓▓░░░░░░▓▓▓▓░░░░██████████████████████
████████████████░░░░░░░░▓▓▓▓░░░░░░░░░░▓▓▓▓░░░░░░░░████████████████
██████████████▓▓▓▓▓▓▓▓▓▓▓▓▓▓░░░░▓▓░░░░▓▓▓▓▓▓▓▓▓▓▓▓▓▓██████████████
████████████▓▓░░░░░░▓▓▓▓░░▓▓▓▓▓▓▓▓▓▓▓▓▓▓░░▓▓▓▓░░░░░░▓▓████████████
████████░░▓▓▓▓░░22░░▓▓▓▓░░░░▓▓▓▓▓▓▓▓▓▓░░░░▓▓▓▓░░░░░░▓▓▓▓░░████████
████████░░░░▓▓░░░░░░▓▓▓▓▓▓░░░░░░░░░░░░░░▓▓▓▓▓▓░░░░░░▓▓░░░░████████
██████▓▓░░░░▓▓▓▓▓▓▓▓▓▓▓▓▓▓░░░░░░░░░░░░░░▓▓▓▓░░▓▓▓▓▓▓▓▓░░░░▓▓██████
████▓▓▓▓░░░░░░▓▓▓▓▓▓░░░░▓▓▓▓░░░░▓▓░░░░▓▓▓▓11░░▓▓▓▓▓▓░░░░░░▓▓▓▓████
██▓▓▓▓▓▓░░░░░░▓▓▓▓▓▓░░░░▓▓▓▓▓▓░░░░░░▓▓▓▓▓▓░░░░▓▓▓▓▓▓░░░░░░▓▓▓▓▓▓██
██▓▓░░░░░░░░▓▓▓▓▓▓░░░░░░▓▓▓▓░░░░░░░░░░▓▓▓▓░░░░░░▓▓▓▓▓▓░░░░░░░░▓▓██
██░░░░░░░░▓▓▓▓▓▓░░░░▓▓▓▓▓▓░░░░░░░░░░░░░░▓▓▓▓▓▓░░░░▓▓▓▓▓▓░░░░░░░░██
░░░░░░░░▓▓▓▓▓▓▓▓░░░░▓▓▓▓▓▓░░░░░░▓▓░░░░░░▓▓▓▓▓▓░░░░▓▓▓▓▓▓▓▓░░░░░░░░
▓▓░░░░▓▓▓▓▓▓▓▓▓▓░░░░░░░░▓▓▓▓░░░░░░░░░░▓▓▓▓░░░░░░░░▓▓▓▓▓▓▓▓▓▓░░░░▓▓
░░░░▓▓░░░░▓▓▓▓░░░░░░░░▓▓▓▓░░░░░░░░░░░░░░▓▓▓▓░░░░░░░░▓▓▓▓░░░░▓▓░░░░
▓▓▓▓▓▓▓▓░░▓▓▓▓░░░░▓▓▓▓▓▓░░░░▓▓▓▓▓▓▓▓▓▓░░░░▓▓▓▓▓▓░░░░▓▓▓▓░░▓▓▓▓▓▓▓▓
░░░░░░▓▓░░▓▓░░░░░░▓▓▓▓░░░░▓▓▓▓▓▓▓▓▓▓▓▓▓▓░░░░▓▓▓▓░░░░░░▓▓░░▓▓░░░░░░
░░░░░░13▓▓▓▓▓▓▓▓░░░░▓▓▓▓▓▓╠╣▓▓░░▓▓░░▓▓╠╣▓▓▓▓▓▓░░░░▓▓▓▓▓▓▓▓▓▓░░23░░
░░░░░░▓▓▓▓▓▓▓▓▓▓▓▓▓▓▓▓░░▓▓░░░░░░▓▓░░░░░░▓▓░░▓▓▓▓▓▓▓▓▓▓▓▓▓▓▓▓░░░░░░
▓▓▓▓▓▓▓▓▓▓░░░░░░░░▓▓░░░░░░░░░░▓▓░░▓▓░░░░░░░░░░▓▓░░░░░░░░▓▓▓▓▓▓▓▓▓▓
▓▓▓▓░░░░░░░░░░░░░░░░░░░░░░▓▓▓▓░░░░░░▓▓▓▓░░░░░░░░░░░░░░░░░░░░░░▓▓▓▓
▓▓░░░░░░▓▓▓▓▓▓░░░░░░▓▓░░░░▓▓▓▓░░░░░░▓▓▓▓░░░░▓▓░░░░░░▓▓▓▓▓▓░░░░░░▓▓
░░░░▓▓▓▓░░▓▓▓▓▓▓░░▓▓▓▓▓▓░░▓▓▓▓▓▓░░▓▓▓▓▓▓░░▓▓▓▓▓▓░░▓▓▓▓▓▓░░▓▓▓▓░░░░
██░░░░▓▓░░▓▓▓▓▓▓░░░░▓▓░░░░░░▓▓░░░░░░▓▓░░░░░░▓▓░░░░▓▓▓▓▓▓░░▓▓░░░░██
██▓▓░░░░░░░░░░▓▓▓▓░░▓▓▓▓░░░░▓▓▓▓░░▓▓▓▓░░░░▓▓▓▓░░▓▓▓▓░░░░░░░░░░▓▓██
██▓▓░░▓▓░░░░░░▓▓▓▓░░▓▓▓▓▓▓░░░░▓▓▓▓▓▓░░░░▓▓▓▓▓▓░░▓▓▓▓░░░░░░▓▓░░▓▓██
████░░▓▓▓▓░░░░░░░░▓▓▓▓▓▓▓▓░░░░▓▓▓▓▓▓░░░░▓▓░░▓▓▓▓░░░░░░░░▓▓▓▓░░████
██████▓▓▓▓▓▓▓▓▓▓▓▓▓▓▓▓░░▓▓▓▓░░░░░░░░░░▓▓▓▓░░12▓▓▓▓▓▓▓▓▓▓▓▓▓▓██████
████████░░▓▓▓▓░░░░░░▓▓▓▓▓▓▓▓░░░░░░░░░░▓▓▓▓▓▓▓▓░░░░░░▓▓▓▓░░████████
████████░░▓▓▓▓░░21░░▓▓▓▓▓▓░░░░▓▓▓▓▓▓░░░░▓▓▓▓▓▓░░░░░░▓▓▓▓░░████████
████████████▓▓░░░░░░▓▓░░░░░░░░▓▓▓▓▓▓░░░░░░░░▓▓░░░░░░▓▓████████████
██████████████▓▓▓▓▓▓▓▓▓▓▓▓▓▓░░░░░░░░░░▓▓▓▓▓▓▓▓▓▓▓▓▓▓██████████████
████████████████░░▓▓▓▓▓▓░░░░░░░░░░░░░░░░░░▓▓▓▓▓▓░░████████████████
██████████████████████░░░░░░░░░░▓▓░░░░░░░░░░██████████████████████
C;12;dig 4 16
No command provided by bot. Falling back to default no command
GameError - Player 2, worm 3, round 12: Unknown command: No Command
=======================================
Completed round: 12 
=======================================

=======================================
Starting round: 13 
=======================================

My Player:H=350 S=186 W=1 X,Y=21,7
Player 2 :H=350 S=68

██████████████████████░░░░▓▓▓▓░░░░░░▓▓▓▓░░░░██████████████████████
████████████████░░░░░░░░▓▓▓▓░░░░░░░░░░▓▓▓▓░░░░░░░░████████████████
██████████████▓▓▓▓▓▓▓▓▓▓▓▓▓▓░░░░▓▓░░░░▓▓▓▓▓▓▓▓▓▓▓▓▓▓██████████████
████████████▓▓░░░░░░▓▓▓▓░░▓▓▓▓▓▓▓▓▓▓▓▓▓▓░░▓▓▓▓░░░░░░▓▓████████████
████████░░▓▓▓▓░░22░░▓▓▓▓░░░░▓▓▓▓▓▓▓▓▓▓░░░░▓▓▓▓░░░░░░▓▓▓▓░░████████
████████░░░░▓▓░░░░░░▓▓▓▓▓▓░░░░░░░░░░░░░░▓▓▓▓▓▓░░░░░░▓▓░░░░████████
██████▓▓░░░░▓▓▓▓▓▓▓▓▓▓▓▓▓▓░░░░░░░░░░░░░░▓▓▓▓░░▓▓▓▓▓▓▓▓░░░░▓▓██████
████▓▓▓▓░░░░░░▓▓▓▓▓▓░░░░▓▓▓▓░░░░▓▓░░░░▓▓▓▓11░░▓▓▓▓▓▓░░░░░░▓▓▓▓████
██▓▓▓▓▓▓░░░░░░▓▓▓▓▓▓░░░░▓▓▓▓▓▓░░░░░░▓▓▓▓▓▓░░░░▓▓▓▓▓▓░░░░░░▓▓▓▓▓▓██
██▓▓░░░░░░░░▓▓▓▓▓▓░░░░░░▓▓▓▓░░░░░░░░░░▓▓▓▓░░░░░░▓▓▓▓▓▓░░░░░░░░▓▓██
██░░░░░░░░▓▓▓▓▓▓░░░░▓▓▓▓▓▓░░░░░░░░░░░░░░▓▓▓▓▓▓░░░░▓▓▓▓▓▓░░░░░░░░██
░░░░░░░░▓▓▓▓▓▓▓▓░░░░▓▓▓▓▓▓░░░░░░▓▓░░░░░░▓▓▓▓▓▓░░░░▓▓▓▓▓▓▓▓░░░░░░░░
▓▓░░░░▓▓▓▓▓▓▓▓▓▓░░░░░░░░▓▓▓▓░░░░░░░░░░▓▓▓▓░░░░░░░░▓▓▓▓▓▓▓▓▓▓░░░░▓▓
░░░░▓▓░░░░▓▓▓▓░░░░░░░░▓▓▓▓░░░░░░░░░░░░░░▓▓▓▓░░░░░░░░▓▓▓▓░░░░▓▓░░░░
▓▓▓▓▓▓▓▓░░▓▓▓▓░░░░▓▓▓▓▓▓░░░░▓▓▓▓▓▓▓▓▓▓░░░░▓▓▓▓▓▓░░░░▓▓▓▓░░▓▓▓▓▓▓▓▓
░░░░░░▓▓░░▓▓░░░░░░▓▓▓▓░░░░▓▓▓▓▓▓▓▓▓▓▓▓▓▓░░░░▓▓▓▓░░░░░░▓▓░░▓▓░░░░░░
░░░░░░13░░▓▓▓▓▓▓░░░░▓▓▓▓▓▓╠╣▓▓░░▓▓░░▓▓╠╣▓▓▓▓▓▓░░░░▓▓▓▓▓▓▓▓▓▓░░23░░
░░░░░░▓▓▓▓▓▓▓▓▓▓▓▓▓▓▓▓░░▓▓░░░░░░▓▓░░░░░░▓▓░░▓▓▓▓▓▓▓▓▓▓▓▓▓▓▓▓░░░░░░
▓▓▓▓▓▓▓▓▓▓░░░░░░░░▓▓░░░░░░░░░░▓▓░░▓▓░░░░░░░░░░▓▓░░░░░░░░▓▓▓▓▓▓▓▓▓▓
▓▓▓▓░░░░░░░░░░░░░░░░░░░░░░▓▓▓▓░░░░░░▓▓▓▓░░░░░░░░░░░░░░░░░░░░░░▓▓▓▓
▓▓░░░░░░▓▓▓▓▓▓░░░░░░▓▓░░░░▓▓▓▓░░░░░░▓▓▓▓░░░░▓▓░░░░░░▓▓▓▓▓▓░░░░░░▓▓
░░░░▓▓▓▓░░▓▓▓▓▓▓░░▓▓▓▓▓▓░░▓▓▓▓▓▓░░▓▓▓▓▓▓░░▓▓▓▓▓▓░░▓▓▓▓▓▓░░▓▓▓▓░░░░
██░░░░▓▓░░▓▓▓▓▓▓░░░░▓▓░░░░░░▓▓░░░░░░▓▓░░░░░░▓▓░░░░▓▓▓▓▓▓░░▓▓░░░░██
██▓▓░░░░░░░░░░▓▓▓▓░░▓▓▓▓░░░░▓▓▓▓░░▓▓▓▓░░░░▓▓▓▓░░▓▓▓▓░░░░░░░░░░▓▓██
██▓▓░░▓▓░░░░░░▓▓▓▓░░▓▓▓▓▓▓░░░░▓▓▓▓▓▓░░░░▓▓▓▓▓▓░░▓▓▓▓░░░░░░▓▓░░▓▓██
████░░▓▓▓▓░░░░░░░░▓▓▓▓▓▓▓▓░░░░▓▓▓▓▓▓░░░░▓▓░░▓▓▓▓░░░░░░░░▓▓▓▓░░████
██████▓▓▓▓▓▓▓▓▓▓▓▓▓▓▓▓░░▓▓▓▓░░░░░░░░░░▓▓▓▓░░12▓▓▓▓▓▓▓▓▓▓▓▓▓▓██████
████████░░▓▓▓▓░░░░░░▓▓▓▓▓▓▓▓░░░░░░░░░░▓▓▓▓▓▓▓▓░░░░░░▓▓▓▓░░████████
████████░░▓▓▓▓░░21░░▓▓▓▓▓▓░░░░▓▓▓▓▓▓░░░░▓▓▓▓▓▓░░░░░░▓▓▓▓░░████████
████████████▓▓░░░░░░▓▓░░░░░░░░▓▓▓▓▓▓░░░░░░░░▓▓░░░░░░▓▓████████████
██████████████▓▓▓▓▓▓▓▓▓▓▓▓▓▓░░░░░░░░░░▓▓▓▓▓▓▓▓▓▓▓▓▓▓██████████████
████████████████░░▓▓▓▓▓▓░░░░░░░░░░░░░░░░░░▓▓▓▓▓▓░░████████████████
██████████████████████░░░░░░░░░░▓▓░░░░░░░░░░██████████████████████
C;13;dig 20 8
No command provided by bot. Falling back to default no command
GameError - Player 2, worm 1, round 13: Unknown command: No Command
=======================================
Completed round: 13 
=======================================

Check if match is valid
=======================================
The winner is: A - Reference Bot
=======================================
